Calling target program-options parser
[17:56:30.689] [bmv2] [D] [thread 53257] Set default default entry for table 'ingress.ipv4_lpm': _drop - 
[17:56:30.689] [bmv2] [D] [thread 53257] Set default default entry for table 'ingress.ipv4_lpm2': _drop - 
[17:56:30.689] [bmv2] [D] [thread 53257] Set default default entry for table 'tbl_srcRoute_finish': ingress.srcRoute_finish - 
[17:56:30.689] [bmv2] [D] [thread 53257] Set default default entry for table 'tbl_srcRoute_nhop': ingress.srcRoute_nhop - 
[17:56:30.689] [bmv2] [D] [thread 53257] Set default default entry for table 'tbl_update_ttl': ingress.update_ttl - 
[17:56:30.689] [bmv2] [D] [thread 53257] Set default default entry for table 'tbl__drop': _drop - 
[17:56:30.689] [bmv2] [D] [thread 53257] Set default default entry for table 'egress.ipv4_final': NoAction - 
Adding interface s2-eth1 as port 1
[17:56:30.689] [bmv2] [D] [thread 53257] Adding interface s2-eth1 as port 1
Adding interface s2-eth2 as port 2
[17:56:30.716] [bmv2] [D] [thread 53257] Adding interface s2-eth2 as port 2
[17:56:30.748] [bmv2] [I] [thread 53257] Starting Thrift server on port 9091
[17:56:30.748] [bmv2] [I] [thread 53257] Thrift server was started
[17:56:30.868] [bmv2] [T] [thread 53304] bm_get_config
[17:56:30.869] [bmv2] [T] [thread 53304] bm_table_add_entry
[17:56:30.869] [bmv2] [D] [thread 53304] Entry 0 added to table 'ingress.ipv4_lpm'
[17:56:30.869] [bmv2] [D] [thread 53304] Dumping entry 0
Match key:
* hdr.ipv4.dstAddr    : LPM       0a000101/32
Action entry: ingress.AddHeader - 1,1,

[17:56:30.870] [bmv2] [T] [thread 53304] bm_table_add_entry
[17:56:30.870] [bmv2] [D] [thread 53304] Entry 0 added to table 'ingress.ipv4_lpm2'
[17:56:30.870] [bmv2] [D] [thread 53304] Dumping entry 0
Match key:
* hdr.ipv4.dstAddr    : LPM       0a000101/32
Action entry: ingress.AddHeader2 - 2,0,

[17:56:30.870] [bmv2] [T] [thread 53304] bm_table_add_entry
[17:56:30.870] [bmv2] [D] [thread 53304] Entry 0 added to table 'egress.ipv4_final'
[17:56:30.870] [bmv2] [D] [thread 53304] Dumping entry 0
Match key:
* hdr.ipv4.dstAddr    : LPM       0a000201/32
Action entry: egress.dmac - a000201,

[17:56:32.489] [bmv2] [D] [thread 53263] [0.0] [cxt 0] Processing packet received on port 2
[17:56:32.489] [bmv2] [D] [thread 53263] [0.0] [cxt 0] Parser 'parser': start
[17:56:32.489] [bmv2] [D] [thread 53263] [0.0] [cxt 0] Parser 'parser' entering state 'start'
[17:56:32.489] [bmv2] [D] [thread 53263] [0.0] [cxt 0] Extracting header 'ethernet'
[17:56:32.489] [bmv2] [D] [thread 53263] [0.0] [cxt 0] Parser state 'start': key is 1234
[17:56:32.489] [bmv2] [T] [thread 53263] [0.0] [cxt 0] Bytes parsed: 14
[17:56:32.489] [bmv2] [D] [thread 53263] [0.0] [cxt 0] Parser 'parser' entering state 'parse_srcRouting'
[17:56:32.489] [bmv2] [D] [thread 53263] [0.0] [cxt 0] Extracting to header stack 0, next header is 4
[17:56:32.489] [bmv2] [D] [thread 53263] [0.0] [cxt 0] Parser state 'parse_srcRouting': key is 01
[17:56:32.489] [bmv2] [T] [thread 53263] [0.0] [cxt 0] Bytes parsed: 16
[17:56:32.489] [bmv2] [D] [thread 53263] [0.0] [cxt 0] Parser 'parser' entering state 'parse_ipv4'
[17:56:32.489] [bmv2] [D] [thread 53263] [0.0] [cxt 0] Extracting header 'ipv4'
[17:56:32.489] [bmv2] [D] [thread 53263] [0.0] [cxt 0] Parser state 'parse_ipv4' has no switch, going to default next state
[17:56:32.489] [bmv2] [T] [thread 53263] [0.0] [cxt 0] Bytes parsed: 36
[17:56:32.489] [bmv2] [D] [thread 53263] [0.0] [cxt 0] Checksum 'cksum_0': computed 0xe0a9 - actual 0xe0a9
[17:56:32.489] [bmv2] [D] [thread 53263] [0.0] [cxt 0] Verified checksum 'cksum_0': passed
[17:56:32.489] [bmv2] [D] [thread 53263] [0.0] [cxt 0] Parser 'parser': end
[17:56:32.489] [bmv2] [D] [thread 53263] [0.0] [cxt 0] Pipeline 'ingress': start
[17:56:32.489] [bmv2] [T] [thread 53263] [0.0] [cxt 0] /home/parallels/Desktop/minicode/p4-10-srcRouting/srcRoute.p4(159) Condition "hdr.ethernet.etherType == TYPE_IPV4" (node_2) is false
[17:56:32.489] [bmv2] [T] [thread 53263] [0.0] [cxt 0] /home/parallels/Desktop/minicode/p4-10-srcRouting/srcRoute.p4(164) Condition "hdr.srcRoutes[0].isValid()" (node_5) is true
[17:56:32.489] [bmv2] [T] [thread 53263] [0.0] [cxt 0] /home/parallels/Desktop/minicode/p4-10-srcRouting/srcRoute.p4(165) Condition "hdr.srcRoutes[0].bos == 1" (node_6) is true
[17:56:32.489] [bmv2] [T] [thread 53263] [0.0] [cxt 0] Applying table 'tbl_srcRoute_finish'
[17:56:32.489] [bmv2] [D] [thread 53263] [0.0] [cxt 0] Looking up key:

[17:56:32.489] [bmv2] [D] [thread 53263] [0.0] [cxt 0] Table 'tbl_srcRoute_finish': miss
[17:56:32.489] [bmv2] [D] [thread 53263] [0.0] [cxt 0] Action entry is ingress.srcRoute_finish - 
[17:56:32.489] [bmv2] [T] [thread 53263] [0.0] [cxt 0] Action ingress.srcRoute_finish
[17:56:32.489] [bmv2] [T] [thread 53263] [0.0] [cxt 0] /home/parallels/Desktop/minicode/p4-10-srcRouting/srcRoute.p4(5) Primitive 0x800; ...
[17:56:32.489] [bmv2] [T] [thread 53263] [0.0] [cxt 0] Applying table 'tbl_srcRoute_nhop'
[17:56:32.489] [bmv2] [D] [thread 53263] [0.0] [cxt 0] Looking up key:

[17:56:32.489] [bmv2] [D] [thread 53263] [0.0] [cxt 0] Table 'tbl_srcRoute_nhop': miss
[17:56:32.489] [bmv2] [D] [thread 53263] [0.0] [cxt 0] Action entry is ingress.srcRoute_nhop - 
[17:56:32.489] [bmv2] [T] [thread 53263] [0.0] [cxt 0] Action ingress.srcRoute_nhop
[17:56:32.489] [bmv2] [T] [thread 53263] [0.0] [cxt 0] /home/parallels/Desktop/minicode/p4-10-srcRouting/srcRoute.p4(106) Primitive standard_metadata.egress_spec = (bit<9>) hdr.srcRoutes[0].port
[17:56:32.489] [bmv2] [T] [thread 53263] [0.0] [cxt 0] /home/parallels/Desktop/minicode/p4-10-srcRouting/srcRoute.p4(107) Primitive hdr.srcRoutes.pop_front(1)
[17:56:32.489] [bmv2] [T] [thread 53263] [0.0] [cxt 0] /home/parallels/Desktop/minicode/p4-10-srcRouting/srcRoute.p4(169) Condition "hdr.ipv4.isValid()" (node_9) is true
[17:56:32.489] [bmv2] [T] [thread 53263] [0.0] [cxt 0] Applying table 'tbl_update_ttl'
[17:56:32.489] [bmv2] [D] [thread 53263] [0.0] [cxt 0] Looking up key:

[17:56:32.489] [bmv2] [D] [thread 53263] [0.0] [cxt 0] Table 'tbl_update_ttl': miss
[17:56:32.489] [bmv2] [D] [thread 53263] [0.0] [cxt 0] Action entry is ingress.update_ttl - 
[17:56:32.489] [bmv2] [T] [thread 53263] [0.0] [cxt 0] Action ingress.update_ttl
[17:56:32.489] [bmv2] [T] [thread 53263] [0.0] [cxt 0] /home/parallels/Desktop/minicode/p4-10-srcRouting/srcRoute.p4(115) Primitive hdr.ipv4.ttl = hdr.ipv4.ttl - 1
[17:56:32.489] [bmv2] [D] [thread 53263] [0.0] [cxt 0] Pipeline 'ingress': end
[17:56:32.489] [bmv2] [D] [thread 53263] [0.0] [cxt 0] Egress port is 1
[17:56:32.489] [bmv2] [D] [thread 53265] [0.0] [cxt 0] Pipeline 'egress': start
[17:56:32.489] [bmv2] [T] [thread 53265] [0.0] [cxt 0] Applying table 'egress.ipv4_final'
[17:56:32.489] [bmv2] [D] [thread 53265] [0.0] [cxt 0] Looking up key:
* hdr.ipv4.dstAddr    : 0a000201

[17:56:32.489] [bmv2] [D] [thread 53265] [0.0] [cxt 0] Table 'egress.ipv4_final': hit with handle 0
[17:56:32.489] [bmv2] [D] [thread 53265] [0.0] [cxt 0] Dumping entry 0
Match key:
* hdr.ipv4.dstAddr    : LPM       0a000201/32
Action entry: egress.dmac - a000201,

[17:56:32.489] [bmv2] [D] [thread 53265] [0.0] [cxt 0] Action entry is egress.dmac - a000201,
[17:56:32.489] [bmv2] [T] [thread 53265] [0.0] [cxt 0] Action egress.dmac
[17:56:32.489] [bmv2] [T] [thread 53265] [0.0] [cxt 0] /home/parallels/Desktop/minicode/p4-10-srcRouting/srcRoute.p4(81) Primitive hdr.ethernet.dstAddr = dstAddr
[17:56:32.489] [bmv2] [D] [thread 53265] [0.0] [cxt 0] Pipeline 'egress': end
[17:56:32.489] [bmv2] [D] [thread 53265] [0.0] [cxt 0] Deparser 'deparser': start
[17:56:32.489] [bmv2] [D] [thread 53265] [0.0] [cxt 0] Updating checksum 'cksum'
[17:56:32.489] [bmv2] [D] [thread 53265] [0.0] [cxt 0] Deparsing header 'ethernet'
[17:56:32.489] [bmv2] [D] [thread 53265] [0.0] [cxt 0] Deparsing header 'ipv4'
[17:56:32.490] [bmv2] [D] [thread 53265] [0.0] [cxt 0] Deparser 'deparser': end
[17:56:32.490] [bmv2] [D] [thread 53268] [0.0] [cxt 0] Transmitting packet of size 98 out of port 1
[17:56:32.490] [bmv2] [D] [thread 53263] [1.0] [cxt 0] Processing packet received on port 1
[17:56:32.490] [bmv2] [D] [thread 53263] [1.0] [cxt 0] Parser 'parser': start
[17:56:32.490] [bmv2] [D] [thread 53263] [1.0] [cxt 0] Parser 'parser' entering state 'start'
[17:56:32.490] [bmv2] [D] [thread 53263] [1.0] [cxt 0] Extracting header 'ethernet'
[17:56:32.490] [bmv2] [D] [thread 53263] [1.0] [cxt 0] Parser state 'start': key is 0800
[17:56:32.490] [bmv2] [T] [thread 53263] [1.0] [cxt 0] Bytes parsed: 14
[17:56:32.490] [bmv2] [D] [thread 53263] [1.0] [cxt 0] Parser 'parser' entering state 'parse_ipv4'
[17:56:32.490] [bmv2] [D] [thread 53263] [1.0] [cxt 0] Extracting header 'ipv4'
[17:56:32.490] [bmv2] [D] [thread 53263] [1.0] [cxt 0] Parser state 'parse_ipv4' has no switch, going to default next state
[17:56:32.490] [bmv2] [T] [thread 53263] [1.0] [cxt 0] Bytes parsed: 34
[17:56:32.490] [bmv2] [D] [thread 53263] [1.0] [cxt 0] Checksum 'cksum_0': computed 0x8245 - actual 0x8245
[17:56:32.490] [bmv2] [D] [thread 53263] [1.0] [cxt 0] Verified checksum 'cksum_0': passed
[17:56:32.490] [bmv2] [D] [thread 53263] [1.0] [cxt 0] Parser 'parser': end
[17:56:32.490] [bmv2] [D] [thread 53263] [1.0] [cxt 0] Pipeline 'ingress': start
[17:56:32.490] [bmv2] [T] [thread 53263] [1.0] [cxt 0] /home/parallels/Desktop/minicode/p4-10-srcRouting/srcRoute.p4(159) Condition "hdr.ethernet.etherType == TYPE_IPV4" (node_2) is true
[17:56:32.490] [bmv2] [T] [thread 53263] [1.0] [cxt 0] Applying table 'ingress.ipv4_lpm'
[17:56:32.490] [bmv2] [D] [thread 53263] [1.0] [cxt 0] Looking up key:
* hdr.ipv4.dstAddr    : 0a000101

[17:56:32.490] [bmv2] [D] [thread 53263] [1.0] [cxt 0] Table 'ingress.ipv4_lpm': hit with handle 0
[17:56:32.490] [bmv2] [D] [thread 53263] [1.0] [cxt 0] Dumping entry 0
Match key:
* hdr.ipv4.dstAddr    : LPM       0a000101/32
Action entry: ingress.AddHeader - 1,1,

[17:56:32.490] [bmv2] [D] [thread 53263] [1.0] [cxt 0] Action entry is ingress.AddHeader - 1,1,
[17:56:32.490] [bmv2] [T] [thread 53263] [1.0] [cxt 0] Action ingress.AddHeader
[17:56:32.490] [bmv2] [T] [thread 53263] [1.0] [cxt 0] /home/parallels/Desktop/minicode/p4-10-srcRouting/srcRoute.p4(6) Primitive 0x1234; ...
[17:56:32.490] [bmv2] [T] [thread 53263] [1.0] [cxt 0] /home/parallels/Desktop/minicode/p4-10-srcRouting/srcRoute.p4(120) Primitive hdr.srcRoutes.push_front(1)
[17:56:32.490] [bmv2] [T] [thread 53263] [1.0] [cxt 0] /home/parallels/Desktop/minicode/p4-10-srcRouting/srcRoute.p4(121) Primitive hdr.srcRoutes[0].setValid()
[17:56:32.490] [bmv2] [T] [thread 53263] [1.0] [cxt 0] /home/parallels/Desktop/minicode/p4-10-srcRouting/srcRoute.p4(122) Primitive hdr.srcRoutes[0].port = port
[17:56:32.490] [bmv2] [T] [thread 53263] [1.0] [cxt 0] /home/parallels/Desktop/minicode/p4-10-srcRouting/srcRoute.p4(123) Primitive hdr.srcRoutes[0].bos = flag
[17:56:32.490] [bmv2] [T] [thread 53263] [1.0] [cxt 0] Applying table 'ingress.ipv4_lpm2'
[17:56:32.490] [bmv2] [D] [thread 53263] [1.0] [cxt 0] Looking up key:
* hdr.ipv4.dstAddr    : 0a000101

[17:56:32.490] [bmv2] [D] [thread 53263] [1.0] [cxt 0] Table 'ingress.ipv4_lpm2': hit with handle 0
[17:56:32.490] [bmv2] [D] [thread 53263] [1.0] [cxt 0] Dumping entry 0
Match key:
* hdr.ipv4.dstAddr    : LPM       0a000101/32
Action entry: ingress.AddHeader2 - 2,0,

[17:56:32.490] [bmv2] [D] [thread 53263] [1.0] [cxt 0] Action entry is ingress.AddHeader2 - 2,0,
[17:56:32.490] [bmv2] [T] [thread 53263] [1.0] [cxt 0] Action ingress.AddHeader2
[17:56:32.490] [bmv2] [T] [thread 53263] [1.0] [cxt 0] /home/parallels/Desktop/minicode/p4-10-srcRouting/srcRoute.p4(127) Primitive hdr.srcRoutes.push_front(1)
[17:56:32.490] [bmv2] [T] [thread 53263] [1.0] [cxt 0] /home/parallels/Desktop/minicode/p4-10-srcRouting/srcRoute.p4(128) Primitive hdr.srcRoutes[0].setValid()
[17:56:32.490] [bmv2] [T] [thread 53263] [1.0] [cxt 0] /home/parallels/Desktop/minicode/p4-10-srcRouting/srcRoute.p4(129) Primitive hdr.srcRoutes[0].port = port
[17:56:32.490] [bmv2] [T] [thread 53263] [1.0] [cxt 0] /home/parallels/Desktop/minicode/p4-10-srcRouting/srcRoute.p4(130) Primitive hdr.srcRoutes[0].bos = flag
[17:56:32.490] [bmv2] [T] [thread 53263] [1.0] [cxt 0] /home/parallels/Desktop/minicode/p4-10-srcRouting/srcRoute.p4(164) Condition "hdr.srcRoutes[0].isValid()" (node_5) is true
[17:56:32.490] [bmv2] [T] [thread 53263] [1.0] [cxt 0] /home/parallels/Desktop/minicode/p4-10-srcRouting/srcRoute.p4(165) Condition "hdr.srcRoutes[0].bos == 1" (node_6) is false
[17:56:32.490] [bmv2] [T] [thread 53263] [1.0] [cxt 0] Applying table 'tbl_srcRoute_nhop'
[17:56:32.490] [bmv2] [D] [thread 53263] [1.0] [cxt 0] Looking up key:

[17:56:32.490] [bmv2] [D] [thread 53263] [1.0] [cxt 0] Table 'tbl_srcRoute_nhop': miss
[17:56:32.490] [bmv2] [D] [thread 53263] [1.0] [cxt 0] Action entry is ingress.srcRoute_nhop - 
[17:56:32.490] [bmv2] [T] [thread 53263] [1.0] [cxt 0] Action ingress.srcRoute_nhop
[17:56:32.490] [bmv2] [T] [thread 53263] [1.0] [cxt 0] /home/parallels/Desktop/minicode/p4-10-srcRouting/srcRoute.p4(106) Primitive standard_metadata.egress_spec = (bit<9>) hdr.srcRoutes[0].port
[17:56:32.490] [bmv2] [T] [thread 53263] [1.0] [cxt 0] /home/parallels/Desktop/minicode/p4-10-srcRouting/srcRoute.p4(107) Primitive hdr.srcRoutes.pop_front(1)
[17:56:32.490] [bmv2] [T] [thread 53263] [1.0] [cxt 0] /home/parallels/Desktop/minicode/p4-10-srcRouting/srcRoute.p4(169) Condition "hdr.ipv4.isValid()" (node_9) is true
[17:56:32.490] [bmv2] [T] [thread 53263] [1.0] [cxt 0] Applying table 'tbl_update_ttl'
[17:56:32.490] [bmv2] [D] [thread 53263] [1.0] [cxt 0] Looking up key:

[17:56:32.490] [bmv2] [D] [thread 53263] [1.0] [cxt 0] Table 'tbl_update_ttl': miss
[17:56:32.490] [bmv2] [D] [thread 53263] [1.0] [cxt 0] Action entry is ingress.update_ttl - 
[17:56:32.490] [bmv2] [T] [thread 53263] [1.0] [cxt 0] Action ingress.update_ttl
[17:56:32.490] [bmv2] [T] [thread 53263] [1.0] [cxt 0] /home/parallels/Desktop/minicode/p4-10-srcRouting/srcRoute.p4(115) Primitive hdr.ipv4.ttl = hdr.ipv4.ttl - 1
[17:56:32.490] [bmv2] [D] [thread 53263] [1.0] [cxt 0] Pipeline 'ingress': end
[17:56:32.490] [bmv2] [D] [thread 53263] [1.0] [cxt 0] Egress port is 2
[17:56:32.490] [bmv2] [D] [thread 53266] [1.0] [cxt 0] Pipeline 'egress': start
[17:56:32.490] [bmv2] [T] [thread 53266] [1.0] [cxt 0] Applying table 'egress.ipv4_final'
[17:56:32.490] [bmv2] [D] [thread 53266] [1.0] [cxt 0] Looking up key:
* hdr.ipv4.dstAddr    : 0a000101

[17:56:32.490] [bmv2] [D] [thread 53266] [1.0] [cxt 0] Table 'egress.ipv4_final': miss
[17:56:32.490] [bmv2] [D] [thread 53266] [1.0] [cxt 0] Action entry is NoAction - 
[17:56:32.490] [bmv2] [T] [thread 53266] [1.0] [cxt 0] Action NoAction
[17:56:32.490] [bmv2] [D] [thread 53266] [1.0] [cxt 0] Pipeline 'egress': end
[17:56:32.490] [bmv2] [D] [thread 53266] [1.0] [cxt 0] Deparser 'deparser': start
[17:56:32.490] [bmv2] [D] [thread 53266] [1.0] [cxt 0] Updating checksum 'cksum'
[17:56:32.490] [bmv2] [D] [thread 53266] [1.0] [cxt 0] Deparsing header 'ethernet'
[17:56:32.490] [bmv2] [D] [thread 53266] [1.0] [cxt 0] Deparsing header 'srcRoutes[0]'
[17:56:32.490] [bmv2] [D] [thread 53266] [1.0] [cxt 0] Deparsing header 'ipv4'
[17:56:32.490] [bmv2] [D] [thread 53266] [1.0] [cxt 0] Deparser 'deparser': end
[17:56:32.490] [bmv2] [D] [thread 53268] [1.0] [cxt 0] Transmitting packet of size 100 out of port 2
[17:56:33.493] [bmv2] [D] [thread 53263] [2.0] [cxt 0] Processing packet received on port 2
[17:56:33.493] [bmv2] [D] [thread 53263] [2.0] [cxt 0] Parser 'parser': start
[17:56:33.493] [bmv2] [D] [thread 53263] [2.0] [cxt 0] Parser 'parser' entering state 'start'
[17:56:33.493] [bmv2] [D] [thread 53263] [2.0] [cxt 0] Extracting header 'ethernet'
[17:56:33.493] [bmv2] [D] [thread 53263] [2.0] [cxt 0] Parser state 'start': key is 1234
[17:56:33.493] [bmv2] [T] [thread 53263] [2.0] [cxt 0] Bytes parsed: 14
[17:56:33.493] [bmv2] [D] [thread 53263] [2.0] [cxt 0] Parser 'parser' entering state 'parse_srcRouting'
[17:56:33.493] [bmv2] [D] [thread 53263] [2.0] [cxt 0] Extracting to header stack 0, next header is 4
[17:56:33.493] [bmv2] [D] [thread 53263] [2.0] [cxt 0] Parser state 'parse_srcRouting': key is 01
[17:56:33.493] [bmv2] [T] [thread 53263] [2.0] [cxt 0] Bytes parsed: 16
[17:56:33.493] [bmv2] [D] [thread 53263] [2.0] [cxt 0] Parser 'parser' entering state 'parse_ipv4'
[17:56:33.493] [bmv2] [D] [thread 53263] [2.0] [cxt 0] Extracting header 'ipv4'
[17:56:33.493] [bmv2] [D] [thread 53263] [2.0] [cxt 0] Parser state 'parse_ipv4' has no switch, going to default next state
[17:56:33.493] [bmv2] [T] [thread 53263] [2.0] [cxt 0] Bytes parsed: 36
[17:56:33.493] [bmv2] [D] [thread 53263] [2.0] [cxt 0] Checksum 'cksum_0': computed 0xdfc9 - actual 0xdfc9
[17:56:33.493] [bmv2] [D] [thread 53263] [2.0] [cxt 0] Verified checksum 'cksum_0': passed
[17:56:33.493] [bmv2] [D] [thread 53263] [2.0] [cxt 0] Parser 'parser': end
[17:56:33.493] [bmv2] [D] [thread 53263] [2.0] [cxt 0] Pipeline 'ingress': start
[17:56:33.493] [bmv2] [T] [thread 53263] [2.0] [cxt 0] /home/parallels/Desktop/minicode/p4-10-srcRouting/srcRoute.p4(159) Condition "hdr.ethernet.etherType == TYPE_IPV4" (node_2) is false
[17:56:33.493] [bmv2] [T] [thread 53263] [2.0] [cxt 0] /home/parallels/Desktop/minicode/p4-10-srcRouting/srcRoute.p4(164) Condition "hdr.srcRoutes[0].isValid()" (node_5) is true
[17:56:33.493] [bmv2] [T] [thread 53263] [2.0] [cxt 0] /home/parallels/Desktop/minicode/p4-10-srcRouting/srcRoute.p4(165) Condition "hdr.srcRoutes[0].bos == 1" (node_6) is true
[17:56:33.493] [bmv2] [T] [thread 53263] [2.0] [cxt 0] Applying table 'tbl_srcRoute_finish'
[17:56:33.493] [bmv2] [D] [thread 53263] [2.0] [cxt 0] Looking up key:

[17:56:33.493] [bmv2] [D] [thread 53263] [2.0] [cxt 0] Table 'tbl_srcRoute_finish': miss
[17:56:33.493] [bmv2] [D] [thread 53263] [2.0] [cxt 0] Action entry is ingress.srcRoute_finish - 
[17:56:33.493] [bmv2] [T] [thread 53263] [2.0] [cxt 0] Action ingress.srcRoute_finish
[17:56:33.493] [bmv2] [T] [thread 53263] [2.0] [cxt 0] /home/parallels/Desktop/minicode/p4-10-srcRouting/srcRoute.p4(5) Primitive 0x800; ...
[17:56:33.493] [bmv2] [T] [thread 53263] [2.0] [cxt 0] Applying table 'tbl_srcRoute_nhop'
[17:56:33.493] [bmv2] [D] [thread 53263] [2.0] [cxt 0] Looking up key:

[17:56:33.493] [bmv2] [D] [thread 53263] [2.0] [cxt 0] Table 'tbl_srcRoute_nhop': miss
[17:56:33.493] [bmv2] [D] [thread 53263] [2.0] [cxt 0] Action entry is ingress.srcRoute_nhop - 
[17:56:33.493] [bmv2] [T] [thread 53263] [2.0] [cxt 0] Action ingress.srcRoute_nhop
[17:56:33.493] [bmv2] [T] [thread 53263] [2.0] [cxt 0] /home/parallels/Desktop/minicode/p4-10-srcRouting/srcRoute.p4(106) Primitive standard_metadata.egress_spec = (bit<9>) hdr.srcRoutes[0].port
[17:56:33.493] [bmv2] [T] [thread 53263] [2.0] [cxt 0] /home/parallels/Desktop/minicode/p4-10-srcRouting/srcRoute.p4(107) Primitive hdr.srcRoutes.pop_front(1)
[17:56:33.493] [bmv2] [T] [thread 53263] [2.0] [cxt 0] /home/parallels/Desktop/minicode/p4-10-srcRouting/srcRoute.p4(169) Condition "hdr.ipv4.isValid()" (node_9) is true
[17:56:33.493] [bmv2] [T] [thread 53263] [2.0] [cxt 0] Applying table 'tbl_update_ttl'
[17:56:33.494] [bmv2] [D] [thread 53263] [2.0] [cxt 0] Looking up key:

[17:56:33.494] [bmv2] [D] [thread 53263] [2.0] [cxt 0] Table 'tbl_update_ttl': miss
[17:56:33.494] [bmv2] [D] [thread 53263] [2.0] [cxt 0] Action entry is ingress.update_ttl - 
[17:56:33.494] [bmv2] [T] [thread 53263] [2.0] [cxt 0] Action ingress.update_ttl
[17:56:33.494] [bmv2] [T] [thread 53263] [2.0] [cxt 0] /home/parallels/Desktop/minicode/p4-10-srcRouting/srcRoute.p4(115) Primitive hdr.ipv4.ttl = hdr.ipv4.ttl - 1
[17:56:33.494] [bmv2] [D] [thread 53263] [2.0] [cxt 0] Pipeline 'ingress': end
[17:56:33.494] [bmv2] [D] [thread 53263] [2.0] [cxt 0] Egress port is 1
[17:56:33.494] [bmv2] [D] [thread 53265] [2.0] [cxt 0] Pipeline 'egress': start
[17:56:33.494] [bmv2] [T] [thread 53265] [2.0] [cxt 0] Applying table 'egress.ipv4_final'
[17:56:33.494] [bmv2] [D] [thread 53265] [2.0] [cxt 0] Looking up key:
* hdr.ipv4.dstAddr    : 0a000201

[17:56:33.494] [bmv2] [D] [thread 53265] [2.0] [cxt 0] Table 'egress.ipv4_final': hit with handle 0
[17:56:33.494] [bmv2] [D] [thread 53265] [2.0] [cxt 0] Dumping entry 0
Match key:
* hdr.ipv4.dstAddr    : LPM       0a000201/32
Action entry: egress.dmac - a000201,

[17:56:33.494] [bmv2] [D] [thread 53265] [2.0] [cxt 0] Action entry is egress.dmac - a000201,
[17:56:33.494] [bmv2] [T] [thread 53265] [2.0] [cxt 0] Action egress.dmac
[17:56:33.494] [bmv2] [T] [thread 53265] [2.0] [cxt 0] /home/parallels/Desktop/minicode/p4-10-srcRouting/srcRoute.p4(81) Primitive hdr.ethernet.dstAddr = dstAddr
[17:56:33.494] [bmv2] [D] [thread 53265] [2.0] [cxt 0] Pipeline 'egress': end
[17:56:33.494] [bmv2] [D] [thread 53265] [2.0] [cxt 0] Deparser 'deparser': start
[17:56:33.494] [bmv2] [D] [thread 53265] [2.0] [cxt 0] Updating checksum 'cksum'
[17:56:33.494] [bmv2] [D] [thread 53265] [2.0] [cxt 0] Deparsing header 'ethernet'
[17:56:33.494] [bmv2] [D] [thread 53265] [2.0] [cxt 0] Deparsing header 'ipv4'
[17:56:33.494] [bmv2] [D] [thread 53265] [2.0] [cxt 0] Deparser 'deparser': end
[17:56:33.494] [bmv2] [D] [thread 53268] [2.0] [cxt 0] Transmitting packet of size 98 out of port 1
[17:56:33.494] [bmv2] [D] [thread 53263] [3.0] [cxt 0] Processing packet received on port 1
[17:56:33.494] [bmv2] [D] [thread 53263] [3.0] [cxt 0] Parser 'parser': start
[17:56:33.494] [bmv2] [D] [thread 53263] [3.0] [cxt 0] Parser 'parser' entering state 'start'
[17:56:33.494] [bmv2] [D] [thread 53263] [3.0] [cxt 0] Extracting header 'ethernet'
[17:56:33.494] [bmv2] [D] [thread 53263] [3.0] [cxt 0] Parser state 'start': key is 0800
[17:56:33.494] [bmv2] [T] [thread 53263] [3.0] [cxt 0] Bytes parsed: 14
[17:56:33.494] [bmv2] [D] [thread 53263] [3.0] [cxt 0] Parser 'parser' entering state 'parse_ipv4'
[17:56:33.494] [bmv2] [D] [thread 53263] [3.0] [cxt 0] Extracting header 'ipv4'
[17:56:33.494] [bmv2] [D] [thread 53263] [3.0] [cxt 0] Parser state 'parse_ipv4' has no switch, going to default next state
[17:56:33.494] [bmv2] [T] [thread 53263] [3.0] [cxt 0] Bytes parsed: 34
[17:56:33.494] [bmv2] [D] [thread 53263] [3.0] [cxt 0] Checksum 'cksum_0': computed 0x8189 - actual 0x8189
[17:56:33.494] [bmv2] [D] [thread 53263] [3.0] [cxt 0] Verified checksum 'cksum_0': passed
[17:56:33.494] [bmv2] [D] [thread 53263] [3.0] [cxt 0] Parser 'parser': end
[17:56:33.494] [bmv2] [D] [thread 53263] [3.0] [cxt 0] Pipeline 'ingress': start
[17:56:33.494] [bmv2] [T] [thread 53263] [3.0] [cxt 0] /home/parallels/Desktop/minicode/p4-10-srcRouting/srcRoute.p4(159) Condition "hdr.ethernet.etherType == TYPE_IPV4" (node_2) is true
[17:56:33.494] [bmv2] [T] [thread 53263] [3.0] [cxt 0] Applying table 'ingress.ipv4_lpm'
[17:56:33.494] [bmv2] [D] [thread 53263] [3.0] [cxt 0] Looking up key:
* hdr.ipv4.dstAddr    : 0a000101

[17:56:33.494] [bmv2] [D] [thread 53263] [3.0] [cxt 0] Table 'ingress.ipv4_lpm': hit with handle 0
[17:56:33.494] [bmv2] [D] [thread 53263] [3.0] [cxt 0] Dumping entry 0
Match key:
* hdr.ipv4.dstAddr    : LPM       0a000101/32
Action entry: ingress.AddHeader - 1,1,

[17:56:33.494] [bmv2] [D] [thread 53263] [3.0] [cxt 0] Action entry is ingress.AddHeader - 1,1,
[17:56:33.494] [bmv2] [T] [thread 53263] [3.0] [cxt 0] Action ingress.AddHeader
[17:56:33.494] [bmv2] [T] [thread 53263] [3.0] [cxt 0] /home/parallels/Desktop/minicode/p4-10-srcRouting/srcRoute.p4(6) Primitive 0x1234; ...
[17:56:33.494] [bmv2] [T] [thread 53263] [3.0] [cxt 0] /home/parallels/Desktop/minicode/p4-10-srcRouting/srcRoute.p4(120) Primitive hdr.srcRoutes.push_front(1)
[17:56:33.494] [bmv2] [T] [thread 53263] [3.0] [cxt 0] /home/parallels/Desktop/minicode/p4-10-srcRouting/srcRoute.p4(121) Primitive hdr.srcRoutes[0].setValid()
[17:56:33.494] [bmv2] [T] [thread 53263] [3.0] [cxt 0] /home/parallels/Desktop/minicode/p4-10-srcRouting/srcRoute.p4(122) Primitive hdr.srcRoutes[0].port = port
[17:56:33.494] [bmv2] [T] [thread 53263] [3.0] [cxt 0] /home/parallels/Desktop/minicode/p4-10-srcRouting/srcRoute.p4(123) Primitive hdr.srcRoutes[0].bos = flag
[17:56:33.494] [bmv2] [T] [thread 53263] [3.0] [cxt 0] Applying table 'ingress.ipv4_lpm2'
[17:56:33.494] [bmv2] [D] [thread 53263] [3.0] [cxt 0] Looking up key:
* hdr.ipv4.dstAddr    : 0a000101

[17:56:33.494] [bmv2] [D] [thread 53263] [3.0] [cxt 0] Table 'ingress.ipv4_lpm2': hit with handle 0
[17:56:33.494] [bmv2] [D] [thread 53263] [3.0] [cxt 0] Dumping entry 0
Match key:
* hdr.ipv4.dstAddr    : LPM       0a000101/32
Action entry: ingress.AddHeader2 - 2,0,

[17:56:33.494] [bmv2] [D] [thread 53263] [3.0] [cxt 0] Action entry is ingress.AddHeader2 - 2,0,
[17:56:33.494] [bmv2] [T] [thread 53263] [3.0] [cxt 0] Action ingress.AddHeader2
[17:56:33.494] [bmv2] [T] [thread 53263] [3.0] [cxt 0] /home/parallels/Desktop/minicode/p4-10-srcRouting/srcRoute.p4(127) Primitive hdr.srcRoutes.push_front(1)
[17:56:33.494] [bmv2] [T] [thread 53263] [3.0] [cxt 0] /home/parallels/Desktop/minicode/p4-10-srcRouting/srcRoute.p4(128) Primitive hdr.srcRoutes[0].setValid()
[17:56:33.494] [bmv2] [T] [thread 53263] [3.0] [cxt 0] /home/parallels/Desktop/minicode/p4-10-srcRouting/srcRoute.p4(129) Primitive hdr.srcRoutes[0].port = port
[17:56:33.494] [bmv2] [T] [thread 53263] [3.0] [cxt 0] /home/parallels/Desktop/minicode/p4-10-srcRouting/srcRoute.p4(130) Primitive hdr.srcRoutes[0].bos = flag
[17:56:33.494] [bmv2] [T] [thread 53263] [3.0] [cxt 0] /home/parallels/Desktop/minicode/p4-10-srcRouting/srcRoute.p4(164) Condition "hdr.srcRoutes[0].isValid()" (node_5) is true
[17:56:33.494] [bmv2] [T] [thread 53263] [3.0] [cxt 0] /home/parallels/Desktop/minicode/p4-10-srcRouting/srcRoute.p4(165) Condition "hdr.srcRoutes[0].bos == 1" (node_6) is false
[17:56:33.494] [bmv2] [T] [thread 53263] [3.0] [cxt 0] Applying table 'tbl_srcRoute_nhop'
[17:56:33.494] [bmv2] [D] [thread 53263] [3.0] [cxt 0] Looking up key:

[17:56:33.494] [bmv2] [D] [thread 53263] [3.0] [cxt 0] Table 'tbl_srcRoute_nhop': miss
[17:56:33.494] [bmv2] [D] [thread 53263] [3.0] [cxt 0] Action entry is ingress.srcRoute_nhop - 
[17:56:33.494] [bmv2] [T] [thread 53263] [3.0] [cxt 0] Action ingress.srcRoute_nhop
[17:56:33.494] [bmv2] [T] [thread 53263] [3.0] [cxt 0] /home/parallels/Desktop/minicode/p4-10-srcRouting/srcRoute.p4(106) Primitive standard_metadata.egress_spec = (bit<9>) hdr.srcRoutes[0].port
[17:56:33.495] [bmv2] [T] [thread 53263] [3.0] [cxt 0] /home/parallels/Desktop/minicode/p4-10-srcRouting/srcRoute.p4(107) Primitive hdr.srcRoutes.pop_front(1)
[17:56:33.495] [bmv2] [T] [thread 53263] [3.0] [cxt 0] /home/parallels/Desktop/minicode/p4-10-srcRouting/srcRoute.p4(169) Condition "hdr.ipv4.isValid()" (node_9) is true
[17:56:33.495] [bmv2] [T] [thread 53263] [3.0] [cxt 0] Applying table 'tbl_update_ttl'
[17:56:33.495] [bmv2] [D] [thread 53263] [3.0] [cxt 0] Looking up key:

[17:56:33.495] [bmv2] [D] [thread 53263] [3.0] [cxt 0] Table 'tbl_update_ttl': miss
[17:56:33.495] [bmv2] [D] [thread 53263] [3.0] [cxt 0] Action entry is ingress.update_ttl - 
[17:56:33.495] [bmv2] [T] [thread 53263] [3.0] [cxt 0] Action ingress.update_ttl
[17:56:33.495] [bmv2] [T] [thread 53263] [3.0] [cxt 0] /home/parallels/Desktop/minicode/p4-10-srcRouting/srcRoute.p4(115) Primitive hdr.ipv4.ttl = hdr.ipv4.ttl - 1
[17:56:33.495] [bmv2] [D] [thread 53263] [3.0] [cxt 0] Pipeline 'ingress': end
[17:56:33.495] [bmv2] [D] [thread 53263] [3.0] [cxt 0] Egress port is 2
[17:56:33.495] [bmv2] [D] [thread 53266] [3.0] [cxt 0] Pipeline 'egress': start
[17:56:33.495] [bmv2] [T] [thread 53266] [3.0] [cxt 0] Applying table 'egress.ipv4_final'
[17:56:33.495] [bmv2] [D] [thread 53266] [3.0] [cxt 0] Looking up key:
* hdr.ipv4.dstAddr    : 0a000101

[17:56:33.495] [bmv2] [D] [thread 53266] [3.0] [cxt 0] Table 'egress.ipv4_final': miss
[17:56:33.495] [bmv2] [D] [thread 53266] [3.0] [cxt 0] Action entry is NoAction - 
[17:56:33.495] [bmv2] [T] [thread 53266] [3.0] [cxt 0] Action NoAction
[17:56:33.495] [bmv2] [D] [thread 53266] [3.0] [cxt 0] Pipeline 'egress': end
[17:56:33.495] [bmv2] [D] [thread 53266] [3.0] [cxt 0] Deparser 'deparser': start
[17:56:33.495] [bmv2] [D] [thread 53266] [3.0] [cxt 0] Updating checksum 'cksum'
[17:56:33.495] [bmv2] [D] [thread 53266] [3.0] [cxt 0] Deparsing header 'ethernet'
[17:56:33.495] [bmv2] [D] [thread 53266] [3.0] [cxt 0] Deparsing header 'srcRoutes[0]'
[17:56:33.495] [bmv2] [D] [thread 53266] [3.0] [cxt 0] Deparsing header 'ipv4'
[17:56:33.495] [bmv2] [D] [thread 53266] [3.0] [cxt 0] Deparser 'deparser': end
[17:56:33.495] [bmv2] [D] [thread 53268] [3.0] [cxt 0] Transmitting packet of size 100 out of port 2
[17:56:34.500] [bmv2] [D] [thread 53263] [4.0] [cxt 0] Processing packet received on port 2
[17:56:34.500] [bmv2] [D] [thread 53263] [4.0] [cxt 0] Parser 'parser': start
[17:56:34.500] [bmv2] [D] [thread 53263] [4.0] [cxt 0] Parser 'parser' entering state 'start'
[17:56:34.500] [bmv2] [D] [thread 53263] [4.0] [cxt 0] Extracting header 'ethernet'
[17:56:34.500] [bmv2] [D] [thread 53263] [4.0] [cxt 0] Parser state 'start': key is 1234
[17:56:34.500] [bmv2] [T] [thread 53263] [4.0] [cxt 0] Bytes parsed: 14
[17:56:34.500] [bmv2] [D] [thread 53263] [4.0] [cxt 0] Parser 'parser' entering state 'parse_srcRouting'
[17:56:34.500] [bmv2] [D] [thread 53263] [4.0] [cxt 0] Extracting to header stack 0, next header is 4
[17:56:34.500] [bmv2] [D] [thread 53263] [4.0] [cxt 0] Parser state 'parse_srcRouting': key is 01
[17:56:34.500] [bmv2] [T] [thread 53263] [4.0] [cxt 0] Bytes parsed: 16
[17:56:34.500] [bmv2] [D] [thread 53263] [4.0] [cxt 0] Parser 'parser' entering state 'parse_ipv4'
[17:56:34.500] [bmv2] [D] [thread 53263] [4.0] [cxt 0] Extracting header 'ipv4'
[17:56:34.500] [bmv2] [D] [thread 53263] [4.0] [cxt 0] Parser state 'parse_ipv4' has no switch, going to default next state
[17:56:34.500] [bmv2] [T] [thread 53263] [4.0] [cxt 0] Bytes parsed: 36
[17:56:34.500] [bmv2] [D] [thread 53263] [4.0] [cxt 0] Checksum 'cksum_0': computed 0xdfb2 - actual 0xdfb2
[17:56:34.500] [bmv2] [D] [thread 53263] [4.0] [cxt 0] Verified checksum 'cksum_0': passed
[17:56:34.500] [bmv2] [D] [thread 53263] [4.0] [cxt 0] Parser 'parser': end
[17:56:34.500] [bmv2] [D] [thread 53263] [4.0] [cxt 0] Pipeline 'ingress': start
[17:56:34.500] [bmv2] [T] [thread 53263] [4.0] [cxt 0] /home/parallels/Desktop/minicode/p4-10-srcRouting/srcRoute.p4(159) Condition "hdr.ethernet.etherType == TYPE_IPV4" (node_2) is false
[17:56:34.500] [bmv2] [T] [thread 53263] [4.0] [cxt 0] /home/parallels/Desktop/minicode/p4-10-srcRouting/srcRoute.p4(164) Condition "hdr.srcRoutes[0].isValid()" (node_5) is true
[17:56:34.500] [bmv2] [T] [thread 53263] [4.0] [cxt 0] /home/parallels/Desktop/minicode/p4-10-srcRouting/srcRoute.p4(165) Condition "hdr.srcRoutes[0].bos == 1" (node_6) is true
[17:56:34.500] [bmv2] [T] [thread 53263] [4.0] [cxt 0] Applying table 'tbl_srcRoute_finish'
[17:56:34.500] [bmv2] [D] [thread 53263] [4.0] [cxt 0] Looking up key:

[17:56:34.500] [bmv2] [D] [thread 53263] [4.0] [cxt 0] Table 'tbl_srcRoute_finish': miss
[17:56:34.500] [bmv2] [D] [thread 53263] [4.0] [cxt 0] Action entry is ingress.srcRoute_finish - 
[17:56:34.500] [bmv2] [T] [thread 53263] [4.0] [cxt 0] Action ingress.srcRoute_finish
[17:56:34.500] [bmv2] [T] [thread 53263] [4.0] [cxt 0] /home/parallels/Desktop/minicode/p4-10-srcRouting/srcRoute.p4(5) Primitive 0x800; ...
[17:56:34.500] [bmv2] [T] [thread 53263] [4.0] [cxt 0] Applying table 'tbl_srcRoute_nhop'
[17:56:34.500] [bmv2] [D] [thread 53263] [4.0] [cxt 0] Looking up key:

[17:56:34.500] [bmv2] [D] [thread 53263] [4.0] [cxt 0] Table 'tbl_srcRoute_nhop': miss
[17:56:34.500] [bmv2] [D] [thread 53263] [4.0] [cxt 0] Action entry is ingress.srcRoute_nhop - 
[17:56:34.500] [bmv2] [T] [thread 53263] [4.0] [cxt 0] Action ingress.srcRoute_nhop
[17:56:34.500] [bmv2] [T] [thread 53263] [4.0] [cxt 0] /home/parallels/Desktop/minicode/p4-10-srcRouting/srcRoute.p4(106) Primitive standard_metadata.egress_spec = (bit<9>) hdr.srcRoutes[0].port
[17:56:34.500] [bmv2] [T] [thread 53263] [4.0] [cxt 0] /home/parallels/Desktop/minicode/p4-10-srcRouting/srcRoute.p4(107) Primitive hdr.srcRoutes.pop_front(1)
[17:56:34.500] [bmv2] [T] [thread 53263] [4.0] [cxt 0] /home/parallels/Desktop/minicode/p4-10-srcRouting/srcRoute.p4(169) Condition "hdr.ipv4.isValid()" (node_9) is true
[17:56:34.500] [bmv2] [T] [thread 53263] [4.0] [cxt 0] Applying table 'tbl_update_ttl'
[17:56:34.500] [bmv2] [D] [thread 53263] [4.0] [cxt 0] Looking up key:

[17:56:34.500] [bmv2] [D] [thread 53263] [4.0] [cxt 0] Table 'tbl_update_ttl': miss
[17:56:34.500] [bmv2] [D] [thread 53263] [4.0] [cxt 0] Action entry is ingress.update_ttl - 
[17:56:34.500] [bmv2] [T] [thread 53263] [4.0] [cxt 0] Action ingress.update_ttl
[17:56:34.500] [bmv2] [T] [thread 53263] [4.0] [cxt 0] /home/parallels/Desktop/minicode/p4-10-srcRouting/srcRoute.p4(115) Primitive hdr.ipv4.ttl = hdr.ipv4.ttl - 1
[17:56:34.500] [bmv2] [D] [thread 53263] [4.0] [cxt 0] Pipeline 'ingress': end
[17:56:34.500] [bmv2] [D] [thread 53263] [4.0] [cxt 0] Egress port is 1
[17:56:34.500] [bmv2] [D] [thread 53265] [4.0] [cxt 0] Pipeline 'egress': start
[17:56:34.500] [bmv2] [T] [thread 53265] [4.0] [cxt 0] Applying table 'egress.ipv4_final'
[17:56:34.500] [bmv2] [D] [thread 53265] [4.0] [cxt 0] Looking up key:
* hdr.ipv4.dstAddr    : 0a000201

[17:56:34.500] [bmv2] [D] [thread 53265] [4.0] [cxt 0] Table 'egress.ipv4_final': hit with handle 0
[17:56:34.500] [bmv2] [D] [thread 53265] [4.0] [cxt 0] Dumping entry 0
Match key:
* hdr.ipv4.dstAddr    : LPM       0a000201/32
Action entry: egress.dmac - a000201,

[17:56:34.500] [bmv2] [D] [thread 53265] [4.0] [cxt 0] Action entry is egress.dmac - a000201,
[17:56:34.500] [bmv2] [T] [thread 53265] [4.0] [cxt 0] Action egress.dmac
[17:56:34.500] [bmv2] [T] [thread 53265] [4.0] [cxt 0] /home/parallels/Desktop/minicode/p4-10-srcRouting/srcRoute.p4(81) Primitive hdr.ethernet.dstAddr = dstAddr
[17:56:34.501] [bmv2] [D] [thread 53265] [4.0] [cxt 0] Pipeline 'egress': end
[17:56:34.501] [bmv2] [D] [thread 53265] [4.0] [cxt 0] Deparser 'deparser': start
[17:56:34.501] [bmv2] [D] [thread 53265] [4.0] [cxt 0] Updating checksum 'cksum'
[17:56:34.501] [bmv2] [D] [thread 53265] [4.0] [cxt 0] Deparsing header 'ethernet'
[17:56:34.501] [bmv2] [D] [thread 53265] [4.0] [cxt 0] Deparsing header 'ipv4'
[17:56:34.501] [bmv2] [D] [thread 53265] [4.0] [cxt 0] Deparser 'deparser': end
[17:56:34.501] [bmv2] [D] [thread 53268] [4.0] [cxt 0] Transmitting packet of size 98 out of port 1
[17:56:34.501] [bmv2] [D] [thread 53263] [5.0] [cxt 0] Processing packet received on port 1
[17:56:34.501] [bmv2] [D] [thread 53263] [5.0] [cxt 0] Parser 'parser': start
[17:56:34.501] [bmv2] [D] [thread 53263] [5.0] [cxt 0] Parser 'parser' entering state 'start'
[17:56:34.501] [bmv2] [D] [thread 53263] [5.0] [cxt 0] Extracting header 'ethernet'
[17:56:34.501] [bmv2] [D] [thread 53263] [5.0] [cxt 0] Parser state 'start': key is 0800
[17:56:34.501] [bmv2] [T] [thread 53263] [5.0] [cxt 0] Bytes parsed: 14
[17:56:34.501] [bmv2] [D] [thread 53263] [5.0] [cxt 0] Parser 'parser' entering state 'parse_ipv4'
[17:56:34.501] [bmv2] [D] [thread 53263] [5.0] [cxt 0] Extracting header 'ipv4'
[17:56:34.501] [bmv2] [D] [thread 53263] [5.0] [cxt 0] Parser state 'parse_ipv4' has no switch, going to default next state
[17:56:34.501] [bmv2] [T] [thread 53263] [5.0] [cxt 0] Bytes parsed: 34
[17:56:34.501] [bmv2] [D] [thread 53263] [5.0] [cxt 0] Checksum 'cksum_0': computed 0x8125 - actual 0x8125
[17:56:34.501] [bmv2] [D] [thread 53263] [5.0] [cxt 0] Verified checksum 'cksum_0': passed
[17:56:34.501] [bmv2] [D] [thread 53263] [5.0] [cxt 0] Parser 'parser': end
[17:56:34.501] [bmv2] [D] [thread 53263] [5.0] [cxt 0] Pipeline 'ingress': start
[17:56:34.501] [bmv2] [T] [thread 53263] [5.0] [cxt 0] /home/parallels/Desktop/minicode/p4-10-srcRouting/srcRoute.p4(159) Condition "hdr.ethernet.etherType == TYPE_IPV4" (node_2) is true
[17:56:34.501] [bmv2] [T] [thread 53263] [5.0] [cxt 0] Applying table 'ingress.ipv4_lpm'
[17:56:34.501] [bmv2] [D] [thread 53263] [5.0] [cxt 0] Looking up key:
* hdr.ipv4.dstAddr    : 0a000101

[17:56:34.501] [bmv2] [D] [thread 53263] [5.0] [cxt 0] Table 'ingress.ipv4_lpm': hit with handle 0
[17:56:34.501] [bmv2] [D] [thread 53263] [5.0] [cxt 0] Dumping entry 0
Match key:
* hdr.ipv4.dstAddr    : LPM       0a000101/32
Action entry: ingress.AddHeader - 1,1,

[17:56:34.501] [bmv2] [D] [thread 53263] [5.0] [cxt 0] Action entry is ingress.AddHeader - 1,1,
[17:56:34.501] [bmv2] [T] [thread 53263] [5.0] [cxt 0] Action ingress.AddHeader
[17:56:34.501] [bmv2] [T] [thread 53263] [5.0] [cxt 0] /home/parallels/Desktop/minicode/p4-10-srcRouting/srcRoute.p4(6) Primitive 0x1234; ...
[17:56:34.501] [bmv2] [T] [thread 53263] [5.0] [cxt 0] /home/parallels/Desktop/minicode/p4-10-srcRouting/srcRoute.p4(120) Primitive hdr.srcRoutes.push_front(1)
[17:56:34.501] [bmv2] [T] [thread 53263] [5.0] [cxt 0] /home/parallels/Desktop/minicode/p4-10-srcRouting/srcRoute.p4(121) Primitive hdr.srcRoutes[0].setValid()
[17:56:34.501] [bmv2] [T] [thread 53263] [5.0] [cxt 0] /home/parallels/Desktop/minicode/p4-10-srcRouting/srcRoute.p4(122) Primitive hdr.srcRoutes[0].port = port
[17:56:34.501] [bmv2] [T] [thread 53263] [5.0] [cxt 0] /home/parallels/Desktop/minicode/p4-10-srcRouting/srcRoute.p4(123) Primitive hdr.srcRoutes[0].bos = flag
[17:56:34.501] [bmv2] [T] [thread 53263] [5.0] [cxt 0] Applying table 'ingress.ipv4_lpm2'
[17:56:34.501] [bmv2] [D] [thread 53263] [5.0] [cxt 0] Looking up key:
* hdr.ipv4.dstAddr    : 0a000101

[17:56:34.501] [bmv2] [D] [thread 53263] [5.0] [cxt 0] Table 'ingress.ipv4_lpm2': hit with handle 0
[17:56:34.501] [bmv2] [D] [thread 53263] [5.0] [cxt 0] Dumping entry 0
Match key:
* hdr.ipv4.dstAddr    : LPM       0a000101/32
Action entry: ingress.AddHeader2 - 2,0,

[17:56:34.501] [bmv2] [D] [thread 53263] [5.0] [cxt 0] Action entry is ingress.AddHeader2 - 2,0,
[17:56:34.501] [bmv2] [T] [thread 53263] [5.0] [cxt 0] Action ingress.AddHeader2
[17:56:34.501] [bmv2] [T] [thread 53263] [5.0] [cxt 0] /home/parallels/Desktop/minicode/p4-10-srcRouting/srcRoute.p4(127) Primitive hdr.srcRoutes.push_front(1)
[17:56:34.501] [bmv2] [T] [thread 53263] [5.0] [cxt 0] /home/parallels/Desktop/minicode/p4-10-srcRouting/srcRoute.p4(128) Primitive hdr.srcRoutes[0].setValid()
[17:56:34.501] [bmv2] [T] [thread 53263] [5.0] [cxt 0] /home/parallels/Desktop/minicode/p4-10-srcRouting/srcRoute.p4(129) Primitive hdr.srcRoutes[0].port = port
[17:56:34.501] [bmv2] [T] [thread 53263] [5.0] [cxt 0] /home/parallels/Desktop/minicode/p4-10-srcRouting/srcRoute.p4(130) Primitive hdr.srcRoutes[0].bos = flag
[17:56:34.501] [bmv2] [T] [thread 53263] [5.0] [cxt 0] /home/parallels/Desktop/minicode/p4-10-srcRouting/srcRoute.p4(164) Condition "hdr.srcRoutes[0].isValid()" (node_5) is true
[17:56:34.501] [bmv2] [T] [thread 53263] [5.0] [cxt 0] /home/parallels/Desktop/minicode/p4-10-srcRouting/srcRoute.p4(165) Condition "hdr.srcRoutes[0].bos == 1" (node_6) is false
[17:56:34.501] [bmv2] [T] [thread 53263] [5.0] [cxt 0] Applying table 'tbl_srcRoute_nhop'
[17:56:34.501] [bmv2] [D] [thread 53263] [5.0] [cxt 0] Looking up key:

[17:56:34.501] [bmv2] [D] [thread 53263] [5.0] [cxt 0] Table 'tbl_srcRoute_nhop': miss
[17:56:34.501] [bmv2] [D] [thread 53263] [5.0] [cxt 0] Action entry is ingress.srcRoute_nhop - 
[17:56:34.501] [bmv2] [T] [thread 53263] [5.0] [cxt 0] Action ingress.srcRoute_nhop
[17:56:34.501] [bmv2] [T] [thread 53263] [5.0] [cxt 0] /home/parallels/Desktop/minicode/p4-10-srcRouting/srcRoute.p4(106) Primitive standard_metadata.egress_spec = (bit<9>) hdr.srcRoutes[0].port
[17:56:34.501] [bmv2] [T] [thread 53263] [5.0] [cxt 0] /home/parallels/Desktop/minicode/p4-10-srcRouting/srcRoute.p4(107) Primitive hdr.srcRoutes.pop_front(1)
[17:56:34.501] [bmv2] [T] [thread 53263] [5.0] [cxt 0] /home/parallels/Desktop/minicode/p4-10-srcRouting/srcRoute.p4(169) Condition "hdr.ipv4.isValid()" (node_9) is true
[17:56:34.501] [bmv2] [T] [thread 53263] [5.0] [cxt 0] Applying table 'tbl_update_ttl'
[17:56:34.502] [bmv2] [D] [thread 53263] [5.0] [cxt 0] Looking up key:

[17:56:34.502] [bmv2] [D] [thread 53263] [5.0] [cxt 0] Table 'tbl_update_ttl': miss
[17:56:34.502] [bmv2] [D] [thread 53263] [5.0] [cxt 0] Action entry is ingress.update_ttl - 
[17:56:34.502] [bmv2] [T] [thread 53263] [5.0] [cxt 0] Action ingress.update_ttl
[17:56:34.502] [bmv2] [T] [thread 53263] [5.0] [cxt 0] /home/parallels/Desktop/minicode/p4-10-srcRouting/srcRoute.p4(115) Primitive hdr.ipv4.ttl = hdr.ipv4.ttl - 1
[17:56:34.502] [bmv2] [D] [thread 53263] [5.0] [cxt 0] Pipeline 'ingress': end
[17:56:34.502] [bmv2] [D] [thread 53263] [5.0] [cxt 0] Egress port is 2
[17:56:34.502] [bmv2] [D] [thread 53266] [5.0] [cxt 0] Pipeline 'egress': start
[17:56:34.502] [bmv2] [T] [thread 53266] [5.0] [cxt 0] Applying table 'egress.ipv4_final'
[17:56:34.502] [bmv2] [D] [thread 53266] [5.0] [cxt 0] Looking up key:
* hdr.ipv4.dstAddr    : 0a000101

[17:56:34.502] [bmv2] [D] [thread 53266] [5.0] [cxt 0] Table 'egress.ipv4_final': miss
[17:56:34.502] [bmv2] [D] [thread 53266] [5.0] [cxt 0] Action entry is NoAction - 
[17:56:34.502] [bmv2] [T] [thread 53266] [5.0] [cxt 0] Action NoAction
[17:56:34.502] [bmv2] [D] [thread 53266] [5.0] [cxt 0] Pipeline 'egress': end
[17:56:34.502] [bmv2] [D] [thread 53266] [5.0] [cxt 0] Deparser 'deparser': start
[17:56:34.502] [bmv2] [D] [thread 53266] [5.0] [cxt 0] Updating checksum 'cksum'
[17:56:34.502] [bmv2] [D] [thread 53266] [5.0] [cxt 0] Deparsing header 'ethernet'
[17:56:34.502] [bmv2] [D] [thread 53266] [5.0] [cxt 0] Deparsing header 'srcRoutes[0]'
[17:56:34.502] [bmv2] [D] [thread 53266] [5.0] [cxt 0] Deparsing header 'ipv4'
[17:56:34.502] [bmv2] [D] [thread 53266] [5.0] [cxt 0] Deparser 'deparser': end
[17:56:34.502] [bmv2] [D] [thread 53268] [5.0] [cxt 0] Transmitting packet of size 100 out of port 2
[17:57:05.026] [bmv2] [D] [thread 53263] [6.0] [cxt 0] Processing packet received on port 2
[17:57:05.026] [bmv2] [D] [thread 53263] [6.0] [cxt 0] Parser 'parser': start
[17:57:05.026] [bmv2] [D] [thread 53263] [6.0] [cxt 0] Parser 'parser' entering state 'start'
[17:57:05.026] [bmv2] [D] [thread 53263] [6.0] [cxt 0] Extracting header 'ethernet'
[17:57:05.026] [bmv2] [D] [thread 53263] [6.0] [cxt 0] Parser state 'start': key is 1234
[17:57:05.026] [bmv2] [T] [thread 53263] [6.0] [cxt 0] Bytes parsed: 14
[17:57:05.026] [bmv2] [D] [thread 53263] [6.0] [cxt 0] Parser 'parser' entering state 'parse_srcRouting'
[17:57:05.026] [bmv2] [D] [thread 53263] [6.0] [cxt 0] Extracting to header stack 0, next header is 4
[17:57:05.026] [bmv2] [D] [thread 53263] [6.0] [cxt 0] Parser state 'parse_srcRouting': key is 01
[17:57:05.026] [bmv2] [T] [thread 53263] [6.0] [cxt 0] Bytes parsed: 16
[17:57:05.026] [bmv2] [D] [thread 53263] [6.0] [cxt 0] Parser 'parser' entering state 'parse_ipv4'
[17:57:05.026] [bmv2] [D] [thread 53263] [6.0] [cxt 0] Extracting header 'ipv4'
[17:57:05.026] [bmv2] [D] [thread 53263] [6.0] [cxt 0] Parser state 'parse_ipv4' has no switch, going to default next state
[17:57:05.026] [bmv2] [T] [thread 53263] [6.0] [cxt 0] Bytes parsed: 36
[17:57:05.026] [bmv2] [D] [thread 53263] [6.0] [cxt 0] Checksum 'cksum_0': computed 0xc67e - actual 0xc67e
[17:57:05.026] [bmv2] [D] [thread 53263] [6.0] [cxt 0] Verified checksum 'cksum_0': passed
[17:57:05.026] [bmv2] [D] [thread 53263] [6.0] [cxt 0] Parser 'parser': end
[17:57:05.026] [bmv2] [D] [thread 53263] [6.0] [cxt 0] Pipeline 'ingress': start
[17:57:05.026] [bmv2] [T] [thread 53263] [6.0] [cxt 0] /home/parallels/Desktop/minicode/p4-10-srcRouting/srcRoute.p4(159) Condition "hdr.ethernet.etherType == TYPE_IPV4" (node_2) is false
[17:57:05.026] [bmv2] [T] [thread 53263] [6.0] [cxt 0] /home/parallels/Desktop/minicode/p4-10-srcRouting/srcRoute.p4(164) Condition "hdr.srcRoutes[0].isValid()" (node_5) is true
[17:57:05.026] [bmv2] [T] [thread 53263] [6.0] [cxt 0] /home/parallels/Desktop/minicode/p4-10-srcRouting/srcRoute.p4(165) Condition "hdr.srcRoutes[0].bos == 1" (node_6) is true
[17:57:05.026] [bmv2] [T] [thread 53263] [6.0] [cxt 0] Applying table 'tbl_srcRoute_finish'
[17:57:05.026] [bmv2] [D] [thread 53263] [6.0] [cxt 0] Looking up key:

[17:57:05.026] [bmv2] [D] [thread 53263] [6.0] [cxt 0] Table 'tbl_srcRoute_finish': miss
[17:57:05.026] [bmv2] [D] [thread 53263] [6.0] [cxt 0] Action entry is ingress.srcRoute_finish - 
[17:57:05.026] [bmv2] [T] [thread 53263] [6.0] [cxt 0] Action ingress.srcRoute_finish
[17:57:05.026] [bmv2] [T] [thread 53263] [6.0] [cxt 0] /home/parallels/Desktop/minicode/p4-10-srcRouting/srcRoute.p4(5) Primitive 0x800; ...
[17:57:05.026] [bmv2] [T] [thread 53263] [6.0] [cxt 0] Applying table 'tbl_srcRoute_nhop'
[17:57:05.026] [bmv2] [D] [thread 53263] [6.0] [cxt 0] Looking up key:

[17:57:05.026] [bmv2] [D] [thread 53263] [6.0] [cxt 0] Table 'tbl_srcRoute_nhop': miss
[17:57:05.026] [bmv2] [D] [thread 53263] [6.0] [cxt 0] Action entry is ingress.srcRoute_nhop - 
[17:57:05.026] [bmv2] [T] [thread 53263] [6.0] [cxt 0] Action ingress.srcRoute_nhop
[17:57:05.026] [bmv2] [T] [thread 53263] [6.0] [cxt 0] /home/parallels/Desktop/minicode/p4-10-srcRouting/srcRoute.p4(106) Primitive standard_metadata.egress_spec = (bit<9>) hdr.srcRoutes[0].port
[17:57:05.026] [bmv2] [T] [thread 53263] [6.0] [cxt 0] /home/parallels/Desktop/minicode/p4-10-srcRouting/srcRoute.p4(107) Primitive hdr.srcRoutes.pop_front(1)
[17:57:05.026] [bmv2] [T] [thread 53263] [6.0] [cxt 0] /home/parallels/Desktop/minicode/p4-10-srcRouting/srcRoute.p4(169) Condition "hdr.ipv4.isValid()" (node_9) is true
[17:57:05.026] [bmv2] [T] [thread 53263] [6.0] [cxt 0] Applying table 'tbl_update_ttl'
[17:57:05.026] [bmv2] [D] [thread 53263] [6.0] [cxt 0] Looking up key:

[17:57:05.026] [bmv2] [D] [thread 53263] [6.0] [cxt 0] Table 'tbl_update_ttl': miss
[17:57:05.026] [bmv2] [D] [thread 53263] [6.0] [cxt 0] Action entry is ingress.update_ttl - 
[17:57:05.026] [bmv2] [T] [thread 53263] [6.0] [cxt 0] Action ingress.update_ttl
[17:57:05.026] [bmv2] [T] [thread 53263] [6.0] [cxt 0] /home/parallels/Desktop/minicode/p4-10-srcRouting/srcRoute.p4(115) Primitive hdr.ipv4.ttl = hdr.ipv4.ttl - 1
[17:57:05.026] [bmv2] [D] [thread 53263] [6.0] [cxt 0] Pipeline 'ingress': end
[17:57:05.026] [bmv2] [D] [thread 53263] [6.0] [cxt 0] Egress port is 1
[17:57:05.026] [bmv2] [D] [thread 53265] [6.0] [cxt 0] Pipeline 'egress': start
[17:57:05.026] [bmv2] [T] [thread 53265] [6.0] [cxt 0] Applying table 'egress.ipv4_final'
[17:57:05.026] [bmv2] [D] [thread 53265] [6.0] [cxt 0] Looking up key:
* hdr.ipv4.dstAddr    : 0a000201

[17:57:05.026] [bmv2] [D] [thread 53265] [6.0] [cxt 0] Table 'egress.ipv4_final': hit with handle 0
[17:57:05.026] [bmv2] [D] [thread 53265] [6.0] [cxt 0] Dumping entry 0
Match key:
* hdr.ipv4.dstAddr    : LPM       0a000201/32
Action entry: egress.dmac - a000201,

[17:57:05.026] [bmv2] [D] [thread 53265] [6.0] [cxt 0] Action entry is egress.dmac - a000201,
[17:57:05.026] [bmv2] [T] [thread 53265] [6.0] [cxt 0] Action egress.dmac
[17:57:05.026] [bmv2] [T] [thread 53265] [6.0] [cxt 0] /home/parallels/Desktop/minicode/p4-10-srcRouting/srcRoute.p4(81) Primitive hdr.ethernet.dstAddr = dstAddr
[17:57:05.026] [bmv2] [D] [thread 53265] [6.0] [cxt 0] Pipeline 'egress': end
[17:57:05.026] [bmv2] [D] [thread 53265] [6.0] [cxt 0] Deparser 'deparser': start
[17:57:05.026] [bmv2] [D] [thread 53265] [6.0] [cxt 0] Updating checksum 'cksum'
[17:57:05.026] [bmv2] [D] [thread 53265] [6.0] [cxt 0] Deparsing header 'ethernet'
[17:57:05.026] [bmv2] [D] [thread 53265] [6.0] [cxt 0] Deparsing header 'ipv4'
[17:57:05.026] [bmv2] [D] [thread 53265] [6.0] [cxt 0] Deparser 'deparser': end
[17:57:05.026] [bmv2] [D] [thread 53268] [6.0] [cxt 0] Transmitting packet of size 98 out of port 1
[17:57:05.026] [bmv2] [D] [thread 53263] [7.0] [cxt 0] Processing packet received on port 1
[17:57:05.026] [bmv2] [D] [thread 53263] [7.0] [cxt 0] Parser 'parser': start
[17:57:05.026] [bmv2] [D] [thread 53263] [7.0] [cxt 0] Parser 'parser' entering state 'start'
[17:57:05.026] [bmv2] [D] [thread 53263] [7.0] [cxt 0] Extracting header 'ethernet'
[17:57:05.026] [bmv2] [D] [thread 53263] [7.0] [cxt 0] Parser state 'start': key is 0800
[17:57:05.026] [bmv2] [T] [thread 53263] [7.0] [cxt 0] Bytes parsed: 14
[17:57:05.026] [bmv2] [D] [thread 53263] [7.0] [cxt 0] Parser 'parser' entering state 'parse_ipv4'
[17:57:05.026] [bmv2] [D] [thread 53263] [7.0] [cxt 0] Extracting header 'ipv4'
[17:57:05.026] [bmv2] [D] [thread 53263] [7.0] [cxt 0] Parser state 'parse_ipv4' has no switch, going to default next state
[17:57:05.026] [bmv2] [T] [thread 53263] [7.0] [cxt 0] Bytes parsed: 34
[17:57:05.026] [bmv2] [D] [thread 53263] [7.0] [cxt 0] Checksum 'cksum_0': computed 0x64a4 - actual 0x64a4
[17:57:05.026] [bmv2] [D] [thread 53263] [7.0] [cxt 0] Verified checksum 'cksum_0': passed
[17:57:05.026] [bmv2] [D] [thread 53263] [7.0] [cxt 0] Parser 'parser': end
[17:57:05.026] [bmv2] [D] [thread 53263] [7.0] [cxt 0] Pipeline 'ingress': start
[17:57:05.026] [bmv2] [T] [thread 53263] [7.0] [cxt 0] /home/parallels/Desktop/minicode/p4-10-srcRouting/srcRoute.p4(159) Condition "hdr.ethernet.etherType == TYPE_IPV4" (node_2) is true
[17:57:05.026] [bmv2] [T] [thread 53263] [7.0] [cxt 0] Applying table 'ingress.ipv4_lpm'
[17:57:05.026] [bmv2] [D] [thread 53263] [7.0] [cxt 0] Looking up key:
* hdr.ipv4.dstAddr    : 0a000101

[17:57:05.026] [bmv2] [D] [thread 53263] [7.0] [cxt 0] Table 'ingress.ipv4_lpm': hit with handle 0
[17:57:05.026] [bmv2] [D] [thread 53263] [7.0] [cxt 0] Dumping entry 0
Match key:
* hdr.ipv4.dstAddr    : LPM       0a000101/32
Action entry: ingress.AddHeader - 1,1,

[17:57:05.026] [bmv2] [D] [thread 53263] [7.0] [cxt 0] Action entry is ingress.AddHeader - 1,1,
[17:57:05.026] [bmv2] [T] [thread 53263] [7.0] [cxt 0] Action ingress.AddHeader
[17:57:05.026] [bmv2] [T] [thread 53263] [7.0] [cxt 0] /home/parallels/Desktop/minicode/p4-10-srcRouting/srcRoute.p4(6) Primitive 0x1234; ...
[17:57:05.026] [bmv2] [T] [thread 53263] [7.0] [cxt 0] /home/parallels/Desktop/minicode/p4-10-srcRouting/srcRoute.p4(120) Primitive hdr.srcRoutes.push_front(1)
[17:57:05.026] [bmv2] [T] [thread 53263] [7.0] [cxt 0] /home/parallels/Desktop/minicode/p4-10-srcRouting/srcRoute.p4(121) Primitive hdr.srcRoutes[0].setValid()
[17:57:05.026] [bmv2] [T] [thread 53263] [7.0] [cxt 0] /home/parallels/Desktop/minicode/p4-10-srcRouting/srcRoute.p4(122) Primitive hdr.srcRoutes[0].port = port
[17:57:05.026] [bmv2] [T] [thread 53263] [7.0] [cxt 0] /home/parallels/Desktop/minicode/p4-10-srcRouting/srcRoute.p4(123) Primitive hdr.srcRoutes[0].bos = flag
[17:57:05.026] [bmv2] [T] [thread 53263] [7.0] [cxt 0] Applying table 'ingress.ipv4_lpm2'
[17:57:05.026] [bmv2] [D] [thread 53263] [7.0] [cxt 0] Looking up key:
* hdr.ipv4.dstAddr    : 0a000101

[17:57:05.026] [bmv2] [D] [thread 53263] [7.0] [cxt 0] Table 'ingress.ipv4_lpm2': hit with handle 0
[17:57:05.026] [bmv2] [D] [thread 53263] [7.0] [cxt 0] Dumping entry 0
Match key:
* hdr.ipv4.dstAddr    : LPM       0a000101/32
Action entry: ingress.AddHeader2 - 2,0,

[17:57:05.026] [bmv2] [D] [thread 53263] [7.0] [cxt 0] Action entry is ingress.AddHeader2 - 2,0,
[17:57:05.026] [bmv2] [T] [thread 53263] [7.0] [cxt 0] Action ingress.AddHeader2
[17:57:05.026] [bmv2] [T] [thread 53263] [7.0] [cxt 0] /home/parallels/Desktop/minicode/p4-10-srcRouting/srcRoute.p4(127) Primitive hdr.srcRoutes.push_front(1)
[17:57:05.026] [bmv2] [T] [thread 53263] [7.0] [cxt 0] /home/parallels/Desktop/minicode/p4-10-srcRouting/srcRoute.p4(128) Primitive hdr.srcRoutes[0].setValid()
[17:57:05.026] [bmv2] [T] [thread 53263] [7.0] [cxt 0] /home/parallels/Desktop/minicode/p4-10-srcRouting/srcRoute.p4(129) Primitive hdr.srcRoutes[0].port = port
[17:57:05.026] [bmv2] [T] [thread 53263] [7.0] [cxt 0] /home/parallels/Desktop/minicode/p4-10-srcRouting/srcRoute.p4(130) Primitive hdr.srcRoutes[0].bos = flag
[17:57:05.026] [bmv2] [T] [thread 53263] [7.0] [cxt 0] /home/parallels/Desktop/minicode/p4-10-srcRouting/srcRoute.p4(164) Condition "hdr.srcRoutes[0].isValid()" (node_5) is true
[17:57:05.026] [bmv2] [T] [thread 53263] [7.0] [cxt 0] /home/parallels/Desktop/minicode/p4-10-srcRouting/srcRoute.p4(165) Condition "hdr.srcRoutes[0].bos == 1" (node_6) is false
[17:57:05.026] [bmv2] [T] [thread 53263] [7.0] [cxt 0] Applying table 'tbl_srcRoute_nhop'
[17:57:05.026] [bmv2] [D] [thread 53263] [7.0] [cxt 0] Looking up key:

[17:57:05.026] [bmv2] [D] [thread 53263] [7.0] [cxt 0] Table 'tbl_srcRoute_nhop': miss
[17:57:05.026] [bmv2] [D] [thread 53263] [7.0] [cxt 0] Action entry is ingress.srcRoute_nhop - 
[17:57:05.026] [bmv2] [T] [thread 53263] [7.0] [cxt 0] Action ingress.srcRoute_nhop
[17:57:05.026] [bmv2] [T] [thread 53263] [7.0] [cxt 0] /home/parallels/Desktop/minicode/p4-10-srcRouting/srcRoute.p4(106) Primitive standard_metadata.egress_spec = (bit<9>) hdr.srcRoutes[0].port
[17:57:05.026] [bmv2] [T] [thread 53263] [7.0] [cxt 0] /home/parallels/Desktop/minicode/p4-10-srcRouting/srcRoute.p4(107) Primitive hdr.srcRoutes.pop_front(1)
[17:57:05.026] [bmv2] [T] [thread 53263] [7.0] [cxt 0] /home/parallels/Desktop/minicode/p4-10-srcRouting/srcRoute.p4(169) Condition "hdr.ipv4.isValid()" (node_9) is true
[17:57:05.026] [bmv2] [T] [thread 53263] [7.0] [cxt 0] Applying table 'tbl_update_ttl'
[17:57:05.026] [bmv2] [D] [thread 53263] [7.0] [cxt 0] Looking up key:

[17:57:05.026] [bmv2] [D] [thread 53263] [7.0] [cxt 0] Table 'tbl_update_ttl': miss
[17:57:05.026] [bmv2] [D] [thread 53263] [7.0] [cxt 0] Action entry is ingress.update_ttl - 
[17:57:05.026] [bmv2] [T] [thread 53263] [7.0] [cxt 0] Action ingress.update_ttl
[17:57:05.026] [bmv2] [T] [thread 53263] [7.0] [cxt 0] /home/parallels/Desktop/minicode/p4-10-srcRouting/srcRoute.p4(115) Primitive hdr.ipv4.ttl = hdr.ipv4.ttl - 1
[17:57:05.026] [bmv2] [D] [thread 53263] [7.0] [cxt 0] Pipeline 'ingress': end
[17:57:05.026] [bmv2] [D] [thread 53263] [7.0] [cxt 0] Egress port is 2
[17:57:05.026] [bmv2] [D] [thread 53266] [7.0] [cxt 0] Pipeline 'egress': start
[17:57:05.026] [bmv2] [T] [thread 53266] [7.0] [cxt 0] Applying table 'egress.ipv4_final'
[17:57:05.026] [bmv2] [D] [thread 53266] [7.0] [cxt 0] Looking up key:
* hdr.ipv4.dstAddr    : 0a000101

[17:57:05.026] [bmv2] [D] [thread 53266] [7.0] [cxt 0] Table 'egress.ipv4_final': miss
[17:57:05.026] [bmv2] [D] [thread 53266] [7.0] [cxt 0] Action entry is NoAction - 
[17:57:05.026] [bmv2] [T] [thread 53266] [7.0] [cxt 0] Action NoAction
[17:57:05.026] [bmv2] [D] [thread 53266] [7.0] [cxt 0] Pipeline 'egress': end
[17:57:05.026] [bmv2] [D] [thread 53266] [7.0] [cxt 0] Deparser 'deparser': start
[17:57:05.026] [bmv2] [D] [thread 53266] [7.0] [cxt 0] Updating checksum 'cksum'
[17:57:05.026] [bmv2] [D] [thread 53266] [7.0] [cxt 0] Deparsing header 'ethernet'
[17:57:05.026] [bmv2] [D] [thread 53266] [7.0] [cxt 0] Deparsing header 'srcRoutes[0]'
[17:57:05.026] [bmv2] [D] [thread 53266] [7.0] [cxt 0] Deparsing header 'ipv4'
[17:57:05.026] [bmv2] [D] [thread 53266] [7.0] [cxt 0] Deparser 'deparser': end
[17:57:05.026] [bmv2] [D] [thread 53268] [7.0] [cxt 0] Transmitting packet of size 100 out of port 2
