Calling target program-options parser
[16:53:43.611] [bmv2] [D] [thread 38429] Set default default entry for table 'tbl_antiScan179': antiScan179 - 
[16:53:43.611] [bmv2] [D] [thread 38429] Set default default entry for table 'tbl_add_syn_cnt': MyIngress.add_syn_cnt - 
[16:53:43.611] [bmv2] [D] [thread 38429] Set default default entry for table 'tbl_antiScan186': antiScan186 - 
[16:53:43.611] [bmv2] [D] [thread 38429] Set default default entry for table 'tbl_antiScan190': antiScan190 - 
[16:53:43.611] [bmv2] [D] [thread 38429] Set default default entry for table 'tbl_add_syn_ack_cnt': MyIngress.add_syn_ack_cnt - 
[16:53:43.611] [bmv2] [D] [thread 38429] Set default default entry for table 'MyIngress.ipv4_lpm': MyIngress.drop - 
Adding interface s1-eth1 as port 1
[16:53:43.611] [bmv2] [D] [thread 38429] Adding interface s1-eth1 as port 1
Adding interface s1-eth2 as port 2
[16:53:43.648] [bmv2] [D] [thread 38429] Adding interface s1-eth2 as port 2
Adding interface s1-eth3 as port 3
[16:53:43.672] [bmv2] [D] [thread 38429] Adding interface s1-eth3 as port 3
[16:53:43.696] [bmv2] [I] [thread 38429] Starting Thrift server on port 9090
[16:53:43.697] [bmv2] [I] [thread 38429] Thrift server was started
[16:53:43.773] [bmv2] [T] [thread 38475] bm_get_config
[16:53:43.774] [bmv2] [T] [thread 38475] bm_table_add_entry
[16:53:43.774] [bmv2] [D] [thread 38475] Entry 0 added to table 'MyIngress.ipv4_lpm'
[16:53:43.774] [bmv2] [D] [thread 38475] Dumping entry 0
Match key:
* hdr.ipv4.dstAddr    : LPM       0a010102/32
Action entry: MyIngress.forward - a010102,1,

[16:53:43.774] [bmv2] [T] [thread 38475] bm_table_add_entry
[16:53:43.774] [bmv2] [D] [thread 38475] Entry 1 added to table 'MyIngress.ipv4_lpm'
[16:53:43.774] [bmv2] [D] [thread 38475] Dumping entry 1
Match key:
* hdr.ipv4.dstAddr    : LPM       0a010202/32
Action entry: MyIngress.forward - a010202,2,

[16:53:43.774] [bmv2] [T] [thread 38475] bm_table_add_entry
[16:53:43.774] [bmv2] [D] [thread 38475] Entry 2 added to table 'MyIngress.ipv4_lpm'
[16:53:43.774] [bmv2] [D] [thread 38475] Dumping entry 2
Match key:
* hdr.ipv4.dstAddr    : LPM       0a010302/32
Action entry: MyIngress.forward - a010302,3,

[16:53:45.820] [bmv2] [D] [thread 38435] [0.0] [cxt 0] Processing packet received on port 1
[16:53:45.820] [bmv2] [D] [thread 38435] [0.0] [cxt 0] Parser 'parser': start
[16:53:45.820] [bmv2] [D] [thread 38435] [0.0] [cxt 0] Parser 'parser' entering state 'start'
[16:53:45.820] [bmv2] [D] [thread 38435] [0.0] [cxt 0] Extracting header 'ethernet'
[16:53:45.820] [bmv2] [D] [thread 38435] [0.0] [cxt 0] Parser state 'start': key is 0800
[16:53:45.820] [bmv2] [T] [thread 38435] [0.0] [cxt 0] Bytes parsed: 14
[16:53:45.820] [bmv2] [D] [thread 38435] [0.0] [cxt 0] Parser 'parser' entering state 'parse_ipv4'
[16:53:45.820] [bmv2] [D] [thread 38435] [0.0] [cxt 0] Extracting header 'ipv4'
[16:53:45.820] [bmv2] [D] [thread 38435] [0.0] [cxt 0] Parser set: setting field 'scalars.tmp' from field 'ipv4.protocol' (1)
[16:53:45.820] [bmv2] [D] [thread 38435] [0.0] [cxt 0] Executing method log_msg
[16:53:45.820] [bmv2] [T] [thread 38435] [0.0] [cxt 0] Action log_msg
[16:53:45.820] [bmv2] [T] [thread 38435] [0.0] [cxt 0] /home/parallels/Desktop/minicode/p4-15-antiScan/antiScan.p4(98) Primitive         log_msg(\"PROTOCOL {}\",{hdr.ipv4.protocol});
[16:53:45.820] [bmv2] [I] [thread 38435] PROTOCOL 1
[16:53:45.820] [bmv2] [D] [thread 38435] [0.0] [cxt 0] Parser state 'parse_ipv4': key is 01
[16:53:45.820] [bmv2] [T] [thread 38435] [0.0] [cxt 0] Bytes parsed: 34
[16:53:45.820] [bmv2] [D] [thread 38435] [0.0] [cxt 0] Parser 'parser': end
[16:53:45.820] [bmv2] [D] [thread 38435] [0.0] [cxt 0] Pipeline 'ingress': start
[16:53:45.820] [bmv2] [T] [thread 38435] [0.0] [cxt 0] Applying table 'tbl_antiScan179'
[16:53:45.820] [bmv2] [D] [thread 38435] [0.0] [cxt 0] Looking up key:

[16:53:45.820] [bmv2] [D] [thread 38435] [0.0] [cxt 0] Table 'tbl_antiScan179': miss
[16:53:45.820] [bmv2] [D] [thread 38435] [0.0] [cxt 0] Action entry is antiScan179 - 
[16:53:45.820] [bmv2] [T] [thread 38435] [0.0] [cxt 0] Action antiScan179
[16:53:45.820] [bmv2] [T] [thread 38435] [0.0] [cxt 0] /home/parallels/Desktop/minicode/p4-15-antiScan/antiScan.p4(179) Primitive bit<1> isDrop = 0;
[16:53:45.820] [bmv2] [T] [thread 38435] [0.0] [cxt 0] /home/parallels/Desktop/minicode/p4-15-antiScan/antiScan.p4(180) Condition "hdr.tcp.isValid()" (node_3) is false
[16:53:45.820] [bmv2] [T] [thread 38435] [0.0] [cxt 0] /home/parallels/Desktop/minicode/p4-15-antiScan/antiScan.p4(196) Condition "hdr.ipv4.isValid() && isDrop == 0" (node_11) is true
[16:53:45.820] [bmv2] [T] [thread 38435] [0.0] [cxt 0] Applying table 'MyIngress.ipv4_lpm'
[16:53:45.820] [bmv2] [D] [thread 38435] [0.0] [cxt 0] Looking up key:
* hdr.ipv4.dstAddr    : 0a010202

[16:53:45.820] [bmv2] [D] [thread 38435] [0.0] [cxt 0] Table 'MyIngress.ipv4_lpm': hit with handle 1
[16:53:45.820] [bmv2] [D] [thread 38435] [0.0] [cxt 0] Dumping entry 1
Match key:
* hdr.ipv4.dstAddr    : LPM       0a010202/32
Action entry: MyIngress.forward - a010202,2,

[16:53:45.820] [bmv2] [D] [thread 38435] [0.0] [cxt 0] Action entry is MyIngress.forward - a010202,2,
[16:53:45.820] [bmv2] [T] [thread 38435] [0.0] [cxt 0] Action MyIngress.forward
[16:53:45.820] [bmv2] [T] [thread 38435] [0.0] [cxt 0] /home/parallels/Desktop/minicode/p4-15-antiScan/antiScan.p4(139) Primitive hdr.ethernet.srcAddr = hdr.ethernet.dstAddr
[16:53:45.820] [bmv2] [T] [thread 38435] [0.0] [cxt 0] /home/parallels/Desktop/minicode/p4-15-antiScan/antiScan.p4(142) Primitive hdr.ethernet.dstAddr = dstAddr
[16:53:45.820] [bmv2] [T] [thread 38435] [0.0] [cxt 0] /home/parallels/Desktop/minicode/p4-15-antiScan/antiScan.p4(145) Primitive standard_metadata.egress_spec = port
[16:53:45.820] [bmv2] [T] [thread 38435] [0.0] [cxt 0] /home/parallels/Desktop/minicode/p4-15-antiScan/antiScan.p4(148) Primitive hdr.ipv4.ttl = hdr.ipv4.ttl - 1
[16:53:45.820] [bmv2] [D] [thread 38435] [0.0] [cxt 0] Pipeline 'ingress': end
[16:53:45.820] [bmv2] [D] [thread 38435] [0.0] [cxt 0] Egress port is 2
[16:53:45.820] [bmv2] [D] [thread 38438] [0.0] [cxt 0] Pipeline 'egress': start
[16:53:45.820] [bmv2] [D] [thread 38438] [0.0] [cxt 0] Pipeline 'egress': end
[16:53:45.820] [bmv2] [D] [thread 38438] [0.0] [cxt 0] Deparser 'deparser': start
[16:53:45.820] [bmv2] [D] [thread 38438] [0.0] [cxt 0] Updating checksum 'cksum'
[16:53:45.820] [bmv2] [D] [thread 38438] [0.0] [cxt 0] Deparsing header 'ethernet'
[16:53:45.820] [bmv2] [D] [thread 38438] [0.0] [cxt 0] Deparsing header 'ipv4'
[16:53:45.820] [bmv2] [D] [thread 38438] [0.0] [cxt 0] Deparser 'deparser': end
[16:53:45.820] [bmv2] [D] [thread 38440] [0.0] [cxt 0] Transmitting packet of size 98 out of port 2
[16:53:45.820] [bmv2] [D] [thread 38435] [1.0] [cxt 0] Processing packet received on port 2
[16:53:45.820] [bmv2] [D] [thread 38435] [1.0] [cxt 0] Parser 'parser': start
[16:53:45.820] [bmv2] [D] [thread 38435] [1.0] [cxt 0] Parser 'parser' entering state 'start'
[16:53:45.820] [bmv2] [D] [thread 38435] [1.0] [cxt 0] Extracting header 'ethernet'
[16:53:45.820] [bmv2] [D] [thread 38435] [1.0] [cxt 0] Parser state 'start': key is 0800
[16:53:45.820] [bmv2] [T] [thread 38435] [1.0] [cxt 0] Bytes parsed: 14
[16:53:45.820] [bmv2] [D] [thread 38435] [1.0] [cxt 0] Parser 'parser' entering state 'parse_ipv4'
[16:53:45.820] [bmv2] [D] [thread 38435] [1.0] [cxt 0] Extracting header 'ipv4'
[16:53:45.820] [bmv2] [D] [thread 38435] [1.0] [cxt 0] Parser set: setting field 'scalars.tmp' from field 'ipv4.protocol' (1)
[16:53:45.820] [bmv2] [D] [thread 38435] [1.0] [cxt 0] Executing method log_msg
[16:53:45.820] [bmv2] [T] [thread 38435] [1.0] [cxt 0] Action log_msg
[16:53:45.820] [bmv2] [T] [thread 38435] [1.0] [cxt 0] /home/parallels/Desktop/minicode/p4-15-antiScan/antiScan.p4(98) Primitive         log_msg(\"PROTOCOL {}\",{hdr.ipv4.protocol});
[16:53:45.820] [bmv2] [I] [thread 38435] PROTOCOL 1
[16:53:45.820] [bmv2] [D] [thread 38435] [1.0] [cxt 0] Parser state 'parse_ipv4': key is 01
[16:53:45.820] [bmv2] [T] [thread 38435] [1.0] [cxt 0] Bytes parsed: 34
[16:53:45.820] [bmv2] [D] [thread 38435] [1.0] [cxt 0] Parser 'parser': end
[16:53:45.820] [bmv2] [D] [thread 38435] [1.0] [cxt 0] Pipeline 'ingress': start
[16:53:45.820] [bmv2] [T] [thread 38435] [1.0] [cxt 0] Applying table 'tbl_antiScan179'
[16:53:45.820] [bmv2] [D] [thread 38435] [1.0] [cxt 0] Looking up key:

[16:53:45.820] [bmv2] [D] [thread 38435] [1.0] [cxt 0] Table 'tbl_antiScan179': miss
[16:53:45.820] [bmv2] [D] [thread 38435] [1.0] [cxt 0] Action entry is antiScan179 - 
[16:53:45.820] [bmv2] [T] [thread 38435] [1.0] [cxt 0] Action antiScan179
[16:53:45.820] [bmv2] [T] [thread 38435] [1.0] [cxt 0] /home/parallels/Desktop/minicode/p4-15-antiScan/antiScan.p4(179) Primitive bit<1> isDrop = 0;
[16:53:45.820] [bmv2] [T] [thread 38435] [1.0] [cxt 0] /home/parallels/Desktop/minicode/p4-15-antiScan/antiScan.p4(180) Condition "hdr.tcp.isValid()" (node_3) is false
[16:53:45.820] [bmv2] [T] [thread 38435] [1.0] [cxt 0] /home/parallels/Desktop/minicode/p4-15-antiScan/antiScan.p4(196) Condition "hdr.ipv4.isValid() && isDrop == 0" (node_11) is true
[16:53:45.820] [bmv2] [T] [thread 38435] [1.0] [cxt 0] Applying table 'MyIngress.ipv4_lpm'
[16:53:45.820] [bmv2] [D] [thread 38435] [1.0] [cxt 0] Looking up key:
* hdr.ipv4.dstAddr    : 0a010102

[16:53:45.820] [bmv2] [D] [thread 38435] [1.0] [cxt 0] Table 'MyIngress.ipv4_lpm': hit with handle 0
[16:53:45.820] [bmv2] [D] [thread 38435] [1.0] [cxt 0] Dumping entry 0
Match key:
* hdr.ipv4.dstAddr    : LPM       0a010102/32
Action entry: MyIngress.forward - a010102,1,

[16:53:45.820] [bmv2] [D] [thread 38435] [1.0] [cxt 0] Action entry is MyIngress.forward - a010102,1,
[16:53:45.820] [bmv2] [T] [thread 38435] [1.0] [cxt 0] Action MyIngress.forward
[16:53:45.820] [bmv2] [T] [thread 38435] [1.0] [cxt 0] /home/parallels/Desktop/minicode/p4-15-antiScan/antiScan.p4(139) Primitive hdr.ethernet.srcAddr = hdr.ethernet.dstAddr
[16:53:45.820] [bmv2] [T] [thread 38435] [1.0] [cxt 0] /home/parallels/Desktop/minicode/p4-15-antiScan/antiScan.p4(142) Primitive hdr.ethernet.dstAddr = dstAddr
[16:53:45.820] [bmv2] [T] [thread 38435] [1.0] [cxt 0] /home/parallels/Desktop/minicode/p4-15-antiScan/antiScan.p4(145) Primitive standard_metadata.egress_spec = port
[16:53:45.820] [bmv2] [T] [thread 38435] [1.0] [cxt 0] /home/parallels/Desktop/minicode/p4-15-antiScan/antiScan.p4(148) Primitive hdr.ipv4.ttl = hdr.ipv4.ttl - 1
[16:53:45.820] [bmv2] [D] [thread 38435] [1.0] [cxt 0] Pipeline 'ingress': end
[16:53:45.820] [bmv2] [D] [thread 38435] [1.0] [cxt 0] Egress port is 1
[16:53:45.820] [bmv2] [D] [thread 38437] [1.0] [cxt 0] Pipeline 'egress': start
[16:53:45.820] [bmv2] [D] [thread 38437] [1.0] [cxt 0] Pipeline 'egress': end
[16:53:45.820] [bmv2] [D] [thread 38437] [1.0] [cxt 0] Deparser 'deparser': start
[16:53:45.820] [bmv2] [D] [thread 38437] [1.0] [cxt 0] Updating checksum 'cksum'
[16:53:45.820] [bmv2] [D] [thread 38437] [1.0] [cxt 0] Deparsing header 'ethernet'
[16:53:45.820] [bmv2] [D] [thread 38437] [1.0] [cxt 0] Deparsing header 'ipv4'
[16:53:45.820] [bmv2] [D] [thread 38437] [1.0] [cxt 0] Deparser 'deparser': end
[16:53:45.820] [bmv2] [D] [thread 38440] [1.0] [cxt 0] Transmitting packet of size 98 out of port 1
[16:56:04.474] [bmv2] [D] [thread 38435] [2.0] [cxt 0] Processing packet received on port 1
[16:56:04.474] [bmv2] [D] [thread 38435] [2.0] [cxt 0] Parser 'parser': start
[16:56:04.474] [bmv2] [D] [thread 38435] [2.0] [cxt 0] Parser 'parser' entering state 'start'
[16:56:04.474] [bmv2] [D] [thread 38435] [2.0] [cxt 0] Extracting header 'ethernet'
[16:56:04.474] [bmv2] [D] [thread 38435] [2.0] [cxt 0] Parser state 'start': key is 0800
[16:56:04.474] [bmv2] [T] [thread 38435] [2.0] [cxt 0] Bytes parsed: 14
[16:56:04.474] [bmv2] [D] [thread 38435] [2.0] [cxt 0] Parser 'parser' entering state 'parse_ipv4'
[16:56:04.474] [bmv2] [D] [thread 38435] [2.0] [cxt 0] Extracting header 'ipv4'
[16:56:04.474] [bmv2] [D] [thread 38435] [2.0] [cxt 0] Parser set: setting field 'scalars.tmp' from field 'ipv4.protocol' (6)
[16:56:04.474] [bmv2] [D] [thread 38435] [2.0] [cxt 0] Executing method log_msg
[16:56:04.474] [bmv2] [T] [thread 38435] [2.0] [cxt 0] Action log_msg
[16:56:04.474] [bmv2] [T] [thread 38435] [2.0] [cxt 0] /home/parallels/Desktop/minicode/p4-15-antiScan/antiScan.p4(98) Primitive         log_msg(\"PROTOCOL {}\",{hdr.ipv4.protocol});
[16:56:04.474] [bmv2] [I] [thread 38435] PROTOCOL 6
[16:56:04.474] [bmv2] [D] [thread 38435] [2.0] [cxt 0] Parser state 'parse_ipv4': key is 06
[16:56:04.474] [bmv2] [T] [thread 38435] [2.0] [cxt 0] Bytes parsed: 34
[16:56:04.474] [bmv2] [D] [thread 38435] [2.0] [cxt 0] Parser 'parser' entering state 'parse_tcp'
[16:56:04.474] [bmv2] [D] [thread 38435] [2.0] [cxt 0] Extracting header 'tcp'
[16:56:04.474] [bmv2] [D] [thread 38435] [2.0] [cxt 0] Parser state 'parse_tcp' has no switch, going to default next state
[16:56:04.474] [bmv2] [T] [thread 38435] [2.0] [cxt 0] Bytes parsed: 54
[16:56:04.474] [bmv2] [D] [thread 38435] [2.0] [cxt 0] Parser 'parser': end
[16:56:04.474] [bmv2] [D] [thread 38435] [2.0] [cxt 0] Pipeline 'ingress': start
[16:56:04.474] [bmv2] [T] [thread 38435] [2.0] [cxt 0] Applying table 'tbl_antiScan179'
[16:56:04.474] [bmv2] [D] [thread 38435] [2.0] [cxt 0] Looking up key:

[16:56:04.474] [bmv2] [D] [thread 38435] [2.0] [cxt 0] Table 'tbl_antiScan179': miss
[16:56:04.474] [bmv2] [D] [thread 38435] [2.0] [cxt 0] Action entry is antiScan179 - 
[16:56:04.474] [bmv2] [T] [thread 38435] [2.0] [cxt 0] Action antiScan179
[16:56:04.474] [bmv2] [T] [thread 38435] [2.0] [cxt 0] /home/parallels/Desktop/minicode/p4-15-antiScan/antiScan.p4(179) Primitive bit<1> isDrop = 0;
[16:56:04.474] [bmv2] [T] [thread 38435] [2.0] [cxt 0] /home/parallels/Desktop/minicode/p4-15-antiScan/antiScan.p4(180) Condition "hdr.tcp.isValid()" (node_3) is true
[16:56:04.474] [bmv2] [T] [thread 38435] [2.0] [cxt 0] /home/parallels/Desktop/minicode/p4-15-antiScan/antiScan.p4(181) Condition "hdr.tcp.flags == SYN" (node_4) is true
[16:56:04.474] [bmv2] [T] [thread 38435] [2.0] [cxt 0] Applying table 'tbl_add_syn_cnt'
[16:56:04.474] [bmv2] [D] [thread 38435] [2.0] [cxt 0] Looking up key:

[16:56:04.474] [bmv2] [D] [thread 38435] [2.0] [cxt 0] Table 'tbl_add_syn_cnt': miss
[16:56:04.474] [bmv2] [D] [thread 38435] [2.0] [cxt 0] Action entry is MyIngress.add_syn_cnt - 
[16:56:04.474] [bmv2] [T] [thread 38435] [2.0] [cxt 0] Action MyIngress.add_syn_cnt
[16:56:04.474] [bmv2] [T] [thread 38435] [2.0] [cxt 0] /home/parallels/Desktop/minicode/p4-15-antiScan/antiScan.p4(153) Primitive hdr.ipv4.srcAddr
[16:56:04.474] [bmv2] [T] [thread 38435] [2.0] [cxt 0] /home/parallels/Desktop/minicode/p4-15-antiScan/antiScan.p4(153) Primitive hash(meta.flowHash,HashAlgorithm.crc16,16w0,{hdr.ipv4.srcAddr},32w100)
[16:56:04.474] [bmv2] [T] [thread 38435] [2.0] [cxt 0] hash(base=0, max=100) = 98
[16:56:04.474] [bmv2] [T] [thread 38435] [2.0] [cxt 0] /home/parallels/Desktop/minicode/p4-15-antiScan/antiScan.p4(154) Primitive (bit<32>)meta.flowHash
[16:56:04.474] [bmv2] [T] [thread 38435] [2.0] [cxt 0] /home/parallels/Desktop/minicode/p4-15-antiScan/antiScan.p4(154) Primitive syn_cnt.read(meta.syn_cnt, (bit<32>)meta.flowHash)
[16:56:04.474] [bmv2] [T] [thread 38435] [2.0] [cxt 0] Read register 'syn_cnt' at index 98 read value 0
[16:56:04.474] [bmv2] [T] [thread 38435] [2.0] [cxt 0] /home/parallels/Desktop/minicode/p4-15-antiScan/antiScan.p4(155) Primitive meta.syn_cnt = meta.syn_cnt + 1
[16:56:04.474] [bmv2] [T] [thread 38435] [2.0] [cxt 0] /home/parallels/Desktop/minicode/p4-15-antiScan/antiScan.p4(156) Primitive (bit<32>)meta.flowHash
[16:56:04.474] [bmv2] [T] [thread 38435] [2.0] [cxt 0] /home/parallels/Desktop/minicode/p4-15-antiScan/antiScan.p4(156) Primitive syn_cnt.write((bit<32>)meta.flowHash, meta.syn_cnt)
[16:56:04.474] [bmv2] [T] [thread 38435] [2.0] [cxt 0] Wrote register 'syn_cnt' at index 98 with value 1
[16:56:04.474] [bmv2] [T] [thread 38435] [2.0] [cxt 0] Applying table 'tbl_antiScan186'
[16:56:04.474] [bmv2] [D] [thread 38435] [2.0] [cxt 0] Looking up key:

[16:56:04.474] [bmv2] [D] [thread 38435] [2.0] [cxt 0] Table 'tbl_antiScan186': miss
[16:56:04.474] [bmv2] [D] [thread 38435] [2.0] [cxt 0] Action entry is antiScan186 - 
[16:56:04.474] [bmv2] [T] [thread 38435] [2.0] [cxt 0] Action antiScan186
[16:56:04.474] [bmv2] [T] [thread 38435] [2.0] [cxt 0] /home/parallels/Desktop/minicode/p4-15-antiScan/antiScan.p4(186) Primitive (bit<32>)meta.flowHash
[16:56:04.474] [bmv2] [T] [thread 38435] [2.0] [cxt 0] /home/parallels/Desktop/minicode/p4-15-antiScan/antiScan.p4(186) Primitive syn_cnt.read(var1, (bit<32>)meta.flowHash)
[16:56:04.474] [bmv2] [T] [thread 38435] [2.0] [cxt 0] Read register 'syn_cnt' at index 98 read value 1
[16:56:04.474] [bmv2] [T] [thread 38435] [2.0] [cxt 0] /home/parallels/Desktop/minicode/p4-15-antiScan/antiScan.p4(187) Primitive (bit<32>)meta.flowHash
[16:56:04.474] [bmv2] [T] [thread 38435] [2.0] [cxt 0] /home/parallels/Desktop/minicode/p4-15-antiScan/antiScan.p4(187) Primitive syn_ack_cnt.read(var2, (bit<32>)meta.flowHash)
[16:56:04.474] [bmv2] [T] [thread 38435] [2.0] [cxt 0] Read register 'syn_ack_cnt' at index 98 read value 0
[16:56:04.474] [bmv2] [T] [thread 38435] [2.0] [cxt 0] /home/parallels/Desktop/minicode/p4-15-antiScan/antiScan.p4(189) Condition "var1 >= var2 + 3" (node_7) is false
[16:56:04.474] [bmv2] [T] [thread 38435] [2.0] [cxt 0] /home/parallels/Desktop/minicode/p4-15-antiScan/antiScan.p4(196) Condition "hdr.ipv4.isValid() && isDrop == 0" (node_11) is true
[16:56:04.474] [bmv2] [T] [thread 38435] [2.0] [cxt 0] Applying table 'MyIngress.ipv4_lpm'
[16:56:04.474] [bmv2] [D] [thread 38435] [2.0] [cxt 0] Looking up key:
* hdr.ipv4.dstAddr    : 0a010302

[16:56:04.474] [bmv2] [D] [thread 38435] [2.0] [cxt 0] Table 'MyIngress.ipv4_lpm': hit with handle 2
[16:56:04.474] [bmv2] [D] [thread 38435] [2.0] [cxt 0] Dumping entry 2
Match key:
* hdr.ipv4.dstAddr    : LPM       0a010302/32
Action entry: MyIngress.forward - a010302,3,

[16:56:04.474] [bmv2] [D] [thread 38435] [2.0] [cxt 0] Action entry is MyIngress.forward - a010302,3,
[16:56:04.474] [bmv2] [T] [thread 38435] [2.0] [cxt 0] Action MyIngress.forward
[16:56:04.474] [bmv2] [T] [thread 38435] [2.0] [cxt 0] /home/parallels/Desktop/minicode/p4-15-antiScan/antiScan.p4(139) Primitive hdr.ethernet.srcAddr = hdr.ethernet.dstAddr
[16:56:04.474] [bmv2] [T] [thread 38435] [2.0] [cxt 0] /home/parallels/Desktop/minicode/p4-15-antiScan/antiScan.p4(142) Primitive hdr.ethernet.dstAddr = dstAddr
[16:56:04.474] [bmv2] [T] [thread 38435] [2.0] [cxt 0] /home/parallels/Desktop/minicode/p4-15-antiScan/antiScan.p4(145) Primitive standard_metadata.egress_spec = port
[16:56:04.474] [bmv2] [T] [thread 38435] [2.0] [cxt 0] /home/parallels/Desktop/minicode/p4-15-antiScan/antiScan.p4(148) Primitive hdr.ipv4.ttl = hdr.ipv4.ttl - 1
[16:56:04.474] [bmv2] [D] [thread 38435] [2.0] [cxt 0] Pipeline 'ingress': end
[16:56:04.474] [bmv2] [D] [thread 38435] [2.0] [cxt 0] Egress port is 3
[16:56:04.475] [bmv2] [D] [thread 38439] [2.0] [cxt 0] Pipeline 'egress': start
[16:56:04.475] [bmv2] [D] [thread 38439] [2.0] [cxt 0] Pipeline 'egress': end
[16:56:04.475] [bmv2] [D] [thread 38439] [2.0] [cxt 0] Deparser 'deparser': start
[16:56:04.475] [bmv2] [D] [thread 38439] [2.0] [cxt 0] Updating checksum 'cksum'
[16:56:04.475] [bmv2] [D] [thread 38439] [2.0] [cxt 0] Deparsing header 'ethernet'
[16:56:04.475] [bmv2] [D] [thread 38439] [2.0] [cxt 0] Deparsing header 'ipv4'
[16:56:04.475] [bmv2] [D] [thread 38439] [2.0] [cxt 0] Deparsing header 'tcp'
[16:56:04.475] [bmv2] [D] [thread 38439] [2.0] [cxt 0] Deparser 'deparser': end
[16:56:04.475] [bmv2] [D] [thread 38440] [2.0] [cxt 0] Transmitting packet of size 74 out of port 3
[16:56:04.475] [bmv2] [D] [thread 38435] [3.0] [cxt 0] Processing packet received on port 3
[16:56:04.475] [bmv2] [D] [thread 38435] [3.0] [cxt 0] Parser 'parser': start
[16:56:04.475] [bmv2] [D] [thread 38435] [3.0] [cxt 0] Parser 'parser' entering state 'start'
[16:56:04.475] [bmv2] [D] [thread 38435] [3.0] [cxt 0] Extracting header 'ethernet'
[16:56:04.475] [bmv2] [D] [thread 38435] [3.0] [cxt 0] Parser state 'start': key is 0800
[16:56:04.475] [bmv2] [T] [thread 38435] [3.0] [cxt 0] Bytes parsed: 14
[16:56:04.475] [bmv2] [D] [thread 38435] [3.0] [cxt 0] Parser 'parser' entering state 'parse_ipv4'
[16:56:04.475] [bmv2] [D] [thread 38435] [3.0] [cxt 0] Extracting header 'ipv4'
[16:56:04.475] [bmv2] [D] [thread 38435] [3.0] [cxt 0] Parser set: setting field 'scalars.tmp' from field 'ipv4.protocol' (6)
[16:56:04.475] [bmv2] [D] [thread 38435] [3.0] [cxt 0] Executing method log_msg
[16:56:04.475] [bmv2] [T] [thread 38435] [3.0] [cxt 0] Action log_msg
[16:56:04.475] [bmv2] [T] [thread 38435] [3.0] [cxt 0] /home/parallels/Desktop/minicode/p4-15-antiScan/antiScan.p4(98) Primitive         log_msg(\"PROTOCOL {}\",{hdr.ipv4.protocol});
[16:56:04.475] [bmv2] [I] [thread 38435] PROTOCOL 6
[16:56:04.475] [bmv2] [D] [thread 38435] [3.0] [cxt 0] Parser state 'parse_ipv4': key is 06
[16:56:04.475] [bmv2] [T] [thread 38435] [3.0] [cxt 0] Bytes parsed: 34
[16:56:04.475] [bmv2] [D] [thread 38435] [3.0] [cxt 0] Parser 'parser' entering state 'parse_tcp'
[16:56:04.475] [bmv2] [D] [thread 38435] [3.0] [cxt 0] Extracting header 'tcp'
[16:56:04.475] [bmv2] [D] [thread 38435] [3.0] [cxt 0] Parser state 'parse_tcp' has no switch, going to default next state
[16:56:04.475] [bmv2] [T] [thread 38435] [3.0] [cxt 0] Bytes parsed: 54
[16:56:04.475] [bmv2] [D] [thread 38435] [3.0] [cxt 0] Parser 'parser': end
[16:56:04.475] [bmv2] [D] [thread 38435] [3.0] [cxt 0] Pipeline 'ingress': start
[16:56:04.475] [bmv2] [T] [thread 38435] [3.0] [cxt 0] Applying table 'tbl_antiScan179'
[16:56:04.475] [bmv2] [D] [thread 38435] [3.0] [cxt 0] Looking up key:

[16:56:04.475] [bmv2] [D] [thread 38435] [3.0] [cxt 0] Table 'tbl_antiScan179': miss
[16:56:04.475] [bmv2] [D] [thread 38435] [3.0] [cxt 0] Action entry is antiScan179 - 
[16:56:04.475] [bmv2] [T] [thread 38435] [3.0] [cxt 0] Action antiScan179
[16:56:04.475] [bmv2] [T] [thread 38435] [3.0] [cxt 0] /home/parallels/Desktop/minicode/p4-15-antiScan/antiScan.p4(179) Primitive bit<1> isDrop = 0;
[16:56:04.475] [bmv2] [T] [thread 38435] [3.0] [cxt 0] /home/parallels/Desktop/minicode/p4-15-antiScan/antiScan.p4(180) Condition "hdr.tcp.isValid()" (node_3) is true
[16:56:04.475] [bmv2] [T] [thread 38435] [3.0] [cxt 0] /home/parallels/Desktop/minicode/p4-15-antiScan/antiScan.p4(181) Condition "hdr.tcp.flags == SYN" (node_4) is false
[16:56:04.475] [bmv2] [T] [thread 38435] [3.0] [cxt 0] /home/parallels/Desktop/minicode/p4-15-antiScan/antiScan.p4(192) Condition "hdr.tcp.flags == SYN_ACK" (node_9) is true
[16:56:04.475] [bmv2] [T] [thread 38435] [3.0] [cxt 0] Applying table 'tbl_add_syn_ack_cnt'
[16:56:04.475] [bmv2] [D] [thread 38435] [3.0] [cxt 0] Looking up key:

[16:56:04.475] [bmv2] [D] [thread 38435] [3.0] [cxt 0] Table 'tbl_add_syn_ack_cnt': miss
[16:56:04.475] [bmv2] [D] [thread 38435] [3.0] [cxt 0] Action entry is MyIngress.add_syn_ack_cnt - 
[16:56:04.475] [bmv2] [T] [thread 38435] [3.0] [cxt 0] Action MyIngress.add_syn_ack_cnt
[16:56:04.475] [bmv2] [T] [thread 38435] [3.0] [cxt 0] /home/parallels/Desktop/minicode/p4-15-antiScan/antiScan.p4(160) Primitive hdr.ipv4.dstAddr
[16:56:04.475] [bmv2] [T] [thread 38435] [3.0] [cxt 0] /home/parallels/Desktop/minicode/p4-15-antiScan/antiScan.p4(160) Primitive hash(meta.flowHash,HashAlgorithm.crc16,16w0,{hdr.ipv4.dstAddr},32w100)
[16:56:04.475] [bmv2] [T] [thread 38435] [3.0] [cxt 0] hash(base=0, max=100) = 98
[16:56:04.475] [bmv2] [T] [thread 38435] [3.0] [cxt 0] /home/parallels/Desktop/minicode/p4-15-antiScan/antiScan.p4(161) Primitive (bit<32>)meta.flowHash
[16:56:04.475] [bmv2] [T] [thread 38435] [3.0] [cxt 0] /home/parallels/Desktop/minicode/p4-15-antiScan/antiScan.p4(161) Primitive syn_ack_cnt.read(meta.syn_ack_cnt, (bit<32>)meta.flowHash)
[16:56:04.475] [bmv2] [T] [thread 38435] [3.0] [cxt 0] Read register 'syn_ack_cnt' at index 98 read value 0
[16:56:04.475] [bmv2] [T] [thread 38435] [3.0] [cxt 0] /home/parallels/Desktop/minicode/p4-15-antiScan/antiScan.p4(162) Primitive meta.syn_ack_cnt = meta.syn_ack_cnt + 1
[16:56:04.475] [bmv2] [T] [thread 38435] [3.0] [cxt 0] /home/parallels/Desktop/minicode/p4-15-antiScan/antiScan.p4(163) Primitive (bit<32>)meta.flowHash
[16:56:04.475] [bmv2] [T] [thread 38435] [3.0] [cxt 0] /home/parallels/Desktop/minicode/p4-15-antiScan/antiScan.p4(163) Primitive syn_ack_cnt.write((bit<32>)meta.flowHash, meta.syn_ack_cnt)
[16:56:04.475] [bmv2] [T] [thread 38435] [3.0] [cxt 0] Wrote register 'syn_ack_cnt' at index 98 with value 1
[16:56:04.475] [bmv2] [T] [thread 38435] [3.0] [cxt 0] /home/parallels/Desktop/minicode/p4-15-antiScan/antiScan.p4(196) Condition "hdr.ipv4.isValid() && isDrop == 0" (node_11) is true
[16:56:04.475] [bmv2] [T] [thread 38435] [3.0] [cxt 0] Applying table 'MyIngress.ipv4_lpm'
[16:56:04.475] [bmv2] [D] [thread 38435] [3.0] [cxt 0] Looking up key:
* hdr.ipv4.dstAddr    : 0a010102

[16:56:04.475] [bmv2] [D] [thread 38435] [3.0] [cxt 0] Table 'MyIngress.ipv4_lpm': hit with handle 0
[16:56:04.475] [bmv2] [D] [thread 38435] [3.0] [cxt 0] Dumping entry 0
Match key:
* hdr.ipv4.dstAddr    : LPM       0a010102/32
Action entry: MyIngress.forward - a010102,1,

[16:56:04.475] [bmv2] [D] [thread 38435] [3.0] [cxt 0] Action entry is MyIngress.forward - a010102,1,
[16:56:04.475] [bmv2] [T] [thread 38435] [3.0] [cxt 0] Action MyIngress.forward
[16:56:04.475] [bmv2] [T] [thread 38435] [3.0] [cxt 0] /home/parallels/Desktop/minicode/p4-15-antiScan/antiScan.p4(139) Primitive hdr.ethernet.srcAddr = hdr.ethernet.dstAddr
[16:56:04.475] [bmv2] [T] [thread 38435] [3.0] [cxt 0] /home/parallels/Desktop/minicode/p4-15-antiScan/antiScan.p4(142) Primitive hdr.ethernet.dstAddr = dstAddr
[16:56:04.475] [bmv2] [T] [thread 38435] [3.0] [cxt 0] /home/parallels/Desktop/minicode/p4-15-antiScan/antiScan.p4(145) Primitive standard_metadata.egress_spec = port
[16:56:04.475] [bmv2] [T] [thread 38435] [3.0] [cxt 0] /home/parallels/Desktop/minicode/p4-15-antiScan/antiScan.p4(148) Primitive hdr.ipv4.ttl = hdr.ipv4.ttl - 1
[16:56:04.475] [bmv2] [D] [thread 38435] [3.0] [cxt 0] Pipeline 'ingress': end
[16:56:04.475] [bmv2] [D] [thread 38435] [3.0] [cxt 0] Egress port is 1
[16:56:04.475] [bmv2] [D] [thread 38437] [3.0] [cxt 0] Pipeline 'egress': start
[16:56:04.475] [bmv2] [D] [thread 38437] [3.0] [cxt 0] Pipeline 'egress': end
[16:56:04.475] [bmv2] [D] [thread 38437] [3.0] [cxt 0] Deparser 'deparser': start
[16:56:04.475] [bmv2] [D] [thread 38437] [3.0] [cxt 0] Updating checksum 'cksum'
[16:56:04.475] [bmv2] [D] [thread 38437] [3.0] [cxt 0] Deparsing header 'ethernet'
[16:56:04.475] [bmv2] [D] [thread 38437] [3.0] [cxt 0] Deparsing header 'ipv4'
[16:56:04.475] [bmv2] [D] [thread 38437] [3.0] [cxt 0] Deparsing header 'tcp'
[16:56:04.475] [bmv2] [D] [thread 38437] [3.0] [cxt 0] Deparser 'deparser': end
[16:56:04.475] [bmv2] [D] [thread 38440] [3.0] [cxt 0] Transmitting packet of size 74 out of port 1
[16:56:04.475] [bmv2] [D] [thread 38435] [4.0] [cxt 0] Processing packet received on port 1
[16:56:04.475] [bmv2] [D] [thread 38435] [4.0] [cxt 0] Parser 'parser': start
[16:56:04.475] [bmv2] [D] [thread 38435] [4.0] [cxt 0] Parser 'parser' entering state 'start'
[16:56:04.475] [bmv2] [D] [thread 38435] [4.0] [cxt 0] Extracting header 'ethernet'
[16:56:04.476] [bmv2] [D] [thread 38435] [4.0] [cxt 0] Parser state 'start': key is 0800
[16:56:04.476] [bmv2] [T] [thread 38435] [4.0] [cxt 0] Bytes parsed: 14
[16:56:04.476] [bmv2] [D] [thread 38435] [4.0] [cxt 0] Parser 'parser' entering state 'parse_ipv4'
[16:56:04.476] [bmv2] [D] [thread 38435] [4.0] [cxt 0] Extracting header 'ipv4'
[16:56:04.476] [bmv2] [D] [thread 38435] [4.0] [cxt 0] Parser set: setting field 'scalars.tmp' from field 'ipv4.protocol' (6)
[16:56:04.476] [bmv2] [D] [thread 38435] [4.0] [cxt 0] Executing method log_msg
[16:56:04.476] [bmv2] [T] [thread 38435] [4.0] [cxt 0] Action log_msg
[16:56:04.476] [bmv2] [T] [thread 38435] [4.0] [cxt 0] /home/parallels/Desktop/minicode/p4-15-antiScan/antiScan.p4(98) Primitive         log_msg(\"PROTOCOL {}\",{hdr.ipv4.protocol});
[16:56:04.476] [bmv2] [I] [thread 38435] PROTOCOL 6
[16:56:04.476] [bmv2] [D] [thread 38435] [4.0] [cxt 0] Parser state 'parse_ipv4': key is 06
[16:56:04.476] [bmv2] [T] [thread 38435] [4.0] [cxt 0] Bytes parsed: 34
[16:56:04.476] [bmv2] [D] [thread 38435] [4.0] [cxt 0] Parser 'parser' entering state 'parse_tcp'
[16:56:04.476] [bmv2] [D] [thread 38435] [4.0] [cxt 0] Extracting header 'tcp'
[16:56:04.476] [bmv2] [D] [thread 38435] [4.0] [cxt 0] Parser state 'parse_tcp' has no switch, going to default next state
[16:56:04.476] [bmv2] [T] [thread 38435] [4.0] [cxt 0] Bytes parsed: 54
[16:56:04.476] [bmv2] [D] [thread 38435] [4.0] [cxt 0] Parser 'parser': end
[16:56:04.476] [bmv2] [D] [thread 38435] [4.0] [cxt 0] Pipeline 'ingress': start
[16:56:04.476] [bmv2] [T] [thread 38435] [4.0] [cxt 0] Applying table 'tbl_antiScan179'
[16:56:04.476] [bmv2] [D] [thread 38435] [4.0] [cxt 0] Looking up key:

[16:56:04.476] [bmv2] [D] [thread 38435] [4.0] [cxt 0] Table 'tbl_antiScan179': miss
[16:56:04.476] [bmv2] [D] [thread 38435] [4.0] [cxt 0] Action entry is antiScan179 - 
[16:56:04.476] [bmv2] [T] [thread 38435] [4.0] [cxt 0] Action antiScan179
[16:56:04.476] [bmv2] [T] [thread 38435] [4.0] [cxt 0] /home/parallels/Desktop/minicode/p4-15-antiScan/antiScan.p4(179) Primitive bit<1> isDrop = 0;
[16:56:04.476] [bmv2] [T] [thread 38435] [4.0] [cxt 0] /home/parallels/Desktop/minicode/p4-15-antiScan/antiScan.p4(180) Condition "hdr.tcp.isValid()" (node_3) is true
[16:56:04.476] [bmv2] [T] [thread 38435] [4.0] [cxt 0] /home/parallels/Desktop/minicode/p4-15-antiScan/antiScan.p4(181) Condition "hdr.tcp.flags == SYN" (node_4) is false
[16:56:04.476] [bmv2] [T] [thread 38435] [4.0] [cxt 0] /home/parallels/Desktop/minicode/p4-15-antiScan/antiScan.p4(192) Condition "hdr.tcp.flags == SYN_ACK" (node_9) is false
[16:56:04.476] [bmv2] [T] [thread 38435] [4.0] [cxt 0] /home/parallels/Desktop/minicode/p4-15-antiScan/antiScan.p4(196) Condition "hdr.ipv4.isValid() && isDrop == 0" (node_11) is true
[16:56:04.476] [bmv2] [T] [thread 38435] [4.0] [cxt 0] Applying table 'MyIngress.ipv4_lpm'
[16:56:04.476] [bmv2] [D] [thread 38435] [4.0] [cxt 0] Looking up key:
* hdr.ipv4.dstAddr    : 0a010302

[16:56:04.476] [bmv2] [D] [thread 38435] [4.0] [cxt 0] Table 'MyIngress.ipv4_lpm': hit with handle 2
[16:56:04.476] [bmv2] [D] [thread 38435] [4.0] [cxt 0] Dumping entry 2
Match key:
* hdr.ipv4.dstAddr    : LPM       0a010302/32
Action entry: MyIngress.forward - a010302,3,

[16:56:04.476] [bmv2] [D] [thread 38435] [4.0] [cxt 0] Action entry is MyIngress.forward - a010302,3,
[16:56:04.476] [bmv2] [T] [thread 38435] [4.0] [cxt 0] Action MyIngress.forward
[16:56:04.476] [bmv2] [T] [thread 38435] [4.0] [cxt 0] /home/parallels/Desktop/minicode/p4-15-antiScan/antiScan.p4(139) Primitive hdr.ethernet.srcAddr = hdr.ethernet.dstAddr
[16:56:04.476] [bmv2] [T] [thread 38435] [4.0] [cxt 0] /home/parallels/Desktop/minicode/p4-15-antiScan/antiScan.p4(142) Primitive hdr.ethernet.dstAddr = dstAddr
[16:56:04.476] [bmv2] [T] [thread 38435] [4.0] [cxt 0] /home/parallels/Desktop/minicode/p4-15-antiScan/antiScan.p4(145) Primitive standard_metadata.egress_spec = port
[16:56:04.476] [bmv2] [T] [thread 38435] [4.0] [cxt 0] /home/parallels/Desktop/minicode/p4-15-antiScan/antiScan.p4(148) Primitive hdr.ipv4.ttl = hdr.ipv4.ttl - 1
[16:56:04.476] [bmv2] [D] [thread 38435] [4.0] [cxt 0] Pipeline 'ingress': end
[16:56:04.476] [bmv2] [D] [thread 38435] [4.0] [cxt 0] Egress port is 3
[16:56:04.476] [bmv2] [D] [thread 38435] [5.0] [cxt 0] Processing packet received on port 1
[16:56:04.476] [bmv2] [D] [thread 38435] [5.0] [cxt 0] Parser 'parser': start
[16:56:04.476] [bmv2] [D] [thread 38435] [5.0] [cxt 0] Parser 'parser' entering state 'start'
[16:56:04.476] [bmv2] [D] [thread 38435] [5.0] [cxt 0] Extracting header 'ethernet'
[16:56:04.476] [bmv2] [D] [thread 38435] [5.0] [cxt 0] Parser state 'start': key is 0800
[16:56:04.476] [bmv2] [T] [thread 38435] [5.0] [cxt 0] Bytes parsed: 14
[16:56:04.476] [bmv2] [D] [thread 38435] [5.0] [cxt 0] Parser 'parser' entering state 'parse_ipv4'
[16:56:04.476] [bmv2] [D] [thread 38435] [5.0] [cxt 0] Extracting header 'ipv4'
[16:56:04.476] [bmv2] [D] [thread 38435] [5.0] [cxt 0] Parser set: setting field 'scalars.tmp' from field 'ipv4.protocol' (6)
[16:56:04.476] [bmv2] [D] [thread 38435] [5.0] [cxt 0] Executing method log_msg
[16:56:04.476] [bmv2] [T] [thread 38435] [5.0] [cxt 0] Action log_msg
[16:56:04.476] [bmv2] [T] [thread 38435] [5.0] [cxt 0] /home/parallels/Desktop/minicode/p4-15-antiScan/antiScan.p4(98) Primitive         log_msg(\"PROTOCOL {}\",{hdr.ipv4.protocol});
[16:56:04.476] [bmv2] [I] [thread 38435] PROTOCOL 6
[16:56:04.476] [bmv2] [D] [thread 38435] [5.0] [cxt 0] Parser state 'parse_ipv4': key is 06
[16:56:04.476] [bmv2] [T] [thread 38435] [5.0] [cxt 0] Bytes parsed: 34
[16:56:04.476] [bmv2] [D] [thread 38435] [5.0] [cxt 0] Parser 'parser' entering state 'parse_tcp'
[16:56:04.476] [bmv2] [D] [thread 38439] [4.0] [cxt 0] Pipeline 'egress': start
[16:56:04.476] [bmv2] [D] [thread 38439] [4.0] [cxt 0] Pipeline 'egress': end
[16:56:04.476] [bmv2] [D] [thread 38439] [4.0] [cxt 0] Deparser 'deparser': start
[16:56:04.476] [bmv2] [D] [thread 38439] [4.0] [cxt 0] Updating checksum 'cksum'
[16:56:04.476] [bmv2] [D] [thread 38439] [4.0] [cxt 0] Deparsing header 'ethernet'
[16:56:04.476] [bmv2] [D] [thread 38439] [4.0] [cxt 0] Deparsing header 'ipv4'
[16:56:04.476] [bmv2] [D] [thread 38439] [4.0] [cxt 0] Deparsing header 'tcp'
[16:56:04.476] [bmv2] [D] [thread 38439] [4.0] [cxt 0] Deparser 'deparser': end
[16:56:04.476] [bmv2] [D] [thread 38440] [4.0] [cxt 0] Transmitting packet of size 66 out of port 3
[16:56:04.476] [bmv2] [D] [thread 38435] [5.0] [cxt 0] Extracting header 'tcp'
[16:56:04.476] [bmv2] [D] [thread 38435] [5.0] [cxt 0] Parser state 'parse_tcp' has no switch, going to default next state
[16:56:04.476] [bmv2] [T] [thread 38435] [5.0] [cxt 0] Bytes parsed: 54
[16:56:04.476] [bmv2] [D] [thread 38435] [5.0] [cxt 0] Parser 'parser': end
[16:56:04.476] [bmv2] [D] [thread 38435] [5.0] [cxt 0] Pipeline 'ingress': start
[16:56:04.476] [bmv2] [T] [thread 38435] [5.0] [cxt 0] Applying table 'tbl_antiScan179'
[16:56:04.476] [bmv2] [D] [thread 38435] [5.0] [cxt 0] Looking up key:

[16:56:04.476] [bmv2] [D] [thread 38435] [5.0] [cxt 0] Table 'tbl_antiScan179': miss
[16:56:04.476] [bmv2] [D] [thread 38435] [5.0] [cxt 0] Action entry is antiScan179 - 
[16:56:04.476] [bmv2] [T] [thread 38435] [5.0] [cxt 0] Action antiScan179
[16:56:04.476] [bmv2] [T] [thread 38435] [5.0] [cxt 0] /home/parallels/Desktop/minicode/p4-15-antiScan/antiScan.p4(179) Primitive bit<1> isDrop = 0;
[16:56:04.476] [bmv2] [T] [thread 38435] [5.0] [cxt 0] /home/parallels/Desktop/minicode/p4-15-antiScan/antiScan.p4(180) Condition "hdr.tcp.isValid()" (node_3) is true
[16:56:04.476] [bmv2] [T] [thread 38435] [5.0] [cxt 0] /home/parallels/Desktop/minicode/p4-15-antiScan/antiScan.p4(181) Condition "hdr.tcp.flags == SYN" (node_4) is false
[16:56:04.476] [bmv2] [T] [thread 38435] [5.0] [cxt 0] /home/parallels/Desktop/minicode/p4-15-antiScan/antiScan.p4(192) Condition "hdr.tcp.flags == SYN_ACK" (node_9) is false
[16:56:04.476] [bmv2] [T] [thread 38435] [5.0] [cxt 0] /home/parallels/Desktop/minicode/p4-15-antiScan/antiScan.p4(196) Condition "hdr.ipv4.isValid() && isDrop == 0" (node_11) is true
[16:56:04.476] [bmv2] [T] [thread 38435] [5.0] [cxt 0] Applying table 'MyIngress.ipv4_lpm'
[16:56:04.476] [bmv2] [D] [thread 38435] [5.0] [cxt 0] Looking up key:
* hdr.ipv4.dstAddr    : 0a010302

[16:56:04.476] [bmv2] [D] [thread 38435] [5.0] [cxt 0] Table 'MyIngress.ipv4_lpm': hit with handle 2
[16:56:04.476] [bmv2] [D] [thread 38435] [5.0] [cxt 0] Dumping entry 2
Match key:
* hdr.ipv4.dstAddr    : LPM       0a010302/32
Action entry: MyIngress.forward - a010302,3,

[16:56:04.476] [bmv2] [D] [thread 38435] [5.0] [cxt 0] Action entry is MyIngress.forward - a010302,3,
[16:56:04.476] [bmv2] [T] [thread 38435] [5.0] [cxt 0] Action MyIngress.forward
[16:56:04.476] [bmv2] [T] [thread 38435] [5.0] [cxt 0] /home/parallels/Desktop/minicode/p4-15-antiScan/antiScan.p4(139) Primitive hdr.ethernet.srcAddr = hdr.ethernet.dstAddr
[16:56:04.476] [bmv2] [T] [thread 38435] [5.0] [cxt 0] /home/parallels/Desktop/minicode/p4-15-antiScan/antiScan.p4(142) Primitive hdr.ethernet.dstAddr = dstAddr
[16:56:04.476] [bmv2] [T] [thread 38435] [5.0] [cxt 0] /home/parallels/Desktop/minicode/p4-15-antiScan/antiScan.p4(145) Primitive standard_metadata.egress_spec = port
[16:56:04.476] [bmv2] [T] [thread 38435] [5.0] [cxt 0] /home/parallels/Desktop/minicode/p4-15-antiScan/antiScan.p4(148) Primitive hdr.ipv4.ttl = hdr.ipv4.ttl - 1
[16:56:04.476] [bmv2] [D] [thread 38435] [5.0] [cxt 0] Pipeline 'ingress': end
[16:56:04.476] [bmv2] [D] [thread 38435] [5.0] [cxt 0] Egress port is 3
[16:56:04.476] [bmv2] [D] [thread 38435] [6.0] [cxt 0] Processing packet received on port 1
[16:56:04.476] [bmv2] [D] [thread 38435] [6.0] [cxt 0] Parser 'parser': start
[16:56:04.476] [bmv2] [D] [thread 38435] [6.0] [cxt 0] Parser 'parser' entering state 'start'
[16:56:04.476] [bmv2] [D] [thread 38435] [6.0] [cxt 0] Extracting header 'ethernet'
[16:56:04.476] [bmv2] [D] [thread 38435] [6.0] [cxt 0] Parser state 'start': key is 0800
[16:56:04.477] [bmv2] [T] [thread 38435] [6.0] [cxt 0] Bytes parsed: 14
[16:56:04.477] [bmv2] [D] [thread 38435] [6.0] [cxt 0] Parser 'parser' entering state 'parse_ipv4'
[16:56:04.477] [bmv2] [D] [thread 38435] [6.0] [cxt 0] Extracting header 'ipv4'
[16:56:04.477] [bmv2] [D] [thread 38435] [6.0] [cxt 0] Parser set: setting field 'scalars.tmp' from field 'ipv4.protocol' (6)
[16:56:04.477] [bmv2] [D] [thread 38435] [6.0] [cxt 0] Executing method log_msg
[16:56:04.477] [bmv2] [T] [thread 38435] [6.0] [cxt 0] Action log_msg
[16:56:04.477] [bmv2] [T] [thread 38435] [6.0] [cxt 0] /home/parallels/Desktop/minicode/p4-15-antiScan/antiScan.p4(98) Primitive         log_msg(\"PROTOCOL {}\",{hdr.ipv4.protocol});
[16:56:04.477] [bmv2] [I] [thread 38435] PROTOCOL 6
[16:56:04.477] [bmv2] [D] [thread 38435] [6.0] [cxt 0] Parser state 'parse_ipv4': key is 06
[16:56:04.477] [bmv2] [T] [thread 38435] [6.0] [cxt 0] Bytes parsed: 34
[16:56:04.477] [bmv2] [D] [thread 38435] [6.0] [cxt 0] Parser 'parser' entering state 'parse_tcp'
[16:56:04.477] [bmv2] [D] [thread 38435] [6.0] [cxt 0] Extracting header 'tcp'
[16:56:04.477] [bmv2] [D] [thread 38435] [6.0] [cxt 0] Parser state 'parse_tcp' has no switch, going to default next state
[16:56:04.477] [bmv2] [T] [thread 38435] [6.0] [cxt 0] Bytes parsed: 54
[16:56:04.477] [bmv2] [D] [thread 38435] [6.0] [cxt 0] Parser 'parser': end
[16:56:04.477] [bmv2] [D] [thread 38435] [6.0] [cxt 0] Pipeline 'ingress': start
[16:56:04.477] [bmv2] [T] [thread 38435] [6.0] [cxt 0] Applying table 'tbl_antiScan179'
[16:56:04.477] [bmv2] [D] [thread 38435] [6.0] [cxt 0] Looking up key:

[16:56:04.477] [bmv2] [D] [thread 38435] [6.0] [cxt 0] Table 'tbl_antiScan179': miss
[16:56:04.477] [bmv2] [D] [thread 38435] [6.0] [cxt 0] Action entry is antiScan179 - 
[16:56:04.477] [bmv2] [T] [thread 38435] [6.0] [cxt 0] Action antiScan179
[16:56:04.477] [bmv2] [T] [thread 38435] [6.0] [cxt 0] /home/parallels/Desktop/minicode/p4-15-antiScan/antiScan.p4(179) Primitive bit<1> isDrop = 0;
[16:56:04.477] [bmv2] [T] [thread 38435] [6.0] [cxt 0] /home/parallels/Desktop/minicode/p4-15-antiScan/antiScan.p4(180) Condition "hdr.tcp.isValid()" (node_3) is true
[16:56:04.477] [bmv2] [T] [thread 38435] [6.0] [cxt 0] /home/parallels/Desktop/minicode/p4-15-antiScan/antiScan.p4(181) Condition "hdr.tcp.flags == SYN" (node_4) is true
[16:56:04.477] [bmv2] [T] [thread 38435] [6.0] [cxt 0] Applying table 'tbl_add_syn_cnt'
[16:56:04.477] [bmv2] [D] [thread 38435] [6.0] [cxt 0] Looking up key:

[16:56:04.477] [bmv2] [D] [thread 38435] [6.0] [cxt 0] Table 'tbl_add_syn_cnt': miss
[16:56:04.477] [bmv2] [D] [thread 38435] [6.0] [cxt 0] Action entry is MyIngress.add_syn_cnt - 
[16:56:04.477] [bmv2] [T] [thread 38435] [6.0] [cxt 0] Action MyIngress.add_syn_cnt
[16:56:04.477] [bmv2] [T] [thread 38435] [6.0] [cxt 0] /home/parallels/Desktop/minicode/p4-15-antiScan/antiScan.p4(153) Primitive hdr.ipv4.srcAddr
[16:56:04.477] [bmv2] [T] [thread 38435] [6.0] [cxt 0] /home/parallels/Desktop/minicode/p4-15-antiScan/antiScan.p4(153) Primitive hash(meta.flowHash,HashAlgorithm.crc16,16w0,{hdr.ipv4.srcAddr},32w100)
[16:56:04.477] [bmv2] [T] [thread 38435] [6.0] [cxt 0] hash(base=0, max=100) = 98
[16:56:04.477] [bmv2] [T] [thread 38435] [6.0] [cxt 0] /home/parallels/Desktop/minicode/p4-15-antiScan/antiScan.p4(154) Primitive (bit<32>)meta.flowHash
[16:56:04.477] [bmv2] [T] [thread 38435] [6.0] [cxt 0] /home/parallels/Desktop/minicode/p4-15-antiScan/antiScan.p4(154) Primitive syn_cnt.read(meta.syn_cnt, (bit<32>)meta.flowHash)
[16:56:04.477] [bmv2] [T] [thread 38435] [6.0] [cxt 0] Read register 'syn_cnt' at index 98 read value 1
[16:56:04.477] [bmv2] [T] [thread 38435] [6.0] [cxt 0] /home/parallels/Desktop/minicode/p4-15-antiScan/antiScan.p4(155) Primitive meta.syn_cnt = meta.syn_cnt + 1
[16:56:04.477] [bmv2] [T] [thread 38435] [6.0] [cxt 0] /home/parallels/Desktop/minicode/p4-15-antiScan/antiScan.p4(156) Primitive (bit<32>)meta.flowHash
[16:56:04.477] [bmv2] [T] [thread 38435] [6.0] [cxt 0] /home/parallels/Desktop/minicode/p4-15-antiScan/antiScan.p4(156) Primitive syn_cnt.write((bit<32>)meta.flowHash, meta.syn_cnt)
[16:56:04.477] [bmv2] [T] [thread 38435] [6.0] [cxt 0] Wrote register 'syn_cnt' at index 98 with value 2
[16:56:04.477] [bmv2] [T] [thread 38435] [6.0] [cxt 0] Applying table 'tbl_antiScan186'
[16:56:04.477] [bmv2] [D] [thread 38435] [6.0] [cxt 0] Looking up key:

[16:56:04.477] [bmv2] [D] [thread 38435] [6.0] [cxt 0] Table 'tbl_antiScan186': miss
[16:56:04.477] [bmv2] [D] [thread 38435] [6.0] [cxt 0] Action entry is antiScan186 - 
[16:56:04.477] [bmv2] [T] [thread 38435] [6.0] [cxt 0] Action antiScan186
[16:56:04.477] [bmv2] [T] [thread 38435] [6.0] [cxt 0] /home/parallels/Desktop/minicode/p4-15-antiScan/antiScan.p4(186) Primitive (bit<32>)meta.flowHash
[16:56:04.477] [bmv2] [T] [thread 38435] [6.0] [cxt 0] /home/parallels/Desktop/minicode/p4-15-antiScan/antiScan.p4(186) Primitive syn_cnt.read(var1, (bit<32>)meta.flowHash)
[16:56:04.477] [bmv2] [T] [thread 38435] [6.0] [cxt 0] Read register 'syn_cnt' at index 98 read value 2
[16:56:04.477] [bmv2] [T] [thread 38435] [6.0] [cxt 0] /home/parallels/Desktop/minicode/p4-15-antiScan/antiScan.p4(187) Primitive (bit<32>)meta.flowHash
[16:56:04.477] [bmv2] [T] [thread 38435] [6.0] [cxt 0] /home/parallels/Desktop/minicode/p4-15-antiScan/antiScan.p4(187) Primitive syn_ack_cnt.read(var2, (bit<32>)meta.flowHash)
[16:56:04.477] [bmv2] [T] [thread 38435] [6.0] [cxt 0] Read register 'syn_ack_cnt' at index 98 read value 1
[16:56:04.477] [bmv2] [T] [thread 38435] [6.0] [cxt 0] /home/parallels/Desktop/minicode/p4-15-antiScan/antiScan.p4(189) Condition "var1 >= var2 + 3" (node_7) is false
[16:56:04.477] [bmv2] [T] [thread 38435] [6.0] [cxt 0] /home/parallels/Desktop/minicode/p4-15-antiScan/antiScan.p4(196) Condition "hdr.ipv4.isValid() && isDrop == 0" (node_11) is true
[16:56:04.477] [bmv2] [T] [thread 38435] [6.0] [cxt 0] Applying table 'MyIngress.ipv4_lpm'
[16:56:04.477] [bmv2] [D] [thread 38435] [6.0] [cxt 0] Looking up key:
* hdr.ipv4.dstAddr    : 0a010302

[16:56:04.477] [bmv2] [D] [thread 38435] [6.0] [cxt 0] Table 'MyIngress.ipv4_lpm': hit with handle 2
[16:56:04.477] [bmv2] [D] [thread 38435] [6.0] [cxt 0] Dumping entry 2
Match key:
* hdr.ipv4.dstAddr    : LPM       0a010302/32
Action entry: MyIngress.forward - a010302,3,

[16:56:04.477] [bmv2] [D] [thread 38435] [6.0] [cxt 0] Action entry is MyIngress.forward - a010302,3,
[16:56:04.477] [bmv2] [T] [thread 38435] [6.0] [cxt 0] Action MyIngress.forward
[16:56:04.477] [bmv2] [T] [thread 38435] [6.0] [cxt 0] /home/parallels/Desktop/minicode/p4-15-antiScan/antiScan.p4(139) Primitive hdr.ethernet.srcAddr = hdr.ethernet.dstAddr
[16:56:04.477] [bmv2] [T] [thread 38435] [6.0] [cxt 0] /home/parallels/Desktop/minicode/p4-15-antiScan/antiScan.p4(142) Primitive hdr.ethernet.dstAddr = dstAddr
[16:56:04.477] [bmv2] [T] [thread 38435] [6.0] [cxt 0] /home/parallels/Desktop/minicode/p4-15-antiScan/antiScan.p4(145) Primitive standard_metadata.egress_spec = port
[16:56:04.477] [bmv2] [T] [thread 38435] [6.0] [cxt 0] /home/parallels/Desktop/minicode/p4-15-antiScan/antiScan.p4(148) Primitive hdr.ipv4.ttl = hdr.ipv4.ttl - 1
[16:56:04.477] [bmv2] [D] [thread 38435] [6.0] [cxt 0] Pipeline 'ingress': end
[16:56:04.477] [bmv2] [D] [thread 38435] [6.0] [cxt 0] Egress port is 3
[16:56:04.477] [bmv2] [D] [thread 38439] [5.0] [cxt 0] Pipeline 'egress': start
[16:56:04.477] [bmv2] [D] [thread 38439] [5.0] [cxt 0] Pipeline 'egress': end
[16:56:04.477] [bmv2] [D] [thread 38439] [5.0] [cxt 0] Deparser 'deparser': start
[16:56:04.477] [bmv2] [D] [thread 38439] [5.0] [cxt 0] Updating checksum 'cksum'
[16:56:04.477] [bmv2] [D] [thread 38439] [5.0] [cxt 0] Deparsing header 'ethernet'
[16:56:04.477] [bmv2] [D] [thread 38439] [5.0] [cxt 0] Deparsing header 'ipv4'
[16:56:04.477] [bmv2] [D] [thread 38439] [5.0] [cxt 0] Deparsing header 'tcp'
[16:56:04.477] [bmv2] [D] [thread 38439] [5.0] [cxt 0] Deparser 'deparser': end
[16:56:04.477] [bmv2] [D] [thread 38439] [6.0] [cxt 0] Pipeline 'egress': start
[16:56:04.477] [bmv2] [D] [thread 38439] [6.0] [cxt 0] Pipeline 'egress': end
[16:56:04.477] [bmv2] [D] [thread 38439] [6.0] [cxt 0] Deparser 'deparser': start
[16:56:04.477] [bmv2] [D] [thread 38439] [6.0] [cxt 0] Updating checksum 'cksum'
[16:56:04.477] [bmv2] [D] [thread 38439] [6.0] [cxt 0] Deparsing header 'ethernet'
[16:56:04.477] [bmv2] [D] [thread 38439] [6.0] [cxt 0] Deparsing header 'ipv4'
[16:56:04.477] [bmv2] [D] [thread 38439] [6.0] [cxt 0] Deparsing header 'tcp'
[16:56:04.477] [bmv2] [D] [thread 38439] [6.0] [cxt 0] Deparser 'deparser': end
[16:56:04.477] [bmv2] [D] [thread 38440] [5.0] [cxt 0] Transmitting packet of size 66 out of port 3
[16:56:04.477] [bmv2] [D] [thread 38440] [6.0] [cxt 0] Transmitting packet of size 74 out of port 3
[16:56:04.477] [bmv2] [D] [thread 38435] [7.0] [cxt 0] Processing packet received on port 3
[16:56:04.477] [bmv2] [D] [thread 38435] [7.0] [cxt 0] Parser 'parser': start
[16:56:04.477] [bmv2] [D] [thread 38435] [7.0] [cxt 0] Parser 'parser' entering state 'start'
[16:56:04.477] [bmv2] [D] [thread 38435] [7.0] [cxt 0] Extracting header 'ethernet'
[16:56:04.477] [bmv2] [D] [thread 38435] [7.0] [cxt 0] Parser state 'start': key is 0800
[16:56:04.477] [bmv2] [T] [thread 38435] [7.0] [cxt 0] Bytes parsed: 14
[16:56:04.477] [bmv2] [D] [thread 38435] [7.0] [cxt 0] Parser 'parser' entering state 'parse_ipv4'
[16:56:04.477] [bmv2] [D] [thread 38435] [7.0] [cxt 0] Extracting header 'ipv4'
[16:56:04.477] [bmv2] [D] [thread 38435] [7.0] [cxt 0] Parser set: setting field 'scalars.tmp' from field 'ipv4.protocol' (6)
[16:56:04.477] [bmv2] [D] [thread 38435] [7.0] [cxt 0] Executing method log_msg
[16:56:04.477] [bmv2] [T] [thread 38435] [7.0] [cxt 0] Action log_msg
[16:56:04.477] [bmv2] [T] [thread 38435] [7.0] [cxt 0] /home/parallels/Desktop/minicode/p4-15-antiScan/antiScan.p4(98) Primitive         log_msg(\"PROTOCOL {}\",{hdr.ipv4.protocol});
[16:56:04.477] [bmv2] [I] [thread 38435] PROTOCOL 6
[16:56:04.477] [bmv2] [D] [thread 38435] [7.0] [cxt 0] Parser state 'parse_ipv4': key is 06
[16:56:04.477] [bmv2] [T] [thread 38435] [7.0] [cxt 0] Bytes parsed: 34
[16:56:04.477] [bmv2] [D] [thread 38435] [7.0] [cxt 0] Parser 'parser' entering state 'parse_tcp'
[16:56:04.477] [bmv2] [D] [thread 38435] [7.0] [cxt 0] Extracting header 'tcp'
[16:56:04.477] [bmv2] [D] [thread 38435] [7.0] [cxt 0] Parser state 'parse_tcp' has no switch, going to default next state
[16:56:04.477] [bmv2] [T] [thread 38435] [7.0] [cxt 0] Bytes parsed: 54
[16:56:04.477] [bmv2] [D] [thread 38435] [7.0] [cxt 0] Parser 'parser': end
[16:56:04.477] [bmv2] [D] [thread 38435] [7.0] [cxt 0] Pipeline 'ingress': start
[16:56:04.477] [bmv2] [T] [thread 38435] [7.0] [cxt 0] Applying table 'tbl_antiScan179'
[16:56:04.477] [bmv2] [D] [thread 38435] [7.0] [cxt 0] Looking up key:

[16:56:04.477] [bmv2] [D] [thread 38435] [7.0] [cxt 0] Table 'tbl_antiScan179': miss
[16:56:04.477] [bmv2] [D] [thread 38435] [7.0] [cxt 0] Action entry is antiScan179 - 
[16:56:04.477] [bmv2] [T] [thread 38435] [7.0] [cxt 0] Action antiScan179
[16:56:04.477] [bmv2] [T] [thread 38435] [7.0] [cxt 0] /home/parallels/Desktop/minicode/p4-15-antiScan/antiScan.p4(179) Primitive bit<1> isDrop = 0;
[16:56:04.477] [bmv2] [T] [thread 38435] [7.0] [cxt 0] /home/parallels/Desktop/minicode/p4-15-antiScan/antiScan.p4(180) Condition "hdr.tcp.isValid()" (node_3) is true
[16:56:04.477] [bmv2] [T] [thread 38435] [7.0] [cxt 0] /home/parallels/Desktop/minicode/p4-15-antiScan/antiScan.p4(181) Condition "hdr.tcp.flags == SYN" (node_4) is false
[16:56:04.477] [bmv2] [T] [thread 38435] [7.0] [cxt 0] /home/parallels/Desktop/minicode/p4-15-antiScan/antiScan.p4(192) Condition "hdr.tcp.flags == SYN_ACK" (node_9) is false
[16:56:04.477] [bmv2] [T] [thread 38435] [7.0] [cxt 0] /home/parallels/Desktop/minicode/p4-15-antiScan/antiScan.p4(196) Condition "hdr.ipv4.isValid() && isDrop == 0" (node_11) is true
[16:56:04.477] [bmv2] [T] [thread 38435] [7.0] [cxt 0] Applying table 'MyIngress.ipv4_lpm'
[16:56:04.477] [bmv2] [D] [thread 38435] [7.0] [cxt 0] Looking up key:
* hdr.ipv4.dstAddr    : 0a010102

[16:56:04.477] [bmv2] [D] [thread 38435] [7.0] [cxt 0] Table 'MyIngress.ipv4_lpm': hit with handle 0
[16:56:04.477] [bmv2] [D] [thread 38435] [7.0] [cxt 0] Dumping entry 0
Match key:
* hdr.ipv4.dstAddr    : LPM       0a010102/32
Action entry: MyIngress.forward - a010102,1,

[16:56:04.477] [bmv2] [D] [thread 38435] [7.0] [cxt 0] Action entry is MyIngress.forward - a010102,1,
[16:56:04.477] [bmv2] [T] [thread 38435] [7.0] [cxt 0] Action MyIngress.forward
[16:56:04.477] [bmv2] [T] [thread 38435] [7.0] [cxt 0] /home/parallels/Desktop/minicode/p4-15-antiScan/antiScan.p4(139) Primitive hdr.ethernet.srcAddr = hdr.ethernet.dstAddr
[16:56:04.477] [bmv2] [T] [thread 38435] [7.0] [cxt 0] /home/parallels/Desktop/minicode/p4-15-antiScan/antiScan.p4(142) Primitive hdr.ethernet.dstAddr = dstAddr
[16:56:04.477] [bmv2] [T] [thread 38435] [7.0] [cxt 0] /home/parallels/Desktop/minicode/p4-15-antiScan/antiScan.p4(145) Primitive standard_metadata.egress_spec = port
[16:56:04.477] [bmv2] [T] [thread 38435] [7.0] [cxt 0] /home/parallels/Desktop/minicode/p4-15-antiScan/antiScan.p4(148) Primitive hdr.ipv4.ttl = hdr.ipv4.ttl - 1
[16:56:04.477] [bmv2] [D] [thread 38435] [7.0] [cxt 0] Pipeline 'ingress': end
[16:56:04.477] [bmv2] [D] [thread 38435] [7.0] [cxt 0] Egress port is 1
[16:56:04.477] [bmv2] [D] [thread 38437] [7.0] [cxt 0] Pipeline 'egress': start
[16:56:04.477] [bmv2] [D] [thread 38437] [7.0] [cxt 0] Pipeline 'egress': end
[16:56:04.477] [bmv2] [D] [thread 38437] [7.0] [cxt 0] Deparser 'deparser': start
[16:56:04.477] [bmv2] [D] [thread 38437] [7.0] [cxt 0] Updating checksum 'cksum'
[16:56:04.477] [bmv2] [D] [thread 38437] [7.0] [cxt 0] Deparsing header 'ethernet'
[16:56:04.477] [bmv2] [D] [thread 38437] [7.0] [cxt 0] Deparsing header 'ipv4'
[16:56:04.477] [bmv2] [D] [thread 38437] [7.0] [cxt 0] Deparsing header 'tcp'
[16:56:04.477] [bmv2] [D] [thread 38437] [7.0] [cxt 0] Deparser 'deparser': end
[16:56:04.477] [bmv2] [D] [thread 38440] [7.0] [cxt 0] Transmitting packet of size 54 out of port 1
[16:56:04.477] [bmv2] [D] [thread 38435] [8.0] [cxt 0] Processing packet received on port 3
[16:56:04.477] [bmv2] [D] [thread 38435] [8.0] [cxt 0] Parser 'parser': start
[16:56:04.477] [bmv2] [D] [thread 38435] [8.0] [cxt 0] Parser 'parser' entering state 'start'
[16:56:04.478] [bmv2] [D] [thread 38435] [8.0] [cxt 0] Extracting header 'ethernet'
[16:56:04.478] [bmv2] [D] [thread 38435] [8.0] [cxt 0] Parser state 'start': key is 0800
[16:56:04.478] [bmv2] [T] [thread 38435] [8.0] [cxt 0] Bytes parsed: 14
[16:56:04.478] [bmv2] [D] [thread 38435] [8.0] [cxt 0] Parser 'parser' entering state 'parse_ipv4'
[16:56:04.478] [bmv2] [D] [thread 38435] [8.0] [cxt 0] Extracting header 'ipv4'
[16:56:04.478] [bmv2] [D] [thread 38435] [8.0] [cxt 0] Parser set: setting field 'scalars.tmp' from field 'ipv4.protocol' (6)
[16:56:04.478] [bmv2] [D] [thread 38435] [8.0] [cxt 0] Executing method log_msg
[16:56:04.478] [bmv2] [T] [thread 38435] [8.0] [cxt 0] Action log_msg
[16:56:04.478] [bmv2] [T] [thread 38435] [8.0] [cxt 0] /home/parallels/Desktop/minicode/p4-15-antiScan/antiScan.p4(98) Primitive         log_msg(\"PROTOCOL {}\",{hdr.ipv4.protocol});
[16:56:04.478] [bmv2] [I] [thread 38435] PROTOCOL 6
[16:56:04.478] [bmv2] [D] [thread 38435] [8.0] [cxt 0] Parser state 'parse_ipv4': key is 06
[16:56:04.478] [bmv2] [T] [thread 38435] [8.0] [cxt 0] Bytes parsed: 34
[16:56:04.478] [bmv2] [D] [thread 38435] [8.0] [cxt 0] Parser 'parser' entering state 'parse_tcp'
[16:56:04.478] [bmv2] [D] [thread 38435] [8.0] [cxt 0] Extracting header 'tcp'
[16:56:04.478] [bmv2] [D] [thread 38435] [8.0] [cxt 0] Parser state 'parse_tcp' has no switch, going to default next state
[16:56:04.478] [bmv2] [T] [thread 38435] [8.0] [cxt 0] Bytes parsed: 54
[16:56:04.478] [bmv2] [D] [thread 38435] [8.0] [cxt 0] Parser 'parser': end
[16:56:04.478] [bmv2] [D] [thread 38435] [8.0] [cxt 0] Pipeline 'ingress': start
[16:56:04.478] [bmv2] [T] [thread 38435] [8.0] [cxt 0] Applying table 'tbl_antiScan179'
[16:56:04.478] [bmv2] [D] [thread 38435] [8.0] [cxt 0] Looking up key:

[16:56:04.478] [bmv2] [D] [thread 38435] [8.0] [cxt 0] Table 'tbl_antiScan179': miss
[16:56:04.478] [bmv2] [D] [thread 38435] [8.0] [cxt 0] Action entry is antiScan179 - 
[16:56:04.478] [bmv2] [T] [thread 38435] [8.0] [cxt 0] Action antiScan179
[16:56:04.478] [bmv2] [T] [thread 38435] [8.0] [cxt 0] /home/parallels/Desktop/minicode/p4-15-antiScan/antiScan.p4(179) Primitive bit<1> isDrop = 0;
[16:56:04.478] [bmv2] [T] [thread 38435] [8.0] [cxt 0] /home/parallels/Desktop/minicode/p4-15-antiScan/antiScan.p4(180) Condition "hdr.tcp.isValid()" (node_3) is true
[16:56:04.478] [bmv2] [T] [thread 38435] [8.0] [cxt 0] /home/parallels/Desktop/minicode/p4-15-antiScan/antiScan.p4(181) Condition "hdr.tcp.flags == SYN" (node_4) is false
[16:56:04.478] [bmv2] [T] [thread 38435] [8.0] [cxt 0] /home/parallels/Desktop/minicode/p4-15-antiScan/antiScan.p4(192) Condition "hdr.tcp.flags == SYN_ACK" (node_9) is false
[16:56:04.478] [bmv2] [T] [thread 38435] [8.0] [cxt 0] /home/parallels/Desktop/minicode/p4-15-antiScan/antiScan.p4(196) Condition "hdr.ipv4.isValid() && isDrop == 0" (node_11) is true
[16:56:04.478] [bmv2] [T] [thread 38435] [8.0] [cxt 0] Applying table 'MyIngress.ipv4_lpm'
[16:56:04.478] [bmv2] [D] [thread 38435] [8.0] [cxt 0] Looking up key:
* hdr.ipv4.dstAddr    : 0a010102

[16:56:04.478] [bmv2] [D] [thread 38435] [8.0] [cxt 0] Table 'MyIngress.ipv4_lpm': hit with handle 0
[16:56:04.478] [bmv2] [D] [thread 38435] [8.0] [cxt 0] Dumping entry 0
Match key:
* hdr.ipv4.dstAddr    : LPM       0a010102/32
Action entry: MyIngress.forward - a010102,1,

[16:56:04.478] [bmv2] [D] [thread 38435] [8.0] [cxt 0] Action entry is MyIngress.forward - a010102,1,
[16:56:04.478] [bmv2] [T] [thread 38435] [8.0] [cxt 0] Action MyIngress.forward
[16:56:04.478] [bmv2] [T] [thread 38435] [8.0] [cxt 0] /home/parallels/Desktop/minicode/p4-15-antiScan/antiScan.p4(139) Primitive hdr.ethernet.srcAddr = hdr.ethernet.dstAddr
[16:56:04.478] [bmv2] [T] [thread 38435] [8.0] [cxt 0] /home/parallels/Desktop/minicode/p4-15-antiScan/antiScan.p4(142) Primitive hdr.ethernet.dstAddr = dstAddr
[16:56:04.478] [bmv2] [T] [thread 38435] [8.0] [cxt 0] /home/parallels/Desktop/minicode/p4-15-antiScan/antiScan.p4(145) Primitive standard_metadata.egress_spec = port
[16:56:04.478] [bmv2] [T] [thread 38435] [8.0] [cxt 0] /home/parallels/Desktop/minicode/p4-15-antiScan/antiScan.p4(148) Primitive hdr.ipv4.ttl = hdr.ipv4.ttl - 1
[16:56:04.478] [bmv2] [D] [thread 38435] [8.0] [cxt 0] Pipeline 'ingress': end
[16:56:04.478] [bmv2] [D] [thread 38435] [8.0] [cxt 0] Egress port is 1
[16:56:04.478] [bmv2] [D] [thread 38437] [8.0] [cxt 0] Pipeline 'egress': start
[16:56:04.478] [bmv2] [D] [thread 38437] [8.0] [cxt 0] Pipeline 'egress': end
[16:56:04.478] [bmv2] [D] [thread 38437] [8.0] [cxt 0] Deparser 'deparser': start
[16:56:04.478] [bmv2] [D] [thread 38437] [8.0] [cxt 0] Updating checksum 'cksum'
[16:56:04.478] [bmv2] [D] [thread 38437] [8.0] [cxt 0] Deparsing header 'ethernet'
[16:56:04.478] [bmv2] [D] [thread 38437] [8.0] [cxt 0] Deparsing header 'ipv4'
[16:56:04.478] [bmv2] [D] [thread 38437] [8.0] [cxt 0] Deparsing header 'tcp'
[16:56:04.478] [bmv2] [D] [thread 38437] [8.0] [cxt 0] Deparser 'deparser': end
[16:56:04.478] [bmv2] [D] [thread 38440] [8.0] [cxt 0] Transmitting packet of size 66 out of port 1
[16:56:04.478] [bmv2] [D] [thread 38435] [9.0] [cxt 0] Processing packet received on port 1
[16:56:04.478] [bmv2] [D] [thread 38435] [9.0] [cxt 0] Parser 'parser': start
[16:56:04.478] [bmv2] [D] [thread 38435] [9.0] [cxt 0] Parser 'parser' entering state 'start'
[16:56:04.478] [bmv2] [D] [thread 38435] [9.0] [cxt 0] Extracting header 'ethernet'
[16:56:04.478] [bmv2] [D] [thread 38435] [9.0] [cxt 0] Parser state 'start': key is 0800
[16:56:04.478] [bmv2] [T] [thread 38435] [9.0] [cxt 0] Bytes parsed: 14
[16:56:04.478] [bmv2] [D] [thread 38435] [9.0] [cxt 0] Parser 'parser' entering state 'parse_ipv4'
[16:56:04.478] [bmv2] [D] [thread 38435] [9.0] [cxt 0] Extracting header 'ipv4'
[16:56:04.478] [bmv2] [D] [thread 38435] [9.0] [cxt 0] Parser set: setting field 'scalars.tmp' from field 'ipv4.protocol' (6)
[16:56:04.479] [bmv2] [D] [thread 38435] [9.0] [cxt 0] Executing method log_msg
[16:56:04.479] [bmv2] [T] [thread 38435] [9.0] [cxt 0] Action log_msg
[16:56:04.479] [bmv2] [T] [thread 38435] [9.0] [cxt 0] /home/parallels/Desktop/minicode/p4-15-antiScan/antiScan.p4(98) Primitive         log_msg(\"PROTOCOL {}\",{hdr.ipv4.protocol});
[16:56:04.479] [bmv2] [I] [thread 38435] PROTOCOL 6
[16:56:04.479] [bmv2] [D] [thread 38435] [9.0] [cxt 0] Parser state 'parse_ipv4': key is 06
[16:56:04.479] [bmv2] [T] [thread 38435] [9.0] [cxt 0] Bytes parsed: 34
[16:56:04.479] [bmv2] [D] [thread 38435] [9.0] [cxt 0] Parser 'parser' entering state 'parse_tcp'
[16:56:04.479] [bmv2] [D] [thread 38435] [9.0] [cxt 0] Extracting header 'tcp'
[16:56:04.479] [bmv2] [D] [thread 38435] [9.0] [cxt 0] Parser state 'parse_tcp' has no switch, going to default next state
[16:56:04.479] [bmv2] [T] [thread 38435] [9.0] [cxt 0] Bytes parsed: 54
[16:56:04.479] [bmv2] [D] [thread 38435] [9.0] [cxt 0] Parser 'parser': end
[16:56:04.479] [bmv2] [D] [thread 38435] [9.0] [cxt 0] Pipeline 'ingress': start
[16:56:04.479] [bmv2] [T] [thread 38435] [9.0] [cxt 0] Applying table 'tbl_antiScan179'
[16:56:04.479] [bmv2] [D] [thread 38435] [9.0] [cxt 0] Looking up key:

[16:56:04.479] [bmv2] [D] [thread 38435] [9.0] [cxt 0] Table 'tbl_antiScan179': miss
[16:56:04.479] [bmv2] [D] [thread 38435] [9.0] [cxt 0] Action entry is antiScan179 - 
[16:56:04.479] [bmv2] [T] [thread 38435] [9.0] [cxt 0] Action antiScan179
[16:56:04.479] [bmv2] [T] [thread 38435] [9.0] [cxt 0] /home/parallels/Desktop/minicode/p4-15-antiScan/antiScan.p4(179) Primitive bit<1> isDrop = 0;
[16:56:04.479] [bmv2] [T] [thread 38435] [9.0] [cxt 0] /home/parallels/Desktop/minicode/p4-15-antiScan/antiScan.p4(180) Condition "hdr.tcp.isValid()" (node_3) is true
[16:56:04.479] [bmv2] [T] [thread 38435] [9.0] [cxt 0] /home/parallels/Desktop/minicode/p4-15-antiScan/antiScan.p4(181) Condition "hdr.tcp.flags == SYN" (node_4) is true
[16:56:04.479] [bmv2] [T] [thread 38435] [9.0] [cxt 0] Applying table 'tbl_add_syn_cnt'
[16:56:04.479] [bmv2] [D] [thread 38435] [9.0] [cxt 0] Looking up key:

[16:56:04.479] [bmv2] [D] [thread 38435] [9.0] [cxt 0] Table 'tbl_add_syn_cnt': miss
[16:56:04.479] [bmv2] [D] [thread 38435] [9.0] [cxt 0] Action entry is MyIngress.add_syn_cnt - 
[16:56:04.479] [bmv2] [T] [thread 38435] [9.0] [cxt 0] Action MyIngress.add_syn_cnt
[16:56:04.479] [bmv2] [T] [thread 38435] [9.0] [cxt 0] /home/parallels/Desktop/minicode/p4-15-antiScan/antiScan.p4(153) Primitive hdr.ipv4.srcAddr
[16:56:04.479] [bmv2] [T] [thread 38435] [9.0] [cxt 0] /home/parallels/Desktop/minicode/p4-15-antiScan/antiScan.p4(153) Primitive hash(meta.flowHash,HashAlgorithm.crc16,16w0,{hdr.ipv4.srcAddr},32w100)
[16:56:04.479] [bmv2] [T] [thread 38435] [9.0] [cxt 0] hash(base=0, max=100) = 98
[16:56:04.479] [bmv2] [T] [thread 38435] [9.0] [cxt 0] /home/parallels/Desktop/minicode/p4-15-antiScan/antiScan.p4(154) Primitive (bit<32>)meta.flowHash
[16:56:04.479] [bmv2] [T] [thread 38435] [9.0] [cxt 0] /home/parallels/Desktop/minicode/p4-15-antiScan/antiScan.p4(154) Primitive syn_cnt.read(meta.syn_cnt, (bit<32>)meta.flowHash)
[16:56:04.479] [bmv2] [T] [thread 38435] [9.0] [cxt 0] Read register 'syn_cnt' at index 98 read value 2
[16:56:04.479] [bmv2] [T] [thread 38435] [9.0] [cxt 0] /home/parallels/Desktop/minicode/p4-15-antiScan/antiScan.p4(155) Primitive meta.syn_cnt = meta.syn_cnt + 1
[16:56:04.479] [bmv2] [T] [thread 38435] [9.0] [cxt 0] /home/parallels/Desktop/minicode/p4-15-antiScan/antiScan.p4(156) Primitive (bit<32>)meta.flowHash
[16:56:04.479] [bmv2] [T] [thread 38435] [9.0] [cxt 0] /home/parallels/Desktop/minicode/p4-15-antiScan/antiScan.p4(156) Primitive syn_cnt.write((bit<32>)meta.flowHash, meta.syn_cnt)
[16:56:04.479] [bmv2] [T] [thread 38435] [9.0] [cxt 0] Wrote register 'syn_cnt' at index 98 with value 3
[16:56:04.479] [bmv2] [T] [thread 38435] [9.0] [cxt 0] Applying table 'tbl_antiScan186'
[16:56:04.479] [bmv2] [D] [thread 38435] [9.0] [cxt 0] Looking up key:

[16:56:04.479] [bmv2] [D] [thread 38435] [9.0] [cxt 0] Table 'tbl_antiScan186': miss
[16:56:04.479] [bmv2] [D] [thread 38435] [9.0] [cxt 0] Action entry is antiScan186 - 
[16:56:04.479] [bmv2] [T] [thread 38435] [9.0] [cxt 0] Action antiScan186
[16:56:04.479] [bmv2] [T] [thread 38435] [9.0] [cxt 0] /home/parallels/Desktop/minicode/p4-15-antiScan/antiScan.p4(186) Primitive (bit<32>)meta.flowHash
[16:56:04.479] [bmv2] [T] [thread 38435] [9.0] [cxt 0] /home/parallels/Desktop/minicode/p4-15-antiScan/antiScan.p4(186) Primitive syn_cnt.read(var1, (bit<32>)meta.flowHash)
[16:56:04.479] [bmv2] [T] [thread 38435] [9.0] [cxt 0] Read register 'syn_cnt' at index 98 read value 3
[16:56:04.479] [bmv2] [T] [thread 38435] [9.0] [cxt 0] /home/parallels/Desktop/minicode/p4-15-antiScan/antiScan.p4(187) Primitive (bit<32>)meta.flowHash
[16:56:04.479] [bmv2] [T] [thread 38435] [9.0] [cxt 0] /home/parallels/Desktop/minicode/p4-15-antiScan/antiScan.p4(187) Primitive syn_ack_cnt.read(var2, (bit<32>)meta.flowHash)
[16:56:04.479] [bmv2] [T] [thread 38435] [9.0] [cxt 0] Read register 'syn_ack_cnt' at index 98 read value 1
[16:56:04.479] [bmv2] [T] [thread 38435] [9.0] [cxt 0] /home/parallels/Desktop/minicode/p4-15-antiScan/antiScan.p4(189) Condition "var1 >= var2 + 3" (node_7) is false
[16:56:04.479] [bmv2] [T] [thread 38435] [9.0] [cxt 0] /home/parallels/Desktop/minicode/p4-15-antiScan/antiScan.p4(196) Condition "hdr.ipv4.isValid() && isDrop == 0" (node_11) is true
[16:56:04.479] [bmv2] [T] [thread 38435] [9.0] [cxt 0] Applying table 'MyIngress.ipv4_lpm'
[16:56:04.479] [bmv2] [D] [thread 38435] [9.0] [cxt 0] Looking up key:
* hdr.ipv4.dstAddr    : 0a010302

[16:56:04.479] [bmv2] [D] [thread 38435] [9.0] [cxt 0] Table 'MyIngress.ipv4_lpm': hit with handle 2
[16:56:04.479] [bmv2] [D] [thread 38435] [9.0] [cxt 0] Dumping entry 2
Match key:
* hdr.ipv4.dstAddr    : LPM       0a010302/32
Action entry: MyIngress.forward - a010302,3,

[16:56:04.479] [bmv2] [D] [thread 38435] [9.0] [cxt 0] Action entry is MyIngress.forward - a010302,3,
[16:56:04.479] [bmv2] [T] [thread 38435] [9.0] [cxt 0] Action MyIngress.forward
[16:56:04.479] [bmv2] [T] [thread 38435] [9.0] [cxt 0] /home/parallels/Desktop/minicode/p4-15-antiScan/antiScan.p4(139) Primitive hdr.ethernet.srcAddr = hdr.ethernet.dstAddr
[16:56:04.479] [bmv2] [T] [thread 38435] [9.0] [cxt 0] /home/parallels/Desktop/minicode/p4-15-antiScan/antiScan.p4(142) Primitive hdr.ethernet.dstAddr = dstAddr
[16:56:04.479] [bmv2] [T] [thread 38435] [9.0] [cxt 0] /home/parallels/Desktop/minicode/p4-15-antiScan/antiScan.p4(145) Primitive standard_metadata.egress_spec = port
[16:56:04.479] [bmv2] [T] [thread 38435] [9.0] [cxt 0] /home/parallels/Desktop/minicode/p4-15-antiScan/antiScan.p4(148) Primitive hdr.ipv4.ttl = hdr.ipv4.ttl - 1
[16:56:04.479] [bmv2] [D] [thread 38435] [9.0] [cxt 0] Pipeline 'ingress': end
[16:56:04.479] [bmv2] [D] [thread 38435] [9.0] [cxt 0] Egress port is 3
[16:56:04.479] [bmv2] [D] [thread 38435] [10.0] [cxt 0] Processing packet received on port 1
[16:56:04.479] [bmv2] [D] [thread 38435] [10.0] [cxt 0] Parser 'parser': start
[16:56:04.479] [bmv2] [D] [thread 38435] [10.0] [cxt 0] Parser 'parser' entering state 'start'
[16:56:04.479] [bmv2] [D] [thread 38435] [10.0] [cxt 0] Extracting header 'ethernet'
[16:56:04.479] [bmv2] [D] [thread 38435] [10.0] [cxt 0] Parser state 'start': key is 0800
[16:56:04.479] [bmv2] [T] [thread 38435] [10.0] [cxt 0] Bytes parsed: 14
[16:56:04.479] [bmv2] [D] [thread 38435] [10.0] [cxt 0] Parser 'parser' entering state 'parse_ipv4'
[16:56:04.479] [bmv2] [D] [thread 38435] [10.0] [cxt 0] Extracting header 'ipv4'
[16:56:04.479] [bmv2] [D] [thread 38435] [10.0] [cxt 0] Parser set: setting field 'scalars.tmp' from field 'ipv4.protocol' (6)
[16:56:04.479] [bmv2] [D] [thread 38439] [9.0] [cxt 0] Pipeline 'egress': start
[16:56:04.479] [bmv2] [D] [thread 38439] [9.0] [cxt 0] Pipeline 'egress': end
[16:56:04.479] [bmv2] [D] [thread 38439] [9.0] [cxt 0] Deparser 'deparser': start
[16:56:04.479] [bmv2] [D] [thread 38439] [9.0] [cxt 0] Updating checksum 'cksum'
[16:56:04.479] [bmv2] [D] [thread 38439] [9.0] [cxt 0] Deparsing header 'ethernet'
[16:56:04.479] [bmv2] [D] [thread 38439] [9.0] [cxt 0] Deparsing header 'ipv4'
[16:56:04.479] [bmv2] [D] [thread 38439] [9.0] [cxt 0] Deparsing header 'tcp'
[16:56:04.479] [bmv2] [D] [thread 38439] [9.0] [cxt 0] Deparser 'deparser': end
[16:56:04.479] [bmv2] [D] [thread 38435] [10.0] [cxt 0] Executing method log_msg
[16:56:04.479] [bmv2] [T] [thread 38435] [10.0] [cxt 0] Action log_msg
[16:56:04.479] [bmv2] [T] [thread 38435] [10.0] [cxt 0] /home/parallels/Desktop/minicode/p4-15-antiScan/antiScan.p4(98) Primitive         log_msg(\"PROTOCOL {}\",{hdr.ipv4.protocol});
[16:56:04.479] [bmv2] [I] [thread 38435] PROTOCOL 6
[16:56:04.479] [bmv2] [D] [thread 38435] [10.0] [cxt 0] Parser state 'parse_ipv4': key is 06
[16:56:04.479] [bmv2] [T] [thread 38435] [10.0] [cxt 0] Bytes parsed: 34
[16:56:04.479] [bmv2] [D] [thread 38435] [10.0] [cxt 0] Parser 'parser' entering state 'parse_tcp'
[16:56:04.479] [bmv2] [D] [thread 38435] [10.0] [cxt 0] Extracting header 'tcp'
[16:56:04.479] [bmv2] [D] [thread 38435] [10.0] [cxt 0] Parser state 'parse_tcp' has no switch, going to default next state
[16:56:04.479] [bmv2] [T] [thread 38435] [10.0] [cxt 0] Bytes parsed: 54
[16:56:04.479] [bmv2] [D] [thread 38435] [10.0] [cxt 0] Parser 'parser': end
[16:56:04.479] [bmv2] [D] [thread 38440] [9.0] [cxt 0] Transmitting packet of size 74 out of port 3
[16:56:04.479] [bmv2] [D] [thread 38435] [10.0] [cxt 0] Pipeline 'ingress': start
[16:56:04.479] [bmv2] [T] [thread 38435] [10.0] [cxt 0] Applying table 'tbl_antiScan179'
[16:56:04.479] [bmv2] [D] [thread 38435] [10.0] [cxt 0] Looking up key:

[16:56:04.479] [bmv2] [D] [thread 38435] [10.0] [cxt 0] Table 'tbl_antiScan179': miss
[16:56:04.479] [bmv2] [D] [thread 38435] [10.0] [cxt 0] Action entry is antiScan179 - 
[16:56:04.479] [bmv2] [T] [thread 38435] [10.0] [cxt 0] Action antiScan179
[16:56:04.479] [bmv2] [T] [thread 38435] [10.0] [cxt 0] /home/parallels/Desktop/minicode/p4-15-antiScan/antiScan.p4(179) Primitive bit<1> isDrop = 0;
[16:56:04.479] [bmv2] [T] [thread 38435] [10.0] [cxt 0] /home/parallels/Desktop/minicode/p4-15-antiScan/antiScan.p4(180) Condition "hdr.tcp.isValid()" (node_3) is true
[16:56:04.479] [bmv2] [T] [thread 38435] [10.0] [cxt 0] /home/parallels/Desktop/minicode/p4-15-antiScan/antiScan.p4(181) Condition "hdr.tcp.flags == SYN" (node_4) is false
[16:56:04.479] [bmv2] [T] [thread 38435] [10.0] [cxt 0] /home/parallels/Desktop/minicode/p4-15-antiScan/antiScan.p4(192) Condition "hdr.tcp.flags == SYN_ACK" (node_9) is false
[16:56:04.479] [bmv2] [T] [thread 38435] [10.0] [cxt 0] /home/parallels/Desktop/minicode/p4-15-antiScan/antiScan.p4(196) Condition "hdr.ipv4.isValid() && isDrop == 0" (node_11) is true
[16:56:04.479] [bmv2] [T] [thread 38435] [10.0] [cxt 0] Applying table 'MyIngress.ipv4_lpm'
[16:56:04.479] [bmv2] [D] [thread 38435] [10.0] [cxt 0] Looking up key:
* hdr.ipv4.dstAddr    : 0a010302

[16:56:04.479] [bmv2] [D] [thread 38435] [10.0] [cxt 0] Table 'MyIngress.ipv4_lpm': hit with handle 2
[16:56:04.479] [bmv2] [D] [thread 38435] [10.0] [cxt 0] Dumping entry 2
Match key:
* hdr.ipv4.dstAddr    : LPM       0a010302/32
Action entry: MyIngress.forward - a010302,3,

[16:56:04.479] [bmv2] [D] [thread 38435] [10.0] [cxt 0] Action entry is MyIngress.forward - a010302,3,
[16:56:04.480] [bmv2] [T] [thread 38435] [10.0] [cxt 0] Action MyIngress.forward
[16:56:04.480] [bmv2] [T] [thread 38435] [10.0] [cxt 0] /home/parallels/Desktop/minicode/p4-15-antiScan/antiScan.p4(139) Primitive hdr.ethernet.srcAddr = hdr.ethernet.dstAddr
[16:56:04.480] [bmv2] [T] [thread 38435] [10.0] [cxt 0] /home/parallels/Desktop/minicode/p4-15-antiScan/antiScan.p4(142) Primitive hdr.ethernet.dstAddr = dstAddr
[16:56:04.480] [bmv2] [T] [thread 38435] [10.0] [cxt 0] /home/parallels/Desktop/minicode/p4-15-antiScan/antiScan.p4(145) Primitive standard_metadata.egress_spec = port
[16:56:04.480] [bmv2] [T] [thread 38435] [10.0] [cxt 0] /home/parallels/Desktop/minicode/p4-15-antiScan/antiScan.p4(148) Primitive hdr.ipv4.ttl = hdr.ipv4.ttl - 1
[16:56:04.480] [bmv2] [D] [thread 38435] [10.0] [cxt 0] Pipeline 'ingress': end
[16:56:04.480] [bmv2] [D] [thread 38435] [10.0] [cxt 0] Egress port is 3
[16:56:04.480] [bmv2] [D] [thread 38439] [10.0] [cxt 0] Pipeline 'egress': start
[16:56:04.480] [bmv2] [D] [thread 38439] [10.0] [cxt 0] Pipeline 'egress': end
[16:56:04.480] [bmv2] [D] [thread 38439] [10.0] [cxt 0] Deparser 'deparser': start
[16:56:04.480] [bmv2] [D] [thread 38439] [10.0] [cxt 0] Updating checksum 'cksum'
[16:56:04.480] [bmv2] [D] [thread 38439] [10.0] [cxt 0] Deparsing header 'ethernet'
[16:56:04.480] [bmv2] [D] [thread 38439] [10.0] [cxt 0] Deparsing header 'ipv4'
[16:56:04.480] [bmv2] [D] [thread 38439] [10.0] [cxt 0] Deparsing header 'tcp'
[16:56:04.480] [bmv2] [D] [thread 38439] [10.0] [cxt 0] Deparser 'deparser': end
[16:56:04.480] [bmv2] [D] [thread 38440] [10.0] [cxt 0] Transmitting packet of size 66 out of port 3
[16:56:04.480] [bmv2] [D] [thread 38435] [11.0] [cxt 0] Processing packet received on port 3
[16:56:04.480] [bmv2] [D] [thread 38435] [11.0] [cxt 0] Parser 'parser': start
[16:56:04.480] [bmv2] [D] [thread 38435] [11.0] [cxt 0] Parser 'parser' entering state 'start'
[16:56:04.480] [bmv2] [D] [thread 38435] [11.0] [cxt 0] Extracting header 'ethernet'
[16:56:04.480] [bmv2] [D] [thread 38435] [11.0] [cxt 0] Parser state 'start': key is 0800
[16:56:04.480] [bmv2] [T] [thread 38435] [11.0] [cxt 0] Bytes parsed: 14
[16:56:04.480] [bmv2] [D] [thread 38435] [11.0] [cxt 0] Parser 'parser' entering state 'parse_ipv4'
[16:56:04.480] [bmv2] [D] [thread 38435] [11.0] [cxt 0] Extracting header 'ipv4'
[16:56:04.480] [bmv2] [D] [thread 38435] [11.0] [cxt 0] Parser set: setting field 'scalars.tmp' from field 'ipv4.protocol' (6)
[16:56:04.480] [bmv2] [D] [thread 38435] [11.0] [cxt 0] Executing method log_msg
[16:56:04.480] [bmv2] [T] [thread 38435] [11.0] [cxt 0] Action log_msg
[16:56:04.480] [bmv2] [T] [thread 38435] [11.0] [cxt 0] /home/parallels/Desktop/minicode/p4-15-antiScan/antiScan.p4(98) Primitive         log_msg(\"PROTOCOL {}\",{hdr.ipv4.protocol});
[16:56:04.480] [bmv2] [I] [thread 38435] PROTOCOL 6
[16:56:04.480] [bmv2] [D] [thread 38435] [11.0] [cxt 0] Parser state 'parse_ipv4': key is 06
[16:56:04.481] [bmv2] [T] [thread 38435] [11.0] [cxt 0] Bytes parsed: 34
[16:56:04.481] [bmv2] [D] [thread 38435] [11.0] [cxt 0] Parser 'parser' entering state 'parse_tcp'
[16:56:04.482] [bmv2] [D] [thread 38435] [11.0] [cxt 0] Extracting header 'tcp'
[16:56:04.482] [bmv2] [D] [thread 38435] [11.0] [cxt 0] Parser state 'parse_tcp' has no switch, going to default next state
[16:56:04.482] [bmv2] [T] [thread 38435] [11.0] [cxt 0] Bytes parsed: 54
[16:56:04.482] [bmv2] [D] [thread 38435] [11.0] [cxt 0] Parser 'parser': end
[16:56:04.482] [bmv2] [D] [thread 38435] [11.0] [cxt 0] Pipeline 'ingress': start
[16:56:04.482] [bmv2] [T] [thread 38435] [11.0] [cxt 0] Applying table 'tbl_antiScan179'
[16:56:04.482] [bmv2] [D] [thread 38435] [11.0] [cxt 0] Looking up key:

[16:56:04.482] [bmv2] [D] [thread 38435] [11.0] [cxt 0] Table 'tbl_antiScan179': miss
[16:56:04.483] [bmv2] [D] [thread 38435] [11.0] [cxt 0] Action entry is antiScan179 - 
[16:56:04.483] [bmv2] [T] [thread 38435] [11.0] [cxt 0] Action antiScan179
[16:56:04.483] [bmv2] [T] [thread 38435] [11.0] [cxt 0] /home/parallels/Desktop/minicode/p4-15-antiScan/antiScan.p4(179) Primitive bit<1> isDrop = 0;
[16:56:04.483] [bmv2] [T] [thread 38435] [11.0] [cxt 0] /home/parallels/Desktop/minicode/p4-15-antiScan/antiScan.p4(180) Condition "hdr.tcp.isValid()" (node_3) is true
[16:56:04.483] [bmv2] [T] [thread 38435] [11.0] [cxt 0] /home/parallels/Desktop/minicode/p4-15-antiScan/antiScan.p4(181) Condition "hdr.tcp.flags == SYN" (node_4) is false
[16:56:04.483] [bmv2] [T] [thread 38435] [11.0] [cxt 0] /home/parallels/Desktop/minicode/p4-15-antiScan/antiScan.p4(192) Condition "hdr.tcp.flags == SYN_ACK" (node_9) is false
[16:56:04.483] [bmv2] [T] [thread 38435] [11.0] [cxt 0] /home/parallels/Desktop/minicode/p4-15-antiScan/antiScan.p4(196) Condition "hdr.ipv4.isValid() && isDrop == 0" (node_11) is true
[16:56:04.483] [bmv2] [T] [thread 38435] [11.0] [cxt 0] Applying table 'MyIngress.ipv4_lpm'
[16:56:04.483] [bmv2] [D] [thread 38435] [11.0] [cxt 0] Looking up key:
* hdr.ipv4.dstAddr    : 0a010102

[16:56:04.483] [bmv2] [D] [thread 38435] [11.0] [cxt 0] Table 'MyIngress.ipv4_lpm': hit with handle 0
[16:56:04.483] [bmv2] [D] [thread 38435] [11.0] [cxt 0] Dumping entry 0
Match key:
* hdr.ipv4.dstAddr    : LPM       0a010102/32
Action entry: MyIngress.forward - a010102,1,

[16:56:04.483] [bmv2] [D] [thread 38435] [11.0] [cxt 0] Action entry is MyIngress.forward - a010102,1,
[16:56:04.483] [bmv2] [T] [thread 38435] [11.0] [cxt 0] Action MyIngress.forward
[16:56:04.483] [bmv2] [T] [thread 38435] [11.0] [cxt 0] /home/parallels/Desktop/minicode/p4-15-antiScan/antiScan.p4(139) Primitive hdr.ethernet.srcAddr = hdr.ethernet.dstAddr
[16:56:04.483] [bmv2] [T] [thread 38435] [11.0] [cxt 0] /home/parallels/Desktop/minicode/p4-15-antiScan/antiScan.p4(142) Primitive hdr.ethernet.dstAddr = dstAddr
[16:56:04.483] [bmv2] [T] [thread 38435] [11.0] [cxt 0] /home/parallels/Desktop/minicode/p4-15-antiScan/antiScan.p4(145) Primitive standard_metadata.egress_spec = port
[16:56:04.483] [bmv2] [T] [thread 38435] [11.0] [cxt 0] /home/parallels/Desktop/minicode/p4-15-antiScan/antiScan.p4(148) Primitive hdr.ipv4.ttl = hdr.ipv4.ttl - 1
[16:56:04.483] [bmv2] [D] [thread 38435] [11.0] [cxt 0] Pipeline 'ingress': end
[16:56:04.483] [bmv2] [D] [thread 38435] [11.0] [cxt 0] Egress port is 1
[16:56:04.483] [bmv2] [D] [thread 38437] [11.0] [cxt 0] Pipeline 'egress': start
[16:56:04.483] [bmv2] [D] [thread 38437] [11.0] [cxt 0] Pipeline 'egress': end
[16:56:04.483] [bmv2] [D] [thread 38437] [11.0] [cxt 0] Deparser 'deparser': start
[16:56:04.483] [bmv2] [D] [thread 38437] [11.0] [cxt 0] Updating checksum 'cksum'
[16:56:04.483] [bmv2] [D] [thread 38437] [11.0] [cxt 0] Deparsing header 'ethernet'
[16:56:04.483] [bmv2] [D] [thread 38437] [11.0] [cxt 0] Deparsing header 'ipv4'
[16:56:04.483] [bmv2] [D] [thread 38437] [11.0] [cxt 0] Deparsing header 'tcp'
[16:56:04.483] [bmv2] [D] [thread 38437] [11.0] [cxt 0] Deparser 'deparser': end
[16:56:04.483] [bmv2] [D] [thread 38440] [11.0] [cxt 0] Transmitting packet of size 54 out of port 1
[16:56:04.484] [bmv2] [D] [thread 38435] [12.0] [cxt 0] Processing packet received on port 1
[16:56:04.484] [bmv2] [D] [thread 38435] [12.0] [cxt 0] Parser 'parser': start
[16:56:04.484] [bmv2] [D] [thread 38435] [12.0] [cxt 0] Parser 'parser' entering state 'start'
[16:56:04.484] [bmv2] [D] [thread 38435] [12.0] [cxt 0] Extracting header 'ethernet'
[16:56:04.484] [bmv2] [D] [thread 38435] [12.0] [cxt 0] Parser state 'start': key is 0800
[16:56:04.484] [bmv2] [T] [thread 38435] [12.0] [cxt 0] Bytes parsed: 14
[16:56:04.484] [bmv2] [D] [thread 38435] [12.0] [cxt 0] Parser 'parser' entering state 'parse_ipv4'
[16:56:04.484] [bmv2] [D] [thread 38435] [12.0] [cxt 0] Extracting header 'ipv4'
[16:56:04.484] [bmv2] [D] [thread 38435] [12.0] [cxt 0] Parser set: setting field 'scalars.tmp' from field 'ipv4.protocol' (6)
[16:56:04.484] [bmv2] [D] [thread 38435] [12.0] [cxt 0] Executing method log_msg
[16:56:04.484] [bmv2] [T] [thread 38435] [12.0] [cxt 0] Action log_msg
[16:56:04.484] [bmv2] [T] [thread 38435] [12.0] [cxt 0] /home/parallels/Desktop/minicode/p4-15-antiScan/antiScan.p4(98) Primitive         log_msg(\"PROTOCOL {}\",{hdr.ipv4.protocol});
[16:56:04.484] [bmv2] [I] [thread 38435] PROTOCOL 6
[16:56:04.484] [bmv2] [D] [thread 38435] [12.0] [cxt 0] Parser state 'parse_ipv4': key is 06
[16:56:04.484] [bmv2] [T] [thread 38435] [12.0] [cxt 0] Bytes parsed: 34
[16:56:04.484] [bmv2] [D] [thread 38435] [12.0] [cxt 0] Parser 'parser' entering state 'parse_tcp'
[16:56:04.484] [bmv2] [D] [thread 38435] [12.0] [cxt 0] Extracting header 'tcp'
[16:56:04.484] [bmv2] [D] [thread 38435] [12.0] [cxt 0] Parser state 'parse_tcp' has no switch, going to default next state
[16:56:04.484] [bmv2] [T] [thread 38435] [12.0] [cxt 0] Bytes parsed: 54
[16:56:04.484] [bmv2] [D] [thread 38435] [12.0] [cxt 0] Parser 'parser': end
[16:56:04.484] [bmv2] [D] [thread 38435] [12.0] [cxt 0] Pipeline 'ingress': start
[16:56:04.485] [bmv2] [T] [thread 38435] [12.0] [cxt 0] Applying table 'tbl_antiScan179'
[16:56:04.485] [bmv2] [D] [thread 38435] [12.0] [cxt 0] Looking up key:

[16:56:04.485] [bmv2] [D] [thread 38435] [12.0] [cxt 0] Table 'tbl_antiScan179': miss
[16:56:04.485] [bmv2] [D] [thread 38435] [12.0] [cxt 0] Action entry is antiScan179 - 
[16:56:04.485] [bmv2] [T] [thread 38435] [12.0] [cxt 0] Action antiScan179
[16:56:04.485] [bmv2] [T] [thread 38435] [12.0] [cxt 0] /home/parallels/Desktop/minicode/p4-15-antiScan/antiScan.p4(179) Primitive bit<1> isDrop = 0;
[16:56:04.485] [bmv2] [T] [thread 38435] [12.0] [cxt 0] /home/parallels/Desktop/minicode/p4-15-antiScan/antiScan.p4(180) Condition "hdr.tcp.isValid()" (node_3) is true
[16:56:04.485] [bmv2] [T] [thread 38435] [12.0] [cxt 0] /home/parallels/Desktop/minicode/p4-15-antiScan/antiScan.p4(181) Condition "hdr.tcp.flags == SYN" (node_4) is true
[16:56:04.485] [bmv2] [T] [thread 38435] [12.0] [cxt 0] Applying table 'tbl_add_syn_cnt'
[16:56:04.485] [bmv2] [D] [thread 38435] [12.0] [cxt 0] Looking up key:

[16:56:04.485] [bmv2] [D] [thread 38435] [12.0] [cxt 0] Table 'tbl_add_syn_cnt': miss
[16:56:04.485] [bmv2] [D] [thread 38435] [12.0] [cxt 0] Action entry is MyIngress.add_syn_cnt - 
[16:56:04.485] [bmv2] [T] [thread 38435] [12.0] [cxt 0] Action MyIngress.add_syn_cnt
[16:56:04.485] [bmv2] [T] [thread 38435] [12.0] [cxt 0] /home/parallels/Desktop/minicode/p4-15-antiScan/antiScan.p4(153) Primitive hdr.ipv4.srcAddr
[16:56:04.485] [bmv2] [T] [thread 38435] [12.0] [cxt 0] /home/parallels/Desktop/minicode/p4-15-antiScan/antiScan.p4(153) Primitive hash(meta.flowHash,HashAlgorithm.crc16,16w0,{hdr.ipv4.srcAddr},32w100)
[16:56:04.485] [bmv2] [T] [thread 38435] [12.0] [cxt 0] hash(base=0, max=100) = 98
[16:56:04.485] [bmv2] [T] [thread 38435] [12.0] [cxt 0] /home/parallels/Desktop/minicode/p4-15-antiScan/antiScan.p4(154) Primitive (bit<32>)meta.flowHash
[16:56:04.485] [bmv2] [T] [thread 38435] [12.0] [cxt 0] /home/parallels/Desktop/minicode/p4-15-antiScan/antiScan.p4(154) Primitive syn_cnt.read(meta.syn_cnt, (bit<32>)meta.flowHash)
[16:56:04.485] [bmv2] [T] [thread 38435] [12.0] [cxt 0] Read register 'syn_cnt' at index 98 read value 3
[16:56:04.485] [bmv2] [T] [thread 38435] [12.0] [cxt 0] /home/parallels/Desktop/minicode/p4-15-antiScan/antiScan.p4(155) Primitive meta.syn_cnt = meta.syn_cnt + 1
[16:56:04.485] [bmv2] [T] [thread 38435] [12.0] [cxt 0] /home/parallels/Desktop/minicode/p4-15-antiScan/antiScan.p4(156) Primitive (bit<32>)meta.flowHash
[16:56:04.485] [bmv2] [T] [thread 38435] [12.0] [cxt 0] /home/parallels/Desktop/minicode/p4-15-antiScan/antiScan.p4(156) Primitive syn_cnt.write((bit<32>)meta.flowHash, meta.syn_cnt)
[16:56:04.485] [bmv2] [T] [thread 38435] [12.0] [cxt 0] Wrote register 'syn_cnt' at index 98 with value 4
[16:56:04.485] [bmv2] [T] [thread 38435] [12.0] [cxt 0] Applying table 'tbl_antiScan186'
[16:56:04.485] [bmv2] [D] [thread 38435] [12.0] [cxt 0] Looking up key:

[16:56:04.485] [bmv2] [D] [thread 38435] [12.0] [cxt 0] Table 'tbl_antiScan186': miss
[16:56:04.485] [bmv2] [D] [thread 38435] [12.0] [cxt 0] Action entry is antiScan186 - 
[16:56:04.485] [bmv2] [T] [thread 38435] [12.0] [cxt 0] Action antiScan186
[16:56:04.485] [bmv2] [T] [thread 38435] [12.0] [cxt 0] /home/parallels/Desktop/minicode/p4-15-antiScan/antiScan.p4(186) Primitive (bit<32>)meta.flowHash
[16:56:04.485] [bmv2] [T] [thread 38435] [12.0] [cxt 0] /home/parallels/Desktop/minicode/p4-15-antiScan/antiScan.p4(186) Primitive syn_cnt.read(var1, (bit<32>)meta.flowHash)
[16:56:04.485] [bmv2] [T] [thread 38435] [12.0] [cxt 0] Read register 'syn_cnt' at index 98 read value 4
[16:56:04.485] [bmv2] [T] [thread 38435] [12.0] [cxt 0] /home/parallels/Desktop/minicode/p4-15-antiScan/antiScan.p4(187) Primitive (bit<32>)meta.flowHash
[16:56:04.485] [bmv2] [T] [thread 38435] [12.0] [cxt 0] /home/parallels/Desktop/minicode/p4-15-antiScan/antiScan.p4(187) Primitive syn_ack_cnt.read(var2, (bit<32>)meta.flowHash)
[16:56:04.485] [bmv2] [T] [thread 38435] [12.0] [cxt 0] Read register 'syn_ack_cnt' at index 98 read value 1
[16:56:04.485] [bmv2] [T] [thread 38435] [12.0] [cxt 0] /home/parallels/Desktop/minicode/p4-15-antiScan/antiScan.p4(189) Condition "var1 >= var2 + 3" (node_7) is true
[16:56:04.485] [bmv2] [T] [thread 38435] [12.0] [cxt 0] Applying table 'tbl_antiScan190'
[16:56:04.485] [bmv2] [D] [thread 38435] [12.0] [cxt 0] Looking up key:

[16:56:04.485] [bmv2] [D] [thread 38435] [12.0] [cxt 0] Table 'tbl_antiScan190': miss
[16:56:04.485] [bmv2] [D] [thread 38435] [12.0] [cxt 0] Action entry is antiScan190 - 
[16:56:04.485] [bmv2] [T] [thread 38435] [12.0] [cxt 0] Action antiScan190
[16:56:04.485] [bmv2] [T] [thread 38435] [12.0] [cxt 0] /home/parallels/Desktop/minicode/p4-15-antiScan/antiScan.p4(190) Primitive isDrop = 1
[16:56:04.485] [bmv2] [T] [thread 38435] [12.0] [cxt 0] /home/parallels/Desktop/minicode/p4-15-antiScan/antiScan.p4(196) Condition "hdr.ipv4.isValid() && isDrop == 0" (node_11) is false
[16:56:04.485] [bmv2] [D] [thread 38435] [12.0] [cxt 0] Pipeline 'ingress': end
[16:56:04.485] [bmv2] [D] [thread 38435] [12.0] [cxt 0] Egress port is 0
[16:56:04.485] [bmv2] [D] [thread 38436] [12.0] [cxt 0] Pipeline 'egress': start
[16:56:04.485] [bmv2] [D] [thread 38436] [12.0] [cxt 0] Pipeline 'egress': end
[16:56:04.485] [bmv2] [D] [thread 38436] [12.0] [cxt 0] Deparser 'deparser': start
[16:56:04.485] [bmv2] [D] [thread 38436] [12.0] [cxt 0] Updating checksum 'cksum'
[16:56:04.485] [bmv2] [D] [thread 38436] [12.0] [cxt 0] Deparsing header 'ethernet'
[16:56:04.485] [bmv2] [D] [thread 38436] [12.0] [cxt 0] Deparsing header 'ipv4'
[16:56:04.485] [bmv2] [D] [thread 38436] [12.0] [cxt 0] Deparsing header 'tcp'
[16:56:04.485] [bmv2] [D] [thread 38436] [12.0] [cxt 0] Deparser 'deparser': end
[16:56:04.485] [bmv2] [D] [thread 38440] [12.0] [cxt 0] Transmitting packet of size 74 out of port 0
[16:56:05.486] [bmv2] [D] [thread 38435] [13.0] [cxt 0] Processing packet received on port 1
[16:56:05.486] [bmv2] [D] [thread 38435] [13.0] [cxt 0] Parser 'parser': start
[16:56:05.486] [bmv2] [D] [thread 38435] [13.0] [cxt 0] Parser 'parser' entering state 'start'
[16:56:05.486] [bmv2] [D] [thread 38435] [13.0] [cxt 0] Extracting header 'ethernet'
[16:56:05.486] [bmv2] [D] [thread 38435] [13.0] [cxt 0] Parser state 'start': key is 0800
[16:56:05.486] [bmv2] [T] [thread 38435] [13.0] [cxt 0] Bytes parsed: 14
[16:56:05.486] [bmv2] [D] [thread 38435] [13.0] [cxt 0] Parser 'parser' entering state 'parse_ipv4'
[16:56:05.486] [bmv2] [D] [thread 38435] [13.0] [cxt 0] Extracting header 'ipv4'
[16:56:05.486] [bmv2] [D] [thread 38435] [13.0] [cxt 0] Parser set: setting field 'scalars.tmp' from field 'ipv4.protocol' (6)
[16:56:05.486] [bmv2] [D] [thread 38435] [13.0] [cxt 0] Executing method log_msg
[16:56:05.486] [bmv2] [T] [thread 38435] [13.0] [cxt 0] Action log_msg
[16:56:05.486] [bmv2] [T] [thread 38435] [13.0] [cxt 0] /home/parallels/Desktop/minicode/p4-15-antiScan/antiScan.p4(98) Primitive         log_msg(\"PROTOCOL {}\",{hdr.ipv4.protocol});
[16:56:05.486] [bmv2] [I] [thread 38435] PROTOCOL 6
[16:56:05.486] [bmv2] [D] [thread 38435] [13.0] [cxt 0] Parser state 'parse_ipv4': key is 06
[16:56:05.486] [bmv2] [T] [thread 38435] [13.0] [cxt 0] Bytes parsed: 34
[16:56:05.486] [bmv2] [D] [thread 38435] [13.0] [cxt 0] Parser 'parser' entering state 'parse_tcp'
[16:56:05.486] [bmv2] [D] [thread 38435] [13.0] [cxt 0] Extracting header 'tcp'
[16:56:05.486] [bmv2] [D] [thread 38435] [13.0] [cxt 0] Parser state 'parse_tcp' has no switch, going to default next state
[16:56:05.486] [bmv2] [T] [thread 38435] [13.0] [cxt 0] Bytes parsed: 54
[16:56:05.486] [bmv2] [D] [thread 38435] [13.0] [cxt 0] Parser 'parser': end
[16:56:05.486] [bmv2] [D] [thread 38435] [13.0] [cxt 0] Pipeline 'ingress': start
[16:56:05.487] [bmv2] [T] [thread 38435] [13.0] [cxt 0] Applying table 'tbl_antiScan179'
[16:56:05.487] [bmv2] [D] [thread 38435] [13.0] [cxt 0] Looking up key:

[16:56:05.487] [bmv2] [D] [thread 38435] [13.0] [cxt 0] Table 'tbl_antiScan179': miss
[16:56:05.487] [bmv2] [D] [thread 38435] [13.0] [cxt 0] Action entry is antiScan179 - 
[16:56:05.487] [bmv2] [T] [thread 38435] [13.0] [cxt 0] Action antiScan179
[16:56:05.487] [bmv2] [T] [thread 38435] [13.0] [cxt 0] /home/parallels/Desktop/minicode/p4-15-antiScan/antiScan.p4(179) Primitive bit<1> isDrop = 0;
[16:56:05.487] [bmv2] [T] [thread 38435] [13.0] [cxt 0] /home/parallels/Desktop/minicode/p4-15-antiScan/antiScan.p4(180) Condition "hdr.tcp.isValid()" (node_3) is true
[16:56:05.487] [bmv2] [T] [thread 38435] [13.0] [cxt 0] /home/parallels/Desktop/minicode/p4-15-antiScan/antiScan.p4(181) Condition "hdr.tcp.flags == SYN" (node_4) is true
[16:56:05.487] [bmv2] [T] [thread 38435] [13.0] [cxt 0] Applying table 'tbl_add_syn_cnt'
[16:56:05.487] [bmv2] [D] [thread 38435] [13.0] [cxt 0] Looking up key:

[16:56:05.487] [bmv2] [D] [thread 38435] [13.0] [cxt 0] Table 'tbl_add_syn_cnt': miss
[16:56:05.487] [bmv2] [D] [thread 38435] [13.0] [cxt 0] Action entry is MyIngress.add_syn_cnt - 
[16:56:05.487] [bmv2] [T] [thread 38435] [13.0] [cxt 0] Action MyIngress.add_syn_cnt
[16:56:05.487] [bmv2] [T] [thread 38435] [13.0] [cxt 0] /home/parallels/Desktop/minicode/p4-15-antiScan/antiScan.p4(153) Primitive hdr.ipv4.srcAddr
[16:56:05.487] [bmv2] [T] [thread 38435] [13.0] [cxt 0] /home/parallels/Desktop/minicode/p4-15-antiScan/antiScan.p4(153) Primitive hash(meta.flowHash,HashAlgorithm.crc16,16w0,{hdr.ipv4.srcAddr},32w100)
[16:56:05.487] [bmv2] [T] [thread 38435] [13.0] [cxt 0] hash(base=0, max=100) = 98
[16:56:05.487] [bmv2] [T] [thread 38435] [13.0] [cxt 0] /home/parallels/Desktop/minicode/p4-15-antiScan/antiScan.p4(154) Primitive (bit<32>)meta.flowHash
[16:56:05.487] [bmv2] [T] [thread 38435] [13.0] [cxt 0] /home/parallels/Desktop/minicode/p4-15-antiScan/antiScan.p4(154) Primitive syn_cnt.read(meta.syn_cnt, (bit<32>)meta.flowHash)
[16:56:05.487] [bmv2] [T] [thread 38435] [13.0] [cxt 0] Read register 'syn_cnt' at index 98 read value 4
[16:56:05.487] [bmv2] [T] [thread 38435] [13.0] [cxt 0] /home/parallels/Desktop/minicode/p4-15-antiScan/antiScan.p4(155) Primitive meta.syn_cnt = meta.syn_cnt + 1
[16:56:05.487] [bmv2] [T] [thread 38435] [13.0] [cxt 0] /home/parallels/Desktop/minicode/p4-15-antiScan/antiScan.p4(156) Primitive (bit<32>)meta.flowHash
[16:56:05.487] [bmv2] [T] [thread 38435] [13.0] [cxt 0] /home/parallels/Desktop/minicode/p4-15-antiScan/antiScan.p4(156) Primitive syn_cnt.write((bit<32>)meta.flowHash, meta.syn_cnt)
[16:56:05.487] [bmv2] [T] [thread 38435] [13.0] [cxt 0] Wrote register 'syn_cnt' at index 98 with value 5
[16:56:05.487] [bmv2] [T] [thread 38435] [13.0] [cxt 0] Applying table 'tbl_antiScan186'
[16:56:05.487] [bmv2] [D] [thread 38435] [13.0] [cxt 0] Looking up key:

[16:56:05.487] [bmv2] [D] [thread 38435] [13.0] [cxt 0] Table 'tbl_antiScan186': miss
[16:56:05.487] [bmv2] [D] [thread 38435] [13.0] [cxt 0] Action entry is antiScan186 - 
[16:56:05.487] [bmv2] [T] [thread 38435] [13.0] [cxt 0] Action antiScan186
[16:56:05.487] [bmv2] [T] [thread 38435] [13.0] [cxt 0] /home/parallels/Desktop/minicode/p4-15-antiScan/antiScan.p4(186) Primitive (bit<32>)meta.flowHash
[16:56:05.487] [bmv2] [T] [thread 38435] [13.0] [cxt 0] /home/parallels/Desktop/minicode/p4-15-antiScan/antiScan.p4(186) Primitive syn_cnt.read(var1, (bit<32>)meta.flowHash)
[16:56:05.487] [bmv2] [T] [thread 38435] [13.0] [cxt 0] Read register 'syn_cnt' at index 98 read value 5
[16:56:05.487] [bmv2] [T] [thread 38435] [13.0] [cxt 0] /home/parallels/Desktop/minicode/p4-15-antiScan/antiScan.p4(187) Primitive (bit<32>)meta.flowHash
[16:56:05.487] [bmv2] [T] [thread 38435] [13.0] [cxt 0] /home/parallels/Desktop/minicode/p4-15-antiScan/antiScan.p4(187) Primitive syn_ack_cnt.read(var2, (bit<32>)meta.flowHash)
[16:56:05.487] [bmv2] [T] [thread 38435] [13.0] [cxt 0] Read register 'syn_ack_cnt' at index 98 read value 1
[16:56:05.487] [bmv2] [T] [thread 38435] [13.0] [cxt 0] /home/parallels/Desktop/minicode/p4-15-antiScan/antiScan.p4(189) Condition "var1 >= var2 + 3" (node_7) is true
[16:56:05.487] [bmv2] [T] [thread 38435] [13.0] [cxt 0] Applying table 'tbl_antiScan190'
[16:56:05.487] [bmv2] [D] [thread 38435] [13.0] [cxt 0] Looking up key:

[16:56:05.487] [bmv2] [D] [thread 38435] [13.0] [cxt 0] Table 'tbl_antiScan190': miss
[16:56:05.487] [bmv2] [D] [thread 38435] [13.0] [cxt 0] Action entry is antiScan190 - 
[16:56:05.487] [bmv2] [T] [thread 38435] [13.0] [cxt 0] Action antiScan190
[16:56:05.487] [bmv2] [T] [thread 38435] [13.0] [cxt 0] /home/parallels/Desktop/minicode/p4-15-antiScan/antiScan.p4(190) Primitive isDrop = 1
[16:56:05.487] [bmv2] [T] [thread 38435] [13.0] [cxt 0] /home/parallels/Desktop/minicode/p4-15-antiScan/antiScan.p4(196) Condition "hdr.ipv4.isValid() && isDrop == 0" (node_11) is false
[16:56:05.487] [bmv2] [D] [thread 38435] [13.0] [cxt 0] Pipeline 'ingress': end
[16:56:05.487] [bmv2] [D] [thread 38435] [13.0] [cxt 0] Egress port is 0
[16:56:05.487] [bmv2] [D] [thread 38436] [13.0] [cxt 0] Pipeline 'egress': start
[16:56:05.487] [bmv2] [D] [thread 38436] [13.0] [cxt 0] Pipeline 'egress': end
[16:56:05.487] [bmv2] [D] [thread 38436] [13.0] [cxt 0] Deparser 'deparser': start
[16:56:05.487] [bmv2] [D] [thread 38436] [13.0] [cxt 0] Updating checksum 'cksum'
[16:56:05.487] [bmv2] [D] [thread 38436] [13.0] [cxt 0] Deparsing header 'ethernet'
[16:56:05.487] [bmv2] [D] [thread 38436] [13.0] [cxt 0] Deparsing header 'ipv4'
[16:56:05.487] [bmv2] [D] [thread 38436] [13.0] [cxt 0] Deparsing header 'tcp'
[16:56:05.487] [bmv2] [D] [thread 38436] [13.0] [cxt 0] Deparser 'deparser': end
[16:56:05.487] [bmv2] [D] [thread 38440] [13.0] [cxt 0] Transmitting packet of size 74 out of port 0
[16:56:06.488] [bmv2] [D] [thread 38435] [14.0] [cxt 0] Processing packet received on port 1
[16:56:06.488] [bmv2] [D] [thread 38435] [14.0] [cxt 0] Parser 'parser': start
[16:56:06.489] [bmv2] [D] [thread 38435] [14.0] [cxt 0] Parser 'parser' entering state 'start'
[16:56:06.489] [bmv2] [D] [thread 38435] [14.0] [cxt 0] Extracting header 'ethernet'
[16:56:06.489] [bmv2] [D] [thread 38435] [14.0] [cxt 0] Parser state 'start': key is 0800
[16:56:06.489] [bmv2] [T] [thread 38435] [14.0] [cxt 0] Bytes parsed: 14
[16:56:06.489] [bmv2] [D] [thread 38435] [14.0] [cxt 0] Parser 'parser' entering state 'parse_ipv4'
[16:56:06.489] [bmv2] [D] [thread 38435] [14.0] [cxt 0] Extracting header 'ipv4'
[16:56:06.489] [bmv2] [D] [thread 38435] [14.0] [cxt 0] Parser set: setting field 'scalars.tmp' from field 'ipv4.protocol' (6)
[16:56:06.489] [bmv2] [D] [thread 38435] [14.0] [cxt 0] Executing method log_msg
[16:56:06.489] [bmv2] [T] [thread 38435] [14.0] [cxt 0] Action log_msg
[16:56:06.489] [bmv2] [T] [thread 38435] [14.0] [cxt 0] /home/parallels/Desktop/minicode/p4-15-antiScan/antiScan.p4(98) Primitive         log_msg(\"PROTOCOL {}\",{hdr.ipv4.protocol});
[16:56:06.489] [bmv2] [I] [thread 38435] PROTOCOL 6
[16:56:06.489] [bmv2] [D] [thread 38435] [14.0] [cxt 0] Parser state 'parse_ipv4': key is 06
[16:56:06.489] [bmv2] [T] [thread 38435] [14.0] [cxt 0] Bytes parsed: 34
[16:56:06.489] [bmv2] [D] [thread 38435] [14.0] [cxt 0] Parser 'parser' entering state 'parse_tcp'
[16:56:06.489] [bmv2] [D] [thread 38435] [14.0] [cxt 0] Extracting header 'tcp'
[16:56:06.489] [bmv2] [D] [thread 38435] [14.0] [cxt 0] Parser state 'parse_tcp' has no switch, going to default next state
[16:56:06.489] [bmv2] [T] [thread 38435] [14.0] [cxt 0] Bytes parsed: 54
[16:56:06.489] [bmv2] [D] [thread 38435] [14.0] [cxt 0] Parser 'parser': end
[16:56:06.489] [bmv2] [D] [thread 38435] [14.0] [cxt 0] Pipeline 'ingress': start
[16:56:06.489] [bmv2] [T] [thread 38435] [14.0] [cxt 0] Applying table 'tbl_antiScan179'
[16:56:06.489] [bmv2] [D] [thread 38435] [14.0] [cxt 0] Looking up key:

[16:56:06.489] [bmv2] [D] [thread 38435] [14.0] [cxt 0] Table 'tbl_antiScan179': miss
[16:56:06.489] [bmv2] [D] [thread 38435] [14.0] [cxt 0] Action entry is antiScan179 - 
[16:56:06.489] [bmv2] [T] [thread 38435] [14.0] [cxt 0] Action antiScan179
[16:56:06.489] [bmv2] [T] [thread 38435] [14.0] [cxt 0] /home/parallels/Desktop/minicode/p4-15-antiScan/antiScan.p4(179) Primitive bit<1> isDrop = 0;
[16:56:06.489] [bmv2] [T] [thread 38435] [14.0] [cxt 0] /home/parallels/Desktop/minicode/p4-15-antiScan/antiScan.p4(180) Condition "hdr.tcp.isValid()" (node_3) is true
[16:56:06.489] [bmv2] [T] [thread 38435] [14.0] [cxt 0] /home/parallels/Desktop/minicode/p4-15-antiScan/antiScan.p4(181) Condition "hdr.tcp.flags == SYN" (node_4) is true
[16:56:06.489] [bmv2] [T] [thread 38435] [14.0] [cxt 0] Applying table 'tbl_add_syn_cnt'
[16:56:06.489] [bmv2] [D] [thread 38435] [14.0] [cxt 0] Looking up key:

[16:56:06.489] [bmv2] [D] [thread 38435] [14.0] [cxt 0] Table 'tbl_add_syn_cnt': miss
[16:56:06.489] [bmv2] [D] [thread 38435] [14.0] [cxt 0] Action entry is MyIngress.add_syn_cnt - 
[16:56:06.489] [bmv2] [T] [thread 38435] [14.0] [cxt 0] Action MyIngress.add_syn_cnt
[16:56:06.489] [bmv2] [T] [thread 38435] [14.0] [cxt 0] /home/parallels/Desktop/minicode/p4-15-antiScan/antiScan.p4(153) Primitive hdr.ipv4.srcAddr
[16:56:06.489] [bmv2] [T] [thread 38435] [14.0] [cxt 0] /home/parallels/Desktop/minicode/p4-15-antiScan/antiScan.p4(153) Primitive hash(meta.flowHash,HashAlgorithm.crc16,16w0,{hdr.ipv4.srcAddr},32w100)
[16:56:06.489] [bmv2] [T] [thread 38435] [14.0] [cxt 0] hash(base=0, max=100) = 98
[16:56:06.489] [bmv2] [T] [thread 38435] [14.0] [cxt 0] /home/parallels/Desktop/minicode/p4-15-antiScan/antiScan.p4(154) Primitive (bit<32>)meta.flowHash
[16:56:06.489] [bmv2] [T] [thread 38435] [14.0] [cxt 0] /home/parallels/Desktop/minicode/p4-15-antiScan/antiScan.p4(154) Primitive syn_cnt.read(meta.syn_cnt, (bit<32>)meta.flowHash)
[16:56:06.489] [bmv2] [T] [thread 38435] [14.0] [cxt 0] Read register 'syn_cnt' at index 98 read value 5
[16:56:06.489] [bmv2] [T] [thread 38435] [14.0] [cxt 0] /home/parallels/Desktop/minicode/p4-15-antiScan/antiScan.p4(155) Primitive meta.syn_cnt = meta.syn_cnt + 1
[16:56:06.489] [bmv2] [T] [thread 38435] [14.0] [cxt 0] /home/parallels/Desktop/minicode/p4-15-antiScan/antiScan.p4(156) Primitive (bit<32>)meta.flowHash
[16:56:06.489] [bmv2] [T] [thread 38435] [14.0] [cxt 0] /home/parallels/Desktop/minicode/p4-15-antiScan/antiScan.p4(156) Primitive syn_cnt.write((bit<32>)meta.flowHash, meta.syn_cnt)
[16:56:06.489] [bmv2] [T] [thread 38435] [14.0] [cxt 0] Wrote register 'syn_cnt' at index 98 with value 6
[16:56:06.489] [bmv2] [T] [thread 38435] [14.0] [cxt 0] Applying table 'tbl_antiScan186'
[16:56:06.489] [bmv2] [D] [thread 38435] [14.0] [cxt 0] Looking up key:

[16:56:06.489] [bmv2] [D] [thread 38435] [14.0] [cxt 0] Table 'tbl_antiScan186': miss
[16:56:06.489] [bmv2] [D] [thread 38435] [14.0] [cxt 0] Action entry is antiScan186 - 
[16:56:06.489] [bmv2] [T] [thread 38435] [14.0] [cxt 0] Action antiScan186
[16:56:06.489] [bmv2] [T] [thread 38435] [14.0] [cxt 0] /home/parallels/Desktop/minicode/p4-15-antiScan/antiScan.p4(186) Primitive (bit<32>)meta.flowHash
[16:56:06.490] [bmv2] [T] [thread 38435] [14.0] [cxt 0] /home/parallels/Desktop/minicode/p4-15-antiScan/antiScan.p4(186) Primitive syn_cnt.read(var1, (bit<32>)meta.flowHash)
[16:56:06.490] [bmv2] [T] [thread 38435] [14.0] [cxt 0] Read register 'syn_cnt' at index 98 read value 6
[16:56:06.490] [bmv2] [T] [thread 38435] [14.0] [cxt 0] /home/parallels/Desktop/minicode/p4-15-antiScan/antiScan.p4(187) Primitive (bit<32>)meta.flowHash
[16:56:06.490] [bmv2] [T] [thread 38435] [14.0] [cxt 0] /home/parallels/Desktop/minicode/p4-15-antiScan/antiScan.p4(187) Primitive syn_ack_cnt.read(var2, (bit<32>)meta.flowHash)
[16:56:06.490] [bmv2] [T] [thread 38435] [14.0] [cxt 0] Read register 'syn_ack_cnt' at index 98 read value 1
[16:56:06.490] [bmv2] [T] [thread 38435] [14.0] [cxt 0] /home/parallels/Desktop/minicode/p4-15-antiScan/antiScan.p4(189) Condition "var1 >= var2 + 3" (node_7) is true
[16:56:06.490] [bmv2] [T] [thread 38435] [14.0] [cxt 0] Applying table 'tbl_antiScan190'
[16:56:06.490] [bmv2] [D] [thread 38435] [14.0] [cxt 0] Looking up key:

[16:56:06.490] [bmv2] [D] [thread 38435] [14.0] [cxt 0] Table 'tbl_antiScan190': miss
[16:56:06.490] [bmv2] [D] [thread 38435] [14.0] [cxt 0] Action entry is antiScan190 - 
[16:56:06.490] [bmv2] [T] [thread 38435] [14.0] [cxt 0] Action antiScan190
[16:56:06.490] [bmv2] [T] [thread 38435] [14.0] [cxt 0] /home/parallels/Desktop/minicode/p4-15-antiScan/antiScan.p4(190) Primitive isDrop = 1
[16:56:06.490] [bmv2] [T] [thread 38435] [14.0] [cxt 0] /home/parallels/Desktop/minicode/p4-15-antiScan/antiScan.p4(196) Condition "hdr.ipv4.isValid() && isDrop == 0" (node_11) is false
[16:56:06.490] [bmv2] [D] [thread 38435] [14.0] [cxt 0] Pipeline 'ingress': end
[16:56:06.490] [bmv2] [D] [thread 38435] [14.0] [cxt 0] Egress port is 0
[16:56:06.490] [bmv2] [D] [thread 38436] [14.0] [cxt 0] Pipeline 'egress': start
[16:56:06.490] [bmv2] [D] [thread 38436] [14.0] [cxt 0] Pipeline 'egress': end
[16:56:06.490] [bmv2] [D] [thread 38436] [14.0] [cxt 0] Deparser 'deparser': start
[16:56:06.490] [bmv2] [D] [thread 38436] [14.0] [cxt 0] Updating checksum 'cksum'
[16:56:06.490] [bmv2] [D] [thread 38436] [14.0] [cxt 0] Deparsing header 'ethernet'
[16:56:06.490] [bmv2] [D] [thread 38436] [14.0] [cxt 0] Deparsing header 'ipv4'
[16:56:06.490] [bmv2] [D] [thread 38436] [14.0] [cxt 0] Deparsing header 'tcp'
[16:56:06.490] [bmv2] [D] [thread 38436] [14.0] [cxt 0] Deparser 'deparser': end
[16:56:06.490] [bmv2] [D] [thread 38440] [14.0] [cxt 0] Transmitting packet of size 74 out of port 0
