Calling target program-options parser
[14:44:39.765] [bmv2] [D] [thread 27122] Set default default entry for table 'ingress.ipv4_lpm': _drop - 
[14:44:39.765] [bmv2] [D] [thread 27122] Set default default entry for table 'tbl_srcRoutePlus179': srcRoutePlus179 - 
[14:44:39.765] [bmv2] [D] [thread 27122] Set default default entry for table 'tbl_AddHeader': ingress.AddHeader - 
[14:44:39.765] [bmv2] [D] [thread 27122] Set default default entry for table 'tbl_srcRoutePlus184': srcRoutePlus184 - 
[14:44:39.765] [bmv2] [D] [thread 27122] Set default default entry for table 'tbl_srcRoutePlus186': srcRoutePlus186 - 
[14:44:39.765] [bmv2] [D] [thread 27122] Set default default entry for table 'tbl_srcRoutePlus192': srcRoutePlus192 - 
[14:44:39.765] [bmv2] [D] [thread 27122] Set default default entry for table 'tbl_AddHeader_0': ingress.AddHeader - 
[14:44:39.765] [bmv2] [D] [thread 27122] Set default default entry for table 'tbl_srcRoutePlus195': srcRoutePlus195 - 
[14:44:39.765] [bmv2] [D] [thread 27122] Set default default entry for table 'tbl_srcRoutePlus197': srcRoutePlus197 - 
[14:44:39.765] [bmv2] [D] [thread 27122] Set default default entry for table 'tbl_srcRoutePlus203': srcRoutePlus203 - 
[14:44:39.765] [bmv2] [D] [thread 27122] Set default default entry for table 'tbl_AddHeader_1': ingress.AddHeader - 
[14:44:39.765] [bmv2] [D] [thread 27122] Set default default entry for table 'tbl_srcRoutePlus206': srcRoutePlus206 - 
[14:44:39.765] [bmv2] [D] [thread 27122] Set default default entry for table 'tbl_srcRoutePlus208': srcRoutePlus208 - 
[14:44:39.765] [bmv2] [D] [thread 27122] Set default default entry for table 'tbl_srcRoutePlus214': srcRoutePlus214 - 
[14:44:39.765] [bmv2] [D] [thread 27122] Set default default entry for table 'tbl_AddHeader_2': ingress.AddHeader - 
[14:44:39.765] [bmv2] [D] [thread 27122] Set default default entry for table 'tbl_srcRoutePlus217': srcRoutePlus217 - 
[14:44:39.765] [bmv2] [D] [thread 27122] Set default default entry for table 'tbl_srcRoutePlus219': srcRoutePlus219 - 
[14:44:39.765] [bmv2] [D] [thread 27122] Set default default entry for table 'tbl_srcRoutePlus225': srcRoutePlus225 - 
[14:44:39.765] [bmv2] [D] [thread 27122] Set default default entry for table 'tbl_AddHeader_3': ingress.AddHeader - 
[14:44:39.765] [bmv2] [D] [thread 27122] Set default default entry for table 'tbl_srcRoutePlus228': srcRoutePlus228 - 
[14:44:39.765] [bmv2] [D] [thread 27122] Set default default entry for table 'tbl_srcRoutePlus230': srcRoutePlus230 - 
[14:44:39.765] [bmv2] [D] [thread 27122] Set default default entry for table 'tbl_srcRoutePlus236': srcRoutePlus236 - 
[14:44:39.765] [bmv2] [D] [thread 27122] Set default default entry for table 'tbl_AddHeader_4': ingress.AddHeader - 
[14:44:39.765] [bmv2] [D] [thread 27122] Set default default entry for table 'tbl_srcRoutePlus239': srcRoutePlus239 - 
[14:44:39.765] [bmv2] [D] [thread 27122] Set default default entry for table 'tbl_srcRoutePlus241': srcRoutePlus241 - 
[14:44:39.765] [bmv2] [D] [thread 27122] Set default default entry for table 'tbl_srcRoutePlus247': srcRoutePlus247 - 
[14:44:39.765] [bmv2] [D] [thread 27122] Set default default entry for table 'tbl_AddHeader_5': ingress.AddHeader - 
[14:44:39.765] [bmv2] [D] [thread 27122] Set default default entry for table 'tbl_srcRoutePlus250': srcRoutePlus250 - 
[14:44:39.765] [bmv2] [D] [thread 27122] Set default default entry for table 'tbl_srcRoutePlus252': srcRoutePlus252 - 
[14:44:39.765] [bmv2] [D] [thread 27122] Set default default entry for table 'tbl_srcRoutePlus258': srcRoutePlus258 - 
[14:44:39.765] [bmv2] [D] [thread 27122] Set default default entry for table 'tbl_AddHeader_6': ingress.AddHeader - 
[14:44:39.765] [bmv2] [D] [thread 27122] Set default default entry for table 'tbl_srcRoutePlus261': srcRoutePlus261 - 
[14:44:39.765] [bmv2] [D] [thread 27122] Set default default entry for table 'tbl_srcRoutePlus263': srcRoutePlus263 - 
[14:44:39.765] [bmv2] [D] [thread 27122] Set default default entry for table 'tbl_srcRoutePlus269': srcRoutePlus269 - 
[14:44:39.765] [bmv2] [D] [thread 27122] Set default default entry for table 'tbl_AddHeader_7': ingress.AddHeader - 
[14:44:39.765] [bmv2] [D] [thread 27122] Set default default entry for table 'tbl_srcRoutePlus272': srcRoutePlus272 - 
[14:44:39.765] [bmv2] [D] [thread 27122] Set default default entry for table 'tbl_srcRoutePlus274': srcRoutePlus274 - 
[14:44:39.765] [bmv2] [D] [thread 27122] Set default default entry for table 'tbl_srcRoute_finish': ingress.srcRoute_finish - 
[14:44:39.765] [bmv2] [D] [thread 27122] Set default default entry for table 'tbl_srcRoute_nhop': ingress.srcRoute_nhop - 
[14:44:39.765] [bmv2] [D] [thread 27122] Set default default entry for table 'tbl_update_ttl': ingress.update_ttl - 
[14:44:39.765] [bmv2] [D] [thread 27122] Set default default entry for table 'egress.ipv4_final': NoAction - 
Adding interface s1-eth1 as port 1
[14:44:39.766] [bmv2] [D] [thread 27122] Adding interface s1-eth1 as port 1
Adding interface s1-eth2 as port 2
[14:44:39.792] [bmv2] [D] [thread 27122] Adding interface s1-eth2 as port 2
[14:44:39.816] [bmv2] [I] [thread 27122] Starting Thrift server on port 9090
[14:44:39.816] [bmv2] [I] [thread 27122] Thrift server was started
[14:44:39.816] [bmv2] [D] [thread 27128] [0.0] [cxt 0] Processing packet received on port 1
[14:44:39.816] [bmv2] [D] [thread 27128] [0.0] [cxt 0] Parser 'parser': start
[14:44:39.816] [bmv2] [D] [thread 27128] [0.0] [cxt 0] Parser 'parser' entering state 'start'
[14:44:39.816] [bmv2] [D] [thread 27128] [0.0] [cxt 0] Extracting header 'ethernet'
[14:44:39.817] [bmv2] [D] [thread 27128] [0.0] [cxt 0] Parser state 'start': key is 86dd
[14:44:39.817] [bmv2] [T] [thread 27128] [0.0] [cxt 0] Bytes parsed: 14
[14:44:39.817] [bmv2] [T] [thread 27128] [0.0] [cxt 0] Skipping checksum 'cksum_0' verification because target field invalid
[14:44:39.817] [bmv2] [D] [thread 27128] [0.0] [cxt 0] Parser 'parser': end
[14:44:39.817] [bmv2] [D] [thread 27128] [0.0] [cxt 0] Pipeline 'ingress': start
[14:44:39.817] [bmv2] [T] [thread 27128] [0.0] [cxt 0] /home/parallels/Desktop/minicode/p4-10-srcRoutingPlus/srcRoutePlus.p4(173) Condition "hdr.ethernet.etherType == TYPE_IPV4 && meta.num == 0" (node_2) is false
[14:44:39.817] [bmv2] [T] [thread 27128] [0.0] [cxt 0] /home/parallels/Desktop/minicode/p4-10-srcRoutingPlus/srcRoutePlus.p4(177) Condition "meta.num != (bit<4>)0" (node_4) is false
[14:44:39.817] [bmv2] [T] [thread 27128] [0.0] [cxt 0] /home/parallels/Desktop/minicode/p4-10-srcRoutingPlus/srcRoutePlus.p4(279) Condition "hdr.srcRoutes[0].isValid()" (node_58) is false
[14:44:39.817] [bmv2] [D] [thread 27128] [0.0] [cxt 0] Pipeline 'ingress': end
[14:44:39.817] [bmv2] [D] [thread 27128] [0.0] [cxt 0] Egress port is 0
[14:44:39.817] [bmv2] [D] [thread 27129] [0.0] [cxt 0] Pipeline 'egress': start
[14:44:39.817] [bmv2] [T] [thread 27129] [0.0] [cxt 0] Applying table 'egress.ipv4_final'
[14:44:39.817] [bmv2] [D] [thread 27129] [0.0] [cxt 0] Looking up key:
* hdr.ipv4.dstAddr    : 00000000

[14:44:39.817] [bmv2] [D] [thread 27129] [0.0] [cxt 0] Table 'egress.ipv4_final': miss
[14:44:39.817] [bmv2] [D] [thread 27129] [0.0] [cxt 0] Action entry is NoAction - 
[14:44:39.817] [bmv2] [T] [thread 27129] [0.0] [cxt 0] Action NoAction
[14:44:39.817] [bmv2] [D] [thread 27129] [0.0] [cxt 0] Pipeline 'egress': end
[14:44:39.817] [bmv2] [D] [thread 27129] [0.0] [cxt 0] Deparser 'deparser': start
[14:44:39.817] [bmv2] [D] [thread 27129] [0.0] [cxt 0] Updating checksum 'cksum'
[14:44:39.817] [bmv2] [D] [thread 27129] [0.0] [cxt 0] Deparsing header 'ethernet'
[14:44:39.817] [bmv2] [D] [thread 27129] [0.0] [cxt 0] Deparser 'deparser': end
[14:44:39.817] [bmv2] [D] [thread 27133] [0.0] [cxt 0] Transmitting packet of size 90 out of port 0
[14:44:39.927] [bmv2] [D] [thread 27128] [1.0] [cxt 0] Processing packet received on port 2
[14:44:39.927] [bmv2] [D] [thread 27128] [1.0] [cxt 0] Parser 'parser': start
[14:44:39.927] [bmv2] [D] [thread 27128] [1.0] [cxt 0] Parser 'parser' entering state 'start'
[14:44:39.927] [bmv2] [D] [thread 27128] [1.0] [cxt 0] Extracting header 'ethernet'
[14:44:39.927] [bmv2] [D] [thread 27128] [1.0] [cxt 0] Parser state 'start': key is 86dd
[14:44:39.927] [bmv2] [T] [thread 27128] [1.0] [cxt 0] Bytes parsed: 14
[14:44:39.927] [bmv2] [T] [thread 27128] [1.0] [cxt 0] Skipping checksum 'cksum_0' verification because target field invalid
[14:44:39.927] [bmv2] [D] [thread 27128] [1.0] [cxt 0] Parser 'parser': end
[14:44:39.927] [bmv2] [D] [thread 27128] [1.0] [cxt 0] Pipeline 'ingress': start
[14:44:39.927] [bmv2] [T] [thread 27128] [1.0] [cxt 0] /home/parallels/Desktop/minicode/p4-10-srcRoutingPlus/srcRoutePlus.p4(173) Condition "hdr.ethernet.etherType == TYPE_IPV4 && meta.num == 0" (node_2) is false
[14:44:39.927] [bmv2] [T] [thread 27128] [1.0] [cxt 0] /home/parallels/Desktop/minicode/p4-10-srcRoutingPlus/srcRoutePlus.p4(177) Condition "meta.num != (bit<4>)0" (node_4) is false
[14:44:39.927] [bmv2] [T] [thread 27128] [1.0] [cxt 0] /home/parallels/Desktop/minicode/p4-10-srcRoutingPlus/srcRoutePlus.p4(279) Condition "hdr.srcRoutes[0].isValid()" (node_58) is false
[14:44:39.927] [bmv2] [D] [thread 27128] [1.0] [cxt 0] Pipeline 'ingress': end
[14:44:39.927] [bmv2] [D] [thread 27128] [1.0] [cxt 0] Egress port is 0
[14:44:39.927] [bmv2] [D] [thread 27129] [1.0] [cxt 0] Pipeline 'egress': start
[14:44:39.927] [bmv2] [T] [thread 27129] [1.0] [cxt 0] Applying table 'egress.ipv4_final'
[14:44:39.927] [bmv2] [D] [thread 27129] [1.0] [cxt 0] Looking up key:
* hdr.ipv4.dstAddr    : 00000000

[14:44:39.927] [bmv2] [D] [thread 27129] [1.0] [cxt 0] Table 'egress.ipv4_final': miss
[14:44:39.927] [bmv2] [D] [thread 27129] [1.0] [cxt 0] Action entry is NoAction - 
[14:44:39.927] [bmv2] [T] [thread 27129] [1.0] [cxt 0] Action NoAction
[14:44:39.927] [bmv2] [D] [thread 27129] [1.0] [cxt 0] Pipeline 'egress': end
[14:44:39.927] [bmv2] [D] [thread 27129] [1.0] [cxt 0] Deparser 'deparser': start
[14:44:39.927] [bmv2] [D] [thread 27129] [1.0] [cxt 0] Updating checksum 'cksum'
[14:44:39.927] [bmv2] [D] [thread 27129] [1.0] [cxt 0] Deparsing header 'ethernet'
[14:44:39.927] [bmv2] [D] [thread 27129] [1.0] [cxt 0] Deparser 'deparser': end
[14:44:39.927] [bmv2] [D] [thread 27133] [1.0] [cxt 0] Transmitting packet of size 90 out of port 0
[14:44:39.991] [bmv2] [D] [thread 27128] [2.0] [cxt 0] Processing packet received on port 1
[14:44:39.991] [bmv2] [D] [thread 27128] [2.0] [cxt 0] Parser 'parser': start
[14:44:39.991] [bmv2] [D] [thread 27128] [2.0] [cxt 0] Parser 'parser' entering state 'start'
[14:44:39.991] [bmv2] [D] [thread 27128] [2.0] [cxt 0] Extracting header 'ethernet'
[14:44:39.991] [bmv2] [D] [thread 27128] [2.0] [cxt 0] Parser state 'start': key is 86dd
[14:44:39.991] [bmv2] [T] [thread 27128] [2.0] [cxt 0] Bytes parsed: 14
[14:44:39.991] [bmv2] [T] [thread 27128] [2.0] [cxt 0] Skipping checksum 'cksum_0' verification because target field invalid
[14:44:39.991] [bmv2] [D] [thread 27128] [2.0] [cxt 0] Parser 'parser': end
[14:44:39.991] [bmv2] [D] [thread 27128] [2.0] [cxt 0] Pipeline 'ingress': start
[14:44:39.991] [bmv2] [T] [thread 27128] [2.0] [cxt 0] /home/parallels/Desktop/minicode/p4-10-srcRoutingPlus/srcRoutePlus.p4(173) Condition "hdr.ethernet.etherType == TYPE_IPV4 && meta.num == 0" (node_2) is false
[14:44:39.991] [bmv2] [T] [thread 27128] [2.0] [cxt 0] /home/parallels/Desktop/minicode/p4-10-srcRoutingPlus/srcRoutePlus.p4(177) Condition "meta.num != (bit<4>)0" (node_4) is false
[14:44:39.991] [bmv2] [T] [thread 27128] [2.0] [cxt 0] /home/parallels/Desktop/minicode/p4-10-srcRoutingPlus/srcRoutePlus.p4(279) Condition "hdr.srcRoutes[0].isValid()" (node_58) is false
[14:44:39.991] [bmv2] [D] [thread 27128] [2.0] [cxt 0] Pipeline 'ingress': end
[14:44:39.991] [bmv2] [D] [thread 27128] [2.0] [cxt 0] Egress port is 0
[14:44:39.991] [bmv2] [D] [thread 27129] [2.0] [cxt 0] Pipeline 'egress': start
[14:44:39.991] [bmv2] [T] [thread 27129] [2.0] [cxt 0] Applying table 'egress.ipv4_final'
[14:44:39.991] [bmv2] [D] [thread 27129] [2.0] [cxt 0] Looking up key:
* hdr.ipv4.dstAddr    : 00000000

[14:44:39.991] [bmv2] [D] [thread 27129] [2.0] [cxt 0] Table 'egress.ipv4_final': miss
[14:44:39.991] [bmv2] [D] [thread 27129] [2.0] [cxt 0] Action entry is NoAction - 
[14:44:39.991] [bmv2] [T] [thread 27129] [2.0] [cxt 0] Action NoAction
[14:44:39.991] [bmv2] [D] [thread 27129] [2.0] [cxt 0] Pipeline 'egress': end
[14:44:39.991] [bmv2] [D] [thread 27129] [2.0] [cxt 0] Deparser 'deparser': start
[14:44:39.991] [bmv2] [D] [thread 27129] [2.0] [cxt 0] Updating checksum 'cksum'
[14:44:39.991] [bmv2] [D] [thread 27129] [2.0] [cxt 0] Deparsing header 'ethernet'
[14:44:39.991] [bmv2] [D] [thread 27129] [2.0] [cxt 0] Deparser 'deparser': end
[14:44:39.991] [bmv2] [D] [thread 27133] [2.0] [cxt 0] Transmitting packet of size 90 out of port 0
[14:44:40.023] [bmv2] [D] [thread 27128] [3.0] [cxt 0] Processing packet received on port 1
[14:44:40.023] [bmv2] [D] [thread 27128] [3.0] [cxt 0] Parser 'parser': start
[14:44:40.023] [bmv2] [D] [thread 27128] [3.0] [cxt 0] Parser 'parser' entering state 'start'
[14:44:40.023] [bmv2] [D] [thread 27128] [3.0] [cxt 0] Extracting header 'ethernet'
[14:44:40.023] [bmv2] [D] [thread 27128] [3.0] [cxt 0] Parser state 'start': key is 86dd
[14:44:40.023] [bmv2] [T] [thread 27128] [3.0] [cxt 0] Bytes parsed: 14
[14:44:40.023] [bmv2] [T] [thread 27128] [3.0] [cxt 0] Skipping checksum 'cksum_0' verification because target field invalid
[14:44:40.023] [bmv2] [D] [thread 27128] [3.0] [cxt 0] Parser 'parser': end
[14:44:40.023] [bmv2] [D] [thread 27128] [3.0] [cxt 0] Pipeline 'ingress': start
[14:44:40.023] [bmv2] [T] [thread 27128] [3.0] [cxt 0] /home/parallels/Desktop/minicode/p4-10-srcRoutingPlus/srcRoutePlus.p4(173) Condition "hdr.ethernet.etherType == TYPE_IPV4 && meta.num == 0" (node_2) is false
[14:44:40.023] [bmv2] [T] [thread 27128] [3.0] [cxt 0] /home/parallels/Desktop/minicode/p4-10-srcRoutingPlus/srcRoutePlus.p4(177) Condition "meta.num != (bit<4>)0" (node_4) is false
[14:44:40.023] [bmv2] [T] [thread 27128] [3.0] [cxt 0] /home/parallels/Desktop/minicode/p4-10-srcRoutingPlus/srcRoutePlus.p4(279) Condition "hdr.srcRoutes[0].isValid()" (node_58) is false
[14:44:40.023] [bmv2] [D] [thread 27128] [3.0] [cxt 0] Pipeline 'ingress': end
[14:44:40.023] [bmv2] [D] [thread 27128] [3.0] [cxt 0] Egress port is 0
[14:44:40.024] [bmv2] [D] [thread 27129] [3.0] [cxt 0] Pipeline 'egress': start
[14:44:40.024] [bmv2] [T] [thread 27129] [3.0] [cxt 0] Applying table 'egress.ipv4_final'
[14:44:40.024] [bmv2] [D] [thread 27129] [3.0] [cxt 0] Looking up key:
* hdr.ipv4.dstAddr    : 00000000

[14:44:40.024] [bmv2] [D] [thread 27129] [3.0] [cxt 0] Table 'egress.ipv4_final': miss
[14:44:40.024] [bmv2] [D] [thread 27129] [3.0] [cxt 0] Action entry is NoAction - 
[14:44:40.024] [bmv2] [T] [thread 27129] [3.0] [cxt 0] Action NoAction
[14:44:40.024] [bmv2] [D] [thread 27129] [3.0] [cxt 0] Pipeline 'egress': end
[14:44:40.024] [bmv2] [D] [thread 27129] [3.0] [cxt 0] Deparser 'deparser': start
[14:44:40.024] [bmv2] [D] [thread 27129] [3.0] [cxt 0] Updating checksum 'cksum'
[14:44:40.024] [bmv2] [D] [thread 27129] [3.0] [cxt 0] Deparsing header 'ethernet'
[14:44:40.024] [bmv2] [D] [thread 27129] [3.0] [cxt 0] Deparser 'deparser': end
[14:44:40.024] [bmv2] [D] [thread 27133] [3.0] [cxt 0] Transmitting packet of size 86 out of port 0
[14:44:40.252] [bmv2] [T] [thread 27250] bm_get_config
[14:44:56.684] [bmv2] [D] [thread 27128] [4.0] [cxt 0] Processing packet received on port 1
[14:44:56.685] [bmv2] [D] [thread 27128] [4.0] [cxt 0] Parser 'parser': start
[14:44:56.685] [bmv2] [D] [thread 27128] [4.0] [cxt 0] Parser 'parser' entering state 'start'
[14:44:56.685] [bmv2] [D] [thread 27128] [4.0] [cxt 0] Extracting header 'ethernet'
[14:44:56.685] [bmv2] [D] [thread 27128] [4.0] [cxt 0] Parser state 'start': key is 1234
[14:44:56.685] [bmv2] [T] [thread 27128] [4.0] [cxt 0] Bytes parsed: 14
[14:44:56.685] [bmv2] [D] [thread 27128] [4.0] [cxt 0] Parser 'parser' entering state 'parse_srcRouting'
[14:44:56.685] [bmv2] [D] [thread 27128] [4.0] [cxt 0] Extracting to header stack 0, next header is 4
[14:44:56.685] [bmv2] [D] [thread 27128] [4.0] [cxt 0] Parser state 'parse_srcRouting': key is 00
[14:44:56.685] [bmv2] [T] [thread 27128] [4.0] [cxt 0] Bytes parsed: 16
[14:44:56.685] [bmv2] [D] [thread 27128] [4.0] [cxt 0] Parser 'parser' entering state 'parse_srcRouting'
[14:44:56.685] [bmv2] [D] [thread 27128] [4.0] [cxt 0] Extracting to header stack 0, next header is 5
[14:44:56.685] [bmv2] [D] [thread 27128] [4.0] [cxt 0] Parser state 'parse_srcRouting': key is 00
[14:44:56.685] [bmv2] [T] [thread 27128] [4.0] [cxt 0] Bytes parsed: 18
[14:44:56.685] [bmv2] [D] [thread 27128] [4.0] [cxt 0] Parser 'parser' entering state 'parse_srcRouting'
[14:44:56.685] [bmv2] [D] [thread 27128] [4.0] [cxt 0] Extracting to header stack 0, next header is 6
[14:44:56.685] [bmv2] [D] [thread 27128] [4.0] [cxt 0] Parser state 'parse_srcRouting': key is 01
[14:44:56.685] [bmv2] [T] [thread 27128] [4.0] [cxt 0] Bytes parsed: 20
[14:44:56.685] [bmv2] [D] [thread 27128] [4.0] [cxt 0] Parser 'parser' entering state 'parse_ipv4'
[14:44:56.685] [bmv2] [D] [thread 27128] [4.0] [cxt 0] Extracting header 'ipv4'
[14:44:56.685] [bmv2] [D] [thread 27128] [4.0] [cxt 0] Parser state 'parse_ipv4' has no switch, going to default next state
[14:44:56.685] [bmv2] [T] [thread 27128] [4.0] [cxt 0] Bytes parsed: 40
[14:44:56.685] [bmv2] [D] [thread 27128] [4.0] [cxt 0] Checksum 'cksum_0': computed 0x2ef3 - actual 0x2ef3
[14:44:56.685] [bmv2] [D] [thread 27128] [4.0] [cxt 0] Verified checksum 'cksum_0': passed
[14:44:56.685] [bmv2] [D] [thread 27128] [4.0] [cxt 0] Parser 'parser': end
[14:44:56.685] [bmv2] [D] [thread 27128] [4.0] [cxt 0] Pipeline 'ingress': start
[14:44:56.685] [bmv2] [T] [thread 27128] [4.0] [cxt 0] /home/parallels/Desktop/minicode/p4-10-srcRoutingPlus/srcRoutePlus.p4(173) Condition "hdr.ethernet.etherType == TYPE_IPV4 && meta.num == 0" (node_2) is false
[14:44:56.685] [bmv2] [T] [thread 27128] [4.0] [cxt 0] /home/parallels/Desktop/minicode/p4-10-srcRoutingPlus/srcRoutePlus.p4(177) Condition "meta.num != (bit<4>)0" (node_4) is false
[14:44:56.685] [bmv2] [T] [thread 27128] [4.0] [cxt 0] /home/parallels/Desktop/minicode/p4-10-srcRoutingPlus/srcRoutePlus.p4(279) Condition "hdr.srcRoutes[0].isValid()" (node_58) is true
[14:44:56.685] [bmv2] [T] [thread 27128] [4.0] [cxt 0] /home/parallels/Desktop/minicode/p4-10-srcRoutingPlus/srcRoutePlus.p4(280) Condition "hdr.srcRoutes[0].bos == 1" (node_59) is false
[14:44:56.685] [bmv2] [T] [thread 27128] [4.0] [cxt 0] Applying table 'tbl_srcRoute_nhop'
[14:44:56.685] [bmv2] [D] [thread 27128] [4.0] [cxt 0] Looking up key:

[14:44:56.685] [bmv2] [D] [thread 27128] [4.0] [cxt 0] Table 'tbl_srcRoute_nhop': miss
[14:44:56.685] [bmv2] [D] [thread 27128] [4.0] [cxt 0] Action entry is ingress.srcRoute_nhop - 
[14:44:56.685] [bmv2] [T] [thread 27128] [4.0] [cxt 0] Action ingress.srcRoute_nhop
[14:44:56.685] [bmv2] [T] [thread 27128] [4.0] [cxt 0] /home/parallels/Desktop/minicode/p4-10-srcRoutingPlus/srcRoutePlus.p4(113) Primitive standard_metadata.egress_spec = (bit<9>) hdr.srcRoutes[0].port
[14:44:56.685] [bmv2] [T] [thread 27128] [4.0] [cxt 0] /home/parallels/Desktop/minicode/p4-10-srcRoutingPlus/srcRoutePlus.p4(114) Primitive hdr.srcRoutes.pop_front(1)
[14:44:56.685] [bmv2] [T] [thread 27128] [4.0] [cxt 0] /home/parallels/Desktop/minicode/p4-10-srcRoutingPlus/srcRoutePlus.p4(284) Condition "hdr.ipv4.isValid()" (node_62) is true
[14:44:56.685] [bmv2] [T] [thread 27128] [4.0] [cxt 0] Applying table 'tbl_update_ttl'
[14:44:56.685] [bmv2] [D] [thread 27128] [4.0] [cxt 0] Looking up key:

[14:44:56.685] [bmv2] [D] [thread 27128] [4.0] [cxt 0] Table 'tbl_update_ttl': miss
[14:44:56.685] [bmv2] [D] [thread 27128] [4.0] [cxt 0] Action entry is ingress.update_ttl - 
[14:44:56.685] [bmv2] [T] [thread 27128] [4.0] [cxt 0] Action ingress.update_ttl
[14:44:56.685] [bmv2] [T] [thread 27128] [4.0] [cxt 0] /home/parallels/Desktop/minicode/p4-10-srcRoutingPlus/srcRoutePlus.p4(122) Primitive hdr.ipv4.ttl = hdr.ipv4.ttl - 1
[14:44:56.685] [bmv2] [D] [thread 27128] [4.0] [cxt 0] Pipeline 'ingress': end
[14:44:56.685] [bmv2] [D] [thread 27128] [4.0] [cxt 0] Egress port is 2
[14:44:56.685] [bmv2] [D] [thread 27131] [4.0] [cxt 0] Pipeline 'egress': start
[14:44:56.685] [bmv2] [T] [thread 27131] [4.0] [cxt 0] Applying table 'egress.ipv4_final'
[14:44:56.685] [bmv2] [D] [thread 27131] [4.0] [cxt 0] Looking up key:
* hdr.ipv4.dstAddr    : 0a000201

[14:44:56.685] [bmv2] [D] [thread 27131] [4.0] [cxt 0] Table 'egress.ipv4_final': miss
[14:44:56.685] [bmv2] [D] [thread 27131] [4.0] [cxt 0] Action entry is NoAction - 
[14:44:56.685] [bmv2] [T] [thread 27131] [4.0] [cxt 0] Action NoAction
[14:44:56.685] [bmv2] [D] [thread 27131] [4.0] [cxt 0] Pipeline 'egress': end
[14:44:56.685] [bmv2] [D] [thread 27131] [4.0] [cxt 0] Deparser 'deparser': start
[14:44:56.685] [bmv2] [D] [thread 27131] [4.0] [cxt 0] Updating checksum 'cksum'
[14:44:56.685] [bmv2] [D] [thread 27131] [4.0] [cxt 0] Deparsing header 'ethernet'
[14:44:56.685] [bmv2] [D] [thread 27131] [4.0] [cxt 0] Deparsing header 'srcRoutes[0]'
[14:44:56.685] [bmv2] [D] [thread 27131] [4.0] [cxt 0] Deparsing header 'srcRoutes[1]'
[14:44:56.685] [bmv2] [D] [thread 27131] [4.0] [cxt 0] Deparsing header 'ipv4'
[14:44:56.685] [bmv2] [D] [thread 27131] [4.0] [cxt 0] Deparser 'deparser': end
[14:44:56.685] [bmv2] [D] [thread 27133] [4.0] [cxt 0] Transmitting packet of size 102 out of port 2
[14:44:57.692] [bmv2] [D] [thread 27128] [5.0] [cxt 0] Processing packet received on port 1
[14:44:57.692] [bmv2] [D] [thread 27128] [5.0] [cxt 0] Parser 'parser': start
[14:44:57.692] [bmv2] [D] [thread 27128] [5.0] [cxt 0] Parser 'parser' entering state 'start'
[14:44:57.692] [bmv2] [D] [thread 27128] [5.0] [cxt 0] Extracting header 'ethernet'
[14:44:57.692] [bmv2] [D] [thread 27128] [5.0] [cxt 0] Parser state 'start': key is 1234
[14:44:57.692] [bmv2] [T] [thread 27128] [5.0] [cxt 0] Bytes parsed: 14
[14:44:57.692] [bmv2] [D] [thread 27128] [5.0] [cxt 0] Parser 'parser' entering state 'parse_srcRouting'
[14:44:57.692] [bmv2] [D] [thread 27128] [5.0] [cxt 0] Extracting to header stack 0, next header is 4
[14:44:57.692] [bmv2] [D] [thread 27128] [5.0] [cxt 0] Parser state 'parse_srcRouting': key is 00
[14:44:57.692] [bmv2] [T] [thread 27128] [5.0] [cxt 0] Bytes parsed: 16
[14:44:57.692] [bmv2] [D] [thread 27128] [5.0] [cxt 0] Parser 'parser' entering state 'parse_srcRouting'
[14:44:57.692] [bmv2] [D] [thread 27128] [5.0] [cxt 0] Extracting to header stack 0, next header is 5
[14:44:57.692] [bmv2] [D] [thread 27128] [5.0] [cxt 0] Parser state 'parse_srcRouting': key is 00
[14:44:57.692] [bmv2] [T] [thread 27128] [5.0] [cxt 0] Bytes parsed: 18
[14:44:57.692] [bmv2] [D] [thread 27128] [5.0] [cxt 0] Parser 'parser' entering state 'parse_srcRouting'
[14:44:57.692] [bmv2] [D] [thread 27128] [5.0] [cxt 0] Extracting to header stack 0, next header is 6
[14:44:57.692] [bmv2] [D] [thread 27128] [5.0] [cxt 0] Parser state 'parse_srcRouting': key is 01
[14:44:57.692] [bmv2] [T] [thread 27128] [5.0] [cxt 0] Bytes parsed: 20
[14:44:57.692] [bmv2] [D] [thread 27128] [5.0] [cxt 0] Parser 'parser' entering state 'parse_ipv4'
[14:44:57.692] [bmv2] [D] [thread 27128] [5.0] [cxt 0] Extracting header 'ipv4'
[14:44:57.692] [bmv2] [D] [thread 27128] [5.0] [cxt 0] Parser state 'parse_ipv4' has no switch, going to default next state
[14:44:57.692] [bmv2] [T] [thread 27128] [5.0] [cxt 0] Bytes parsed: 40
[14:44:57.692] [bmv2] [D] [thread 27128] [5.0] [cxt 0] Checksum 'cksum_0': computed 0x2e27 - actual 0x2e27
[14:44:57.692] [bmv2] [D] [thread 27128] [5.0] [cxt 0] Verified checksum 'cksum_0': passed
[14:44:57.692] [bmv2] [D] [thread 27128] [5.0] [cxt 0] Parser 'parser': end
[14:44:57.692] [bmv2] [D] [thread 27128] [5.0] [cxt 0] Pipeline 'ingress': start
[14:44:57.692] [bmv2] [T] [thread 27128] [5.0] [cxt 0] /home/parallels/Desktop/minicode/p4-10-srcRoutingPlus/srcRoutePlus.p4(173) Condition "hdr.ethernet.etherType == TYPE_IPV4 && meta.num == 0" (node_2) is false
[14:44:57.692] [bmv2] [T] [thread 27128] [5.0] [cxt 0] /home/parallels/Desktop/minicode/p4-10-srcRoutingPlus/srcRoutePlus.p4(177) Condition "meta.num != (bit<4>)0" (node_4) is false
[14:44:57.692] [bmv2] [T] [thread 27128] [5.0] [cxt 0] /home/parallels/Desktop/minicode/p4-10-srcRoutingPlus/srcRoutePlus.p4(279) Condition "hdr.srcRoutes[0].isValid()" (node_58) is true
[14:44:57.692] [bmv2] [T] [thread 27128] [5.0] [cxt 0] /home/parallels/Desktop/minicode/p4-10-srcRoutingPlus/srcRoutePlus.p4(280) Condition "hdr.srcRoutes[0].bos == 1" (node_59) is false
[14:44:57.692] [bmv2] [T] [thread 27128] [5.0] [cxt 0] Applying table 'tbl_srcRoute_nhop'
[14:44:57.692] [bmv2] [D] [thread 27128] [5.0] [cxt 0] Looking up key:

[14:44:57.692] [bmv2] [D] [thread 27128] [5.0] [cxt 0] Table 'tbl_srcRoute_nhop': miss
[14:44:57.692] [bmv2] [D] [thread 27128] [5.0] [cxt 0] Action entry is ingress.srcRoute_nhop - 
[14:44:57.692] [bmv2] [T] [thread 27128] [5.0] [cxt 0] Action ingress.srcRoute_nhop
[14:44:57.692] [bmv2] [T] [thread 27128] [5.0] [cxt 0] /home/parallels/Desktop/minicode/p4-10-srcRoutingPlus/srcRoutePlus.p4(113) Primitive standard_metadata.egress_spec = (bit<9>) hdr.srcRoutes[0].port
[14:44:57.692] [bmv2] [T] [thread 27128] [5.0] [cxt 0] /home/parallels/Desktop/minicode/p4-10-srcRoutingPlus/srcRoutePlus.p4(114) Primitive hdr.srcRoutes.pop_front(1)
[14:44:57.692] [bmv2] [T] [thread 27128] [5.0] [cxt 0] /home/parallels/Desktop/minicode/p4-10-srcRoutingPlus/srcRoutePlus.p4(284) Condition "hdr.ipv4.isValid()" (node_62) is true
[14:44:57.692] [bmv2] [T] [thread 27128] [5.0] [cxt 0] Applying table 'tbl_update_ttl'
[14:44:57.692] [bmv2] [D] [thread 27128] [5.0] [cxt 0] Looking up key:

[14:44:57.692] [bmv2] [D] [thread 27128] [5.0] [cxt 0] Table 'tbl_update_ttl': miss
[14:44:57.692] [bmv2] [D] [thread 27128] [5.0] [cxt 0] Action entry is ingress.update_ttl - 
[14:44:57.692] [bmv2] [T] [thread 27128] [5.0] [cxt 0] Action ingress.update_ttl
[14:44:57.692] [bmv2] [T] [thread 27128] [5.0] [cxt 0] /home/parallels/Desktop/minicode/p4-10-srcRoutingPlus/srcRoutePlus.p4(122) Primitive hdr.ipv4.ttl = hdr.ipv4.ttl - 1
[14:44:57.692] [bmv2] [D] [thread 27128] [5.0] [cxt 0] Pipeline 'ingress': end
[14:44:57.692] [bmv2] [D] [thread 27128] [5.0] [cxt 0] Egress port is 2
[14:44:57.692] [bmv2] [D] [thread 27131] [5.0] [cxt 0] Pipeline 'egress': start
[14:44:57.692] [bmv2] [T] [thread 27131] [5.0] [cxt 0] Applying table 'egress.ipv4_final'
[14:44:57.692] [bmv2] [D] [thread 27131] [5.0] [cxt 0] Looking up key:
* hdr.ipv4.dstAddr    : 0a000201

[14:44:57.692] [bmv2] [D] [thread 27131] [5.0] [cxt 0] Table 'egress.ipv4_final': miss
[14:44:57.692] [bmv2] [D] [thread 27131] [5.0] [cxt 0] Action entry is NoAction - 
[14:44:57.692] [bmv2] [T] [thread 27131] [5.0] [cxt 0] Action NoAction
[14:44:57.692] [bmv2] [D] [thread 27131] [5.0] [cxt 0] Pipeline 'egress': end
[14:44:57.692] [bmv2] [D] [thread 27131] [5.0] [cxt 0] Deparser 'deparser': start
[14:44:57.692] [bmv2] [D] [thread 27131] [5.0] [cxt 0] Updating checksum 'cksum'
[14:44:57.692] [bmv2] [D] [thread 27131] [5.0] [cxt 0] Deparsing header 'ethernet'
[14:44:57.692] [bmv2] [D] [thread 27131] [5.0] [cxt 0] Deparsing header 'srcRoutes[0]'
[14:44:57.692] [bmv2] [D] [thread 27131] [5.0] [cxt 0] Deparsing header 'srcRoutes[1]'
[14:44:57.692] [bmv2] [D] [thread 27131] [5.0] [cxt 0] Deparsing header 'ipv4'
[14:44:57.692] [bmv2] [D] [thread 27131] [5.0] [cxt 0] Deparser 'deparser': end
[14:44:57.692] [bmv2] [D] [thread 27133] [5.0] [cxt 0] Transmitting packet of size 102 out of port 2
[14:44:58.697] [bmv2] [D] [thread 27128] [6.0] [cxt 0] Processing packet received on port 1
[14:44:58.697] [bmv2] [D] [thread 27128] [6.0] [cxt 0] Parser 'parser': start
[14:44:58.697] [bmv2] [D] [thread 27128] [6.0] [cxt 0] Parser 'parser' entering state 'start'
[14:44:58.697] [bmv2] [D] [thread 27128] [6.0] [cxt 0] Extracting header 'ethernet'
[14:44:58.697] [bmv2] [D] [thread 27128] [6.0] [cxt 0] Parser state 'start': key is 1234
[14:44:58.697] [bmv2] [T] [thread 27128] [6.0] [cxt 0] Bytes parsed: 14
[14:44:58.697] [bmv2] [D] [thread 27128] [6.0] [cxt 0] Parser 'parser' entering state 'parse_srcRouting'
[14:44:58.697] [bmv2] [D] [thread 27128] [6.0] [cxt 0] Extracting to header stack 0, next header is 4
[14:44:58.697] [bmv2] [D] [thread 27128] [6.0] [cxt 0] Parser state 'parse_srcRouting': key is 00
[14:44:58.697] [bmv2] [T] [thread 27128] [6.0] [cxt 0] Bytes parsed: 16
[14:44:58.697] [bmv2] [D] [thread 27128] [6.0] [cxt 0] Parser 'parser' entering state 'parse_srcRouting'
[14:44:58.697] [bmv2] [D] [thread 27128] [6.0] [cxt 0] Extracting to header stack 0, next header is 5
[14:44:58.697] [bmv2] [D] [thread 27128] [6.0] [cxt 0] Parser state 'parse_srcRouting': key is 00
[14:44:58.697] [bmv2] [T] [thread 27128] [6.0] [cxt 0] Bytes parsed: 18
[14:44:58.697] [bmv2] [D] [thread 27128] [6.0] [cxt 0] Parser 'parser' entering state 'parse_srcRouting'
[14:44:58.697] [bmv2] [D] [thread 27128] [6.0] [cxt 0] Extracting to header stack 0, next header is 6
[14:44:58.697] [bmv2] [D] [thread 27128] [6.0] [cxt 0] Parser state 'parse_srcRouting': key is 01
[14:44:58.697] [bmv2] [T] [thread 27128] [6.0] [cxt 0] Bytes parsed: 20
[14:44:58.697] [bmv2] [D] [thread 27128] [6.0] [cxt 0] Parser 'parser' entering state 'parse_ipv4'
[14:44:58.697] [bmv2] [D] [thread 27128] [6.0] [cxt 0] Extracting header 'ipv4'
[14:44:58.697] [bmv2] [D] [thread 27128] [6.0] [cxt 0] Parser state 'parse_ipv4' has no switch, going to default next state
[14:44:58.697] [bmv2] [T] [thread 27128] [6.0] [cxt 0] Bytes parsed: 40
[14:44:58.697] [bmv2] [D] [thread 27128] [6.0] [cxt 0] Checksum 'cksum_0': computed 0x2d3b - actual 0x2d3b
[14:44:58.697] [bmv2] [D] [thread 27128] [6.0] [cxt 0] Verified checksum 'cksum_0': passed
[14:44:58.697] [bmv2] [D] [thread 27128] [6.0] [cxt 0] Parser 'parser': end
[14:44:58.697] [bmv2] [D] [thread 27128] [6.0] [cxt 0] Pipeline 'ingress': start
[14:44:58.697] [bmv2] [T] [thread 27128] [6.0] [cxt 0] /home/parallels/Desktop/minicode/p4-10-srcRoutingPlus/srcRoutePlus.p4(173) Condition "hdr.ethernet.etherType == TYPE_IPV4 && meta.num == 0" (node_2) is false
[14:44:58.697] [bmv2] [T] [thread 27128] [6.0] [cxt 0] /home/parallels/Desktop/minicode/p4-10-srcRoutingPlus/srcRoutePlus.p4(177) Condition "meta.num != (bit<4>)0" (node_4) is false
[14:44:58.697] [bmv2] [T] [thread 27128] [6.0] [cxt 0] /home/parallels/Desktop/minicode/p4-10-srcRoutingPlus/srcRoutePlus.p4(279) Condition "hdr.srcRoutes[0].isValid()" (node_58) is true
[14:44:58.697] [bmv2] [T] [thread 27128] [6.0] [cxt 0] /home/parallels/Desktop/minicode/p4-10-srcRoutingPlus/srcRoutePlus.p4(280) Condition "hdr.srcRoutes[0].bos == 1" (node_59) is false
[14:44:58.697] [bmv2] [T] [thread 27128] [6.0] [cxt 0] Applying table 'tbl_srcRoute_nhop'
[14:44:58.697] [bmv2] [D] [thread 27128] [6.0] [cxt 0] Looking up key:

[14:44:58.697] [bmv2] [D] [thread 27128] [6.0] [cxt 0] Table 'tbl_srcRoute_nhop': miss
[14:44:58.697] [bmv2] [D] [thread 27128] [6.0] [cxt 0] Action entry is ingress.srcRoute_nhop - 
[14:44:58.697] [bmv2] [T] [thread 27128] [6.0] [cxt 0] Action ingress.srcRoute_nhop
[14:44:58.697] [bmv2] [T] [thread 27128] [6.0] [cxt 0] /home/parallels/Desktop/minicode/p4-10-srcRoutingPlus/srcRoutePlus.p4(113) Primitive standard_metadata.egress_spec = (bit<9>) hdr.srcRoutes[0].port
[14:44:58.697] [bmv2] [T] [thread 27128] [6.0] [cxt 0] /home/parallels/Desktop/minicode/p4-10-srcRoutingPlus/srcRoutePlus.p4(114) Primitive hdr.srcRoutes.pop_front(1)
[14:44:58.697] [bmv2] [T] [thread 27128] [6.0] [cxt 0] /home/parallels/Desktop/minicode/p4-10-srcRoutingPlus/srcRoutePlus.p4(284) Condition "hdr.ipv4.isValid()" (node_62) is true
[14:44:58.697] [bmv2] [T] [thread 27128] [6.0] [cxt 0] Applying table 'tbl_update_ttl'
[14:44:58.697] [bmv2] [D] [thread 27128] [6.0] [cxt 0] Looking up key:

[14:44:58.697] [bmv2] [D] [thread 27128] [6.0] [cxt 0] Table 'tbl_update_ttl': miss
[14:44:58.697] [bmv2] [D] [thread 27128] [6.0] [cxt 0] Action entry is ingress.update_ttl - 
[14:44:58.697] [bmv2] [T] [thread 27128] [6.0] [cxt 0] Action ingress.update_ttl
[14:44:58.697] [bmv2] [T] [thread 27128] [6.0] [cxt 0] /home/parallels/Desktop/minicode/p4-10-srcRoutingPlus/srcRoutePlus.p4(122) Primitive hdr.ipv4.ttl = hdr.ipv4.ttl - 1
[14:44:58.697] [bmv2] [D] [thread 27128] [6.0] [cxt 0] Pipeline 'ingress': end
[14:44:58.697] [bmv2] [D] [thread 27128] [6.0] [cxt 0] Egress port is 2
[14:44:58.697] [bmv2] [D] [thread 27131] [6.0] [cxt 0] Pipeline 'egress': start
[14:44:58.697] [bmv2] [T] [thread 27131] [6.0] [cxt 0] Applying table 'egress.ipv4_final'
[14:44:58.697] [bmv2] [D] [thread 27131] [6.0] [cxt 0] Looking up key:
* hdr.ipv4.dstAddr    : 0a000201

[14:44:58.697] [bmv2] [D] [thread 27131] [6.0] [cxt 0] Table 'egress.ipv4_final': miss
[14:44:58.697] [bmv2] [D] [thread 27131] [6.0] [cxt 0] Action entry is NoAction - 
[14:44:58.697] [bmv2] [T] [thread 27131] [6.0] [cxt 0] Action NoAction
[14:44:58.697] [bmv2] [D] [thread 27131] [6.0] [cxt 0] Pipeline 'egress': end
[14:44:58.697] [bmv2] [D] [thread 27131] [6.0] [cxt 0] Deparser 'deparser': start
[14:44:58.697] [bmv2] [D] [thread 27131] [6.0] [cxt 0] Updating checksum 'cksum'
[14:44:58.697] [bmv2] [D] [thread 27131] [6.0] [cxt 0] Deparsing header 'ethernet'
[14:44:58.697] [bmv2] [D] [thread 27131] [6.0] [cxt 0] Deparsing header 'srcRoutes[0]'
[14:44:58.697] [bmv2] [D] [thread 27131] [6.0] [cxt 0] Deparsing header 'srcRoutes[1]'
[14:44:58.697] [bmv2] [D] [thread 27131] [6.0] [cxt 0] Deparsing header 'ipv4'
[14:44:58.697] [bmv2] [D] [thread 27131] [6.0] [cxt 0] Deparser 'deparser': end
[14:44:58.697] [bmv2] [D] [thread 27133] [6.0] [cxt 0] Transmitting packet of size 102 out of port 2
open: No such file or directory
open: No such file or directory
