Calling target program-options parser
[18:05:17.774] [bmv2] [D] [thread 35900] Set default default entry for table 'MyIngress.ipv4_lpm': MyIngress.drop - 
Adding interface s1-eth1 as port 1
[18:05:17.774] [bmv2] [D] [thread 35900] Adding interface s1-eth1 as port 1
Adding interface s1-eth2 as port 2
[18:05:17.795] [bmv2] [D] [thread 35900] Adding interface s1-eth2 as port 2
Adding interface s1-cpu-eth0 as port 3
[18:05:17.815] [bmv2] [D] [thread 35900] Adding interface s1-cpu-eth0 as port 3
[18:05:17.859] [bmv2] [I] [thread 35900] Starting Thrift server on port 9090
[18:05:17.859] [bmv2] [I] [thread 35900] Thrift server was started
[18:05:17.887] [bmv2] [D] [thread 35909] [0.0] [cxt 0] Processing packet received on port 2
[18:05:17.887] [bmv2] [D] [thread 35909] [0.0] [cxt 0] Parser 'parser': start
[18:05:17.887] [bmv2] [D] [thread 35909] [0.0] [cxt 0] Parser 'parser' entering state 'start'
[18:05:17.887] [bmv2] [D] [thread 35909] [0.0] [cxt 0] Extracting header 'ethernet'
[18:05:17.887] [bmv2] [D] [thread 35909] [0.0] [cxt 0] Parser state 'start': key is 86dd
[18:05:17.887] [bmv2] [T] [thread 35909] [0.0] [cxt 0] Bytes parsed: 14
[18:05:17.887] [bmv2] [D] [thread 35909] [0.0] [cxt 0] Parser 'parser': end
[18:05:17.887] [bmv2] [D] [thread 35909] [0.0] [cxt 0] Pipeline 'ingress': start
[18:05:17.887] [bmv2] [T] [thread 35909] [0.0] [cxt 0] /home/parallels/Desktop/minicode/p4-13-send2cpu/send2cpu.p4(117) Condition "hdr.ipv4.isValid()" (node_2) is false
[18:05:17.887] [bmv2] [D] [thread 35909] [0.0] [cxt 0] Pipeline 'ingress': end
[18:05:17.887] [bmv2] [D] [thread 35909] [0.0] [cxt 0] Egress port is 0
[18:05:17.887] [bmv2] [D] [thread 35910] [0.0] [cxt 0] Pipeline 'egress': start
[18:05:17.887] [bmv2] [D] [thread 35910] [0.0] [cxt 0] Pipeline 'egress': end
[18:05:17.887] [bmv2] [D] [thread 35910] [0.0] [cxt 0] Deparser 'deparser': start
[18:05:17.887] [bmv2] [T] [thread 35910] [0.0] [cxt 0] Skipping checksum 'cksum' update because condition not met
[18:05:17.887] [bmv2] [D] [thread 35910] [0.0] [cxt 0] Deparsing header 'ethernet'
[18:05:17.887] [bmv2] [D] [thread 35910] [0.0] [cxt 0] Deparser 'deparser': end
[18:05:17.887] [bmv2] [D] [thread 35914] [0.0] [cxt 0] Transmitting packet of size 86 out of port 0
[18:05:18.180] [bmv2] [T] [thread 36012] bm_get_config
[18:05:18.181] [bmv2] [T] [thread 36012] bm_set_default_action
[18:05:18.181] [bmv2] [D] [thread 36012] Set default entry for table 'MyIngress.ipv4_lpm': MyIngress.to_cpu - 3,
open: No such file or directory
open: No such file or directory
open: No such file or directory
