Calling target program-options parser
[18:05:17.970] [bmv2] [D] [thread 35929] Set default default entry for table 'MyIngress.ipv4_lpm': MyIngress.drop - 
Adding interface s3-eth1 as port 1
[18:05:17.970] [bmv2] [D] [thread 35929] Adding interface s3-eth1 as port 1
Adding interface s3-eth2 as port 2
[18:05:17.999] [bmv2] [D] [thread 35929] Adding interface s3-eth2 as port 2
Adding interface s3-cpu-eth0 as port 3
[18:05:18.023] [bmv2] [D] [thread 35929] Adding interface s3-cpu-eth0 as port 3
[18:05:18.047] [bmv2] [I] [thread 35929] Starting Thrift server on port 9092
[18:05:18.047] [bmv2] [I] [thread 35929] Thrift server was started
[18:05:18.115] [bmv2] [D] [thread 35935] [0.0] [cxt 0] Processing packet received on port 3
[18:05:18.115] [bmv2] [D] [thread 35935] [0.0] [cxt 0] Parser 'parser': start
[18:05:18.115] [bmv2] [D] [thread 35935] [0.0] [cxt 0] Parser 'parser' entering state 'start'
[18:05:18.115] [bmv2] [D] [thread 35935] [0.0] [cxt 0] Extracting header 'ethernet'
[18:05:18.115] [bmv2] [D] [thread 35935] [0.0] [cxt 0] Parser state 'start': key is 86dd
[18:05:18.115] [bmv2] [T] [thread 35935] [0.0] [cxt 0] Bytes parsed: 14
[18:05:18.115] [bmv2] [D] [thread 35935] [0.0] [cxt 0] Parser 'parser': end
[18:05:18.115] [bmv2] [D] [thread 35935] [0.0] [cxt 0] Pipeline 'ingress': start
[18:05:18.115] [bmv2] [T] [thread 35935] [0.0] [cxt 0] /home/parallels/Desktop/minicode/p4-13-send2cpu/send2cpu.p4(117) Condition "hdr.ipv4.isValid()" (node_2) is false
[18:05:18.115] [bmv2] [D] [thread 35935] [0.0] [cxt 0] Pipeline 'ingress': end
[18:05:18.115] [bmv2] [D] [thread 35935] [0.0] [cxt 0] Egress port is 0
[18:05:18.115] [bmv2] [D] [thread 35936] [0.0] [cxt 0] Pipeline 'egress': start
[18:05:18.115] [bmv2] [D] [thread 35936] [0.0] [cxt 0] Pipeline 'egress': end
[18:05:18.115] [bmv2] [D] [thread 35936] [0.0] [cxt 0] Deparser 'deparser': start
[18:05:18.115] [bmv2] [T] [thread 35936] [0.0] [cxt 0] Skipping checksum 'cksum' update because condition not met
[18:05:18.115] [bmv2] [D] [thread 35936] [0.0] [cxt 0] Deparsing header 'ethernet'
[18:05:18.115] [bmv2] [D] [thread 35936] [0.0] [cxt 0] Deparser 'deparser': end
[18:05:18.115] [bmv2] [D] [thread 35940] [0.0] [cxt 0] Transmitting packet of size 86 out of port 0
[18:05:18.272] [bmv2] [T] [thread 36016] bm_get_config
[18:05:18.273] [bmv2] [T] [thread 36016] bm_set_default_action
[18:05:18.273] [bmv2] [D] [thread 36016] Set default entry for table 'MyIngress.ipv4_lpm': MyIngress.to_cpu - 3,
open: No such file or directory
open: No such file or directory
open: No such file or directory
